{"meta": {"format": 3, "version": "7.13.5", "timestamp": "2026-05-06T20:36:03.931921", "branch_coverage": false, "show_contexts": false}, "files": {"app/__init__.py": {"executed_lines": [8, 9, 10, 11, 14, 69, 86, 101], "summary": {"covered_lines": 8, "num_statements": 63, "percent_covered": 12.698412698412698, "percent_covered_display": "13", "missing_lines": 55, "excluded_lines": 0, "percent_statements_covered": 12.698412698412698, "percent_statements_covered_display": "13"}, "missing_lines": [24, 29, 30, 33, 34, 37, 38, 41, 44, 47, 50, 53, 54, 55, 56, 57, 58, 59, 60, 64, 66, 71, 73, 74, 76, 77, 80, 81, 82, 83, 88, 91, 92, 93, 94, 95, 96, 98, 103, 105, 106, 108, 109, 110, 112, 113, 115, 116, 117, 118, 120, 121, 123, 124, 125], "excluded_lines": [], "functions": {"create_app": {"executed_lines": [], "summary": {"covered_lines": 0, "num_statements": 21, "percent_covered": 0.0, "percent_covered_display": "0", "missing_lines": 21, "excluded_lines": 0, "percent_statements_covered": 0.0, "percent_statements_covered_display": "0"}, "missing_lines": [24, 29, 30, 33, 34, 37, 38, 41, 44, 47, 50, 53, 54, 55, 56, 57, 58, 59, 60, 64, 66], "excluded_lines": [], "start_line": 14}, "configure_logging": {"executed_lines": [], "summary": {"covered_lines": 0, "num_statements": 9, "percent_covered": 0.0, "percent_covered_display": "0", "missing_lines": 9, "excluded_lines": 0, "percent_statements_covered": 0.0, "percent_statements_covered_display": "0"}, "missing_lines": [71, 73, 74, 76, 77, 80, 81, 82, 83], "excluded_lines": [], "start_line": 69}, "register_blueprints": {"executed_lines": [], "summary": {"covered_lines": 0, "num_statements": 8, "percent_covered": 0.0, "percent_covered_display": "0", "missing_lines": 8, "excluded_lines": 0, "percent_statements_covered": 0.0, "percent_statements_covered_display": "0"}, "missing_lines": [88, 91, 92, 93, 94, 95, 96, 98], "excluded_lines": [], "start_line": 86}, "register_error_handlers": {"executed_lines": [], "summary": {"covered_lines": 0, "num_statements": 7, "percent_covered": 0.0, "percent_covered_display": "0", "missing_lines": 7, "excluded_lines": 0, "percent_statements_covered": 0.0, "percent_statements_covered_display": "0"}, "missing_lines": [103, 105, 106, 112, 113, 120, 121], "excluded_lines": [], "start_line": 101}, "register_error_handlers.not_found_error": {"executed_lines": [], "summary": {"covered_lines": 0, "num_statements": 3, "percent_covered": 0.0, "percent_covered_display": "0", "missing_lines": 3, "excluded_lines": 0, "percent_statements_covered": 0.0, "percent_statements_covered_display": "0"}, "missing_lines": [108, 109, 110], "excluded_lines": [], "start_line": 106}, "register_error_handlers.internal_error": {"executed_lines": [], "summary": {"covered_lines": 0, "num_statements": 4, "percent_covered": 0.0, "percent_covered_display": "0", "missing_lines": 4, "excluded_lines": 0, "percent_statements_covered": 0.0, "percent_statements_covered_display": "0"}, "missing_lines": [115, 116, 117, 118], "excluded_lines": [], "start_line": 113}, "register_error_handlers.forbidden_error": {"executed_lines": [], "summary": {"covered_lines": 0, "num_statements": 3, "percent_covered": 0.0, "percent_covered_display": "0", "missing_lines": 3, "excluded_lines": 0, "percent_statements_covered": 0.0, "percent_statements_covered_display": "0"}, "missing_lines": [123, 124, 125], "excluded_lines": [], "start_line": 121}, "": {"executed_lines": [8, 9, 10, 11, 14, 69, 86, 101], "summary": {"covered_lines": 8, "num_statements": 8, "percent_covered": 100.0, "percent_covered_display": "100", "missing_lines": 0, "excluded_lines": 0, "percent_statements_covered": 100.0, "percent_statements_covered_display": "100"}, "missing_lines": [], "excluded_lines": [], "start_line": 1}}, "classes": {"": {"executed_lines": [8, 9, 10, 11, 14, 69, 86, 101], "summary": {"covered_lines": 8, "num_statements": 63, "percent_covered": 12.698412698412698, "percent_covered_display": "13", "missing_lines": 55, "excluded_lines": 0, "percent_statements_covered": 12.698412698412698, "percent_statements_covered_display": "13"}, "missing_lines": [24, 29, 30, 33, 34, 37, 38, 41, 44, 47, 50, 53, 54, 55, 56, 57, 58, 59, 60, 64, 66, 71, 73, 74, 76, 77, 80, 81, 82, 83, 88, 91, 92, 93, 94, 95, 96, 98, 103, 105, 106, 108, 109, 110, 112, 113, 115, 116, 117, 118, 120, 121, 123, 124, 125], "excluded_lines": [], "start_line": 1}}}, "app/config.py": {"executed_lines": [], "summary": {"covered_lines": 0, "num_statements": 47, "percent_covered": 0.0, "percent_covered_display": "0", "missing_lines": 47, "excluded_lines": 0, "percent_statements_covered": 0.0, "percent_statements_covered_display": "0"}, "missing_lines": [7, 8, 11, 15, 18, 19, 20, 21, 24, 25, 26, 29, 30, 33, 34, 35, 38, 39, 42, 43, 46, 47, 50, 51, 54, 55, 58, 61, 62, 65, 68, 71, 74, 75, 78, 81, 84, 85, 86, 89, 92, 95, 96, 99, 102, 105, 109], "excluded_lines": [], "functions": {"": {"executed_lines": [], "summary": {"covered_lines": 0, "num_statements": 47, "percent_covered": 0.0, "percent_covered_display": "0", "missing_lines": 47, "excluded_lines": 0, "percent_statements_covered": 0.0, "percent_statements_covered_display": "0"}, "missing_lines": [7, 8, 11, 15, 18, 19, 20, 21, 24, 25, 26, 29, 30, 33, 34, 35, 38, 39, 42, 43, 46, 47, 50, 51, 54, 55, 58, 61, 62, 65, 68, 71, 74, 75, 78, 81, 84, 85, 86, 89, 92, 95, 96, 99, 102, 105, 109], "excluded_lines": [], "start_line": 1}}, "classes": {"Config": {"executed_lines": [], "summary": {"covered_lines": 0, "num_statements": 0, "percent_covered": 100.0, "percent_covered_display": "100", "missing_lines": 0, "excluded_lines": 0, "percent_statements_covered": 100.0, "percent_statements_covered_display": "100"}, "missing_lines": [], "excluded_lines": [], "start_line": 11}, "DevelopmentConfig": {"executed_lines": [], "summary": {"covered_lines": 0, "num_statements": 0, "percent_covered": 100.0, "percent_covered_display": "100", "missing_lines": 0, "excluded_lines": 0, "percent_statements_covered": 100.0, "percent_statements_covered_display": "100"}, "missing_lines": [], "excluded_lines": [], "start_line": 58}, "ProductionConfig": {"executed_lines": [], "summary": {"covered_lines": 0, "num_statements": 0, "percent_covered": 100.0, "percent_covered_display": "100", "missing_lines": 0, "excluded_lines": 0, "percent_statements_covered": 100.0, "percent_statements_covered_display": "100"}, "missing_lines": [], "excluded_lines": [], "start_line": 71}, "TestingConfig": {"executed_lines": [], "summary": {"covered_lines": 0, "num_statements": 0, "percent_covered": 100.0, "percent_covered_display": "100", "missing_lines": 0, "excluded_lines": 0, "percent_statements_covered": 100.0, "percent_statements_covered_display": "100"}, "missing_lines": [], "excluded_lines": [], "start_line": 92}, "": {"executed_lines": [], "summary": {"covered_lines": 0, "num_statements": 47, "percent_covered": 0.0, "percent_covered_display": "0", "missing_lines": 47, "excluded_lines": 0, "percent_statements_covered": 0.0, "percent_statements_covered_display": "0"}, "missing_lines": [7, 8, 11, 15, 18, 19, 20, 21, 24, 25, 26, 29, 30, 33, 34, 35, 38, 39, 42, 43, 46, 47, 50, 51, 54, 55, 58, 61, 62, 65, 68, 71, 74, 75, 78, 81, 84, 85, 86, 89, 92, 95, 96, 99, 102, 105, 109], "excluded_lines": [], "start_line": 1}}}, "app/models/__init__.py": {"executed_lines": [16, 17, 18, 19, 20, 21, 22, 24], "summary": {"covered_lines": 8, "num_statements": 8, "percent_covered": 100.0, "percent_covered_display": "100", "missing_lines": 0, "excluded_lines": 0, "percent_statements_covered": 100.0, "percent_statements_covered_display": "100"}, "missing_lines": [], "excluded_lines": [], "functions": {"": {"executed_lines": [16, 17, 18, 19, 20, 21, 22, 24], "summary": {"covered_lines": 8, "num_statements": 8, "percent_covered": 100.0, "percent_covered_display": "100", "missing_lines": 0, "excluded_lines": 0, "percent_statements_covered": 100.0, "percent_statements_covered_display": "100"}, "missing_lines": [], "excluded_lines": [], "start_line": 1}}, "classes": {"": {"executed_lines": [16, 17, 18, 19, 20, 21, 22, 24], "summary": {"covered_lines": 8, "num_statements": 8, "percent_covered": 100.0, "percent_covered_display": "100", "missing_lines": 0, "excluded_lines": 0, "percent_statements_covered": 100.0, "percent_statements_covered_display": "100"}, "missing_lines": [], "excluded_lines": [], "start_line": 1}}}, "app/models/analysis.py": {"executed_lines": [8, 9, 12, 22, 24, 27, 28, 29, 32, 33, 34, 37, 38, 39, 40, 41, 42, 45, 46, 47, 50, 53, 54, 56, 59, 87, 88, 92, 93], "summary": {"covered_lines": 29, "num_statements": 37, "percent_covered": 78.37837837837837, "percent_covered_display": "78", "missing_lines": 8, "excluded_lines": 0, "percent_statements_covered": 78.37837837837837, "percent_statements_covered_display": "78"}, "missing_lines": [57, 61, 90, 103, 104, 105, 107, 108], "excluded_lines": [], "functions": {"AnalysisSnapshot.__repr__": {"executed_lines": [], "summary": {"covered_lines": 0, "num_statements": 1, "percent_covered": 0.0, "percent_covered_display": "0", "missing_lines": 1, "excluded_lines": 0, "percent_statements_covered": 0.0, "percent_statements_covered_display": "0"}, "missing_lines": [57], "excluded_lines": [], "start_line": 56}, "AnalysisSnapshot.to_dict": {"executed_lines": [], "summary": {"covered_lines": 0, "num_statements": 1, "percent_covered": 0.0, "percent_covered_display": "0", "missing_lines": 1, "excluded_lines": 0, "percent_statements_covered": 0.0, "percent_statements_covered_display": "0"}, "missing_lines": [61], "excluded_lines": [], "start_line": 59}, "AnalysisSnapshot.get_latest": {"executed_lines": [], "summary": {"covered_lines": 0, "num_statements": 1, "percent_covered": 0.0, "percent_covered_display": "0", "missing_lines": 1, "excluded_lines": 0, "percent_statements_covered": 0.0, "percent_statements_covered_display": "0"}, "missing_lines": [90], "excluded_lines": [], "start_line": 88}, "AnalysisSnapshot.is_stale": {"executed_lines": [], "summary": {"covered_lines": 0, "num_statements": 5, "percent_covered": 0.0, "percent_covered_display": "0", "missing_lines": 5, "excluded_lines": 0, "percent_statements_covered": 0.0, "percent_statements_covered_display": "0"}, "missing_lines": [103, 104, 105, 107, 108], "excluded_lines": [], "start_line": 93}, "": {"executed_lines": [8, 9, 12, 22, 24, 27, 28, 29, 32, 33, 34, 37, 38, 39, 40, 41, 42, 45, 46, 47, 50, 53, 54, 56, 59, 87, 88, 92, 93], "summary": {"covered_lines": 29, "num_statements": 29, "percent_covered": 100.0, "percent_covered_display": "100", "missing_lines": 0, "excluded_lines": 0, "percent_statements_covered": 100.0, "percent_statements_covered_display": "100"}, "missing_lines": [], "excluded_lines": [], "start_line": 1}}, "classes": {"AnalysisSnapshot": {"executed_lines": [], "summary": {"covered_lines": 0, "num_statements": 8, "percent_covered": 0.0, "percent_covered_display": "0", "missing_lines": 8, "excluded_lines": 0, "percent_statements_covered": 0.0, "percent_statements_covered_display": "0"}, "missing_lines": [57, 61, 90, 103, 104, 105, 107, 108], "excluded_lines": [], "start_line": 12}, "": {"executed_lines": [8, 9, 12, 22, 24, 27, 28, 29, 32, 33, 34, 37, 38, 39, 40, 41, 42, 45, 46, 47, 50, 53, 54, 56, 59, 87, 88, 92, 93], "summary": {"covered_lines": 29, "num_statements": 29, "percent_covered": 100.0, "percent_covered_display": "100", "missing_lines": 0, "excluded_lines": 0, "percent_statements_covered": 100.0, "percent_statements_covered_display": "100"}, "missing_lines": [], "excluded_lines": [], "start_line": 1}}}, "app/models/base.py": {"executed_lines": [7, 8, 9, 10, 13, 21, 24, 26, 30, 33, 35, 36, 39, 56], "summary": {"covered_lines": 14, "num_statements": 22, "percent_covered": 63.63636363636363, "percent_covered_display": "64", "missing_lines": 8, "excluded_lines": 0, "percent_statements_covered": 63.63636363636363, "percent_statements_covered_display": "64"}, "missing_lines": [46, 48, 50, 53, 65, 66, 67, 68], "excluded_lines": [], "functions": {"init_db": {"executed_lines": [], "summary": {"covered_lines": 0, "num_statements": 4, "percent_covered": 0.0, "percent_covered_display": "0", "missing_lines": 4, "excluded_lines": 0, "percent_statements_covered": 0.0, "percent_statements_covered_display": "0"}, "missing_lines": [46, 48, 50, 53], "excluded_lines": [], "start_line": 39}, "reset_db": {"executed_lines": [], "summary": {"covered_lines": 0, "num_statements": 4, "percent_covered": 0.0, "percent_covered_display": "0", "missing_lines": 4, "excluded_lines": 0, "percent_statements_covered": 0.0, "percent_statements_covered_display": "0"}, "missing_lines": [65, 66, 67, 68], "excluded_lines": [], "start_line": 56}, "": {"executed_lines": [7, 8, 9, 10, 13, 21, 24, 26, 30, 33, 35, 36, 39, 56], "summary": {"covered_lines": 14, "num_statements": 14, "percent_covered": 100.0, "percent_covered_display": "100", "missing_lines": 0, "excluded_lines": 0, "percent_statements_covered": 100.0, "percent_statements_covered_display": "100"}, "missing_lines": [], "excluded_lines": [], "start_line": 1}}, "classes": {"Base": {"executed_lines": [], "summary": {"covered_lines": 0, "num_statements": 0, "percent_covered": 100.0, "percent_covered_display": "100", "missing_lines": 0, "excluded_lines": 0, "percent_statements_covered": 100.0, "percent_statements_covered_display": "100"}, "missing_lines": [], "excluded_lines": [], "start_line": 24}, "TimestampMixin": {"executed_lines": [], "summary": {"covered_lines": 0, "num_statements": 0, "percent_covered": 100.0, "percent_covered_display": "100", "missing_lines": 0, "excluded_lines": 0, "percent_statements_covered": 100.0, "percent_statements_covered_display": "100"}, "missing_lines": [], "excluded_lines": [], "start_line": 33}, "": {"executed_lines": [7, 8, 9, 10, 13, 21, 24, 26, 30, 33, 35, 36, 39, 56], "summary": {"covered_lines": 14, "num_statements": 22, "percent_covered": 63.63636363636363, "percent_covered_display": "64", "missing_lines": 8, "excluded_lines": 0, "percent_statements_covered": 63.63636363636363, "percent_statements_covered_display": "64"}, "missing_lines": [46, 48, 50, 53, 65, 66, 67, 68], "excluded_lines": [], "start_line": 1}}}, "app/models/favorites.py": {"executed_lines": [7, 8, 11, 18, 20, 21, 22, 23, 24, 26, 29], "summary": {"covered_lines": 11, "num_statements": 13, "percent_covered": 84.61538461538461, "percent_covered_display": "85", "missing_lines": 2, "excluded_lines": 0, "percent_statements_covered": 84.61538461538461, "percent_statements_covered_display": "85"}, "missing_lines": [27, 31], "excluded_lines": [], "functions": {"FavoriteRoute.__repr__": {"executed_lines": [], "summary": {"covered_lines": 0, "num_statements": 1, "percent_covered": 0.0, "percent_covered_display": "0", "missing_lines": 1, "excluded_lines": 0, "percent_statements_covered": 0.0, "percent_statements_covered_display": "0"}, "missing_lines": [27], "excluded_lines": [], "start_line": 26}, "FavoriteRoute.to_dict": {"executed_lines": [], "summary": {"covered_lines": 0, "num_statements": 1, "percent_covered": 0.0, "percent_covered_display": "0", "missing_lines": 1, "excluded_lines": 0, "percent_statements_covered": 0.0, "percent_statements_covered_display": "0"}, "missing_lines": [31], "excluded_lines": [], "start_line": 29}, "": {"executed_lines": [7, 8, 11, 18, 20, 21, 22, 23, 24, 26, 29], "summary": {"covered_lines": 11, "num_statements": 11, "percent_covered": 100.0, "percent_covered_display": "100", "missing_lines": 0, "excluded_lines": 0, "percent_statements_covered": 100.0, "percent_statements_covered_display": "100"}, "missing_lines": [], "excluded_lines": [], "start_line": 1}}, "classes": {"FavoriteRoute": {"executed_lines": [], "summary": {"covered_lines": 0, "num_statements": 2, "percent_covered": 0.0, "percent_covered_display": "0", "missing_lines": 2, "excluded_lines": 0, "percent_statements_covered": 0.0, "percent_statements_covered_display": "0"}, "missing_lines": [27, 31], "excluded_lines": [], "start_line": 11}, "": {"executed_lines": [7, 8, 11, 18, 20, 21, 22, 23, 24, 26, 29], "summary": {"covered_lines": 11, "num_statements": 11, "percent_covered": 100.0, "percent_covered_display": "100", "missing_lines": 0, "excluded_lines": 0, "percent_statements_covered": 100.0, "percent_statements_covered_display": "100"}, "missing_lines": [], "excluded_lines": [], "start_line": 1}}}, "app/models/jobs.py": {"executed_lines": [7, 8, 11, 18, 20, 23, 24, 25, 28, 29, 32, 33, 34, 35, 38, 39, 40, 43, 44, 46, 49, 71, 77, 93, 110, 126, 134, 135, 167, 168, 189, 190], "summary": {"covered_lines": 32, "num_statements": 87, "percent_covered": 36.7816091954023, "percent_covered_display": "37", "missing_lines": 55, "excluded_lines": 0, "percent_statements_covered": 36.7816091954023, "percent_statements_covered_display": "37"}, "missing_lines": [47, 51, 52, 73, 74, 75, 85, 86, 87, 88, 89, 90, 91, 100, 101, 102, 103, 104, 105, 106, 107, 108, 118, 119, 120, 121, 122, 123, 124, 128, 129, 130, 131, 132, 148, 149, 151, 153, 162, 163, 165, 180, 182, 183, 184, 185, 187, 200, 201, 203, 204, 206, 207, 209, 210], "excluded_lines": [], "functions": {"JobHistory.__repr__": {"executed_lines": [], "summary": {"covered_lines": 0, "num_statements": 1, "percent_covered": 0.0, "percent_covered_display": "0", "missing_lines": 1, "excluded_lines": 0, "percent_statements_covered": 0.0, "percent_statements_covered_display": "0"}, "missing_lines": [47], "excluded_lines": [], "start_line": 46}, "JobHistory.to_dict": {"executed_lines": [], "summary": {"covered_lines": 0, "num_statements": 2, "percent_covered": 0.0, "percent_covered_display": "0", "missing_lines": 2, "excluded_lines": 0, "percent_statements_covered": 0.0, "percent_statements_covered_display": "0"}, "missing_lines": [51, 52], "excluded_lines": [], "start_line": 49}, "JobHistory.start": {"executed_lines": [], "summary": {"covered_lines": 0, "num_statements": 3, "percent_covered": 0.0, "percent_covered_display": "0", "missing_lines": 3, "excluded_lines": 0, "percent_statements_covered": 0.0, "percent_statements_covered_display": "0"}, "missing_lines": [73, 74, 75], "excluded_lines": [], "start_line": 71}, "JobHistory.update_progress": {"executed_lines": [], "summary": {"covered_lines": 0, "num_statements": 7, "percent_covered": 0.0, "percent_covered_display": "0", "missing_lines": 7, "excluded_lines": 0, "percent_statements_covered": 0.0, "percent_statements_covered_display": "0"}, "missing_lines": [85, 86, 87, 88, 89, 90, 91], "excluded_lines": [], "start_line": 77}, "JobHistory.complete": {"executed_lines": [], "summary": {"covered_lines": 0, "num_statements": 9, "percent_covered": 0.0, "percent_covered_display": "0", "missing_lines": 9, "excluded_lines": 0, "percent_statements_covered": 0.0, "percent_statements_covered_display": "0"}, "missing_lines": [100, 101, 102, 103, 104, 105, 106, 107, 108], "excluded_lines": [], "start_line": 93}, "JobHistory.fail": {"executed_lines": [], "summary": {"covered_lines": 0, "num_statements": 7, "percent_covered": 0.0, "percent_covered_display": "0", "missing_lines": 7, "excluded_lines": 0, "percent_statements_covered": 0.0, "percent_statements_covered_display": "0"}, "missing_lines": [118, 119, 120, 121, 122, 123, 124], "excluded_lines": [], "start_line": 110}, "JobHistory.cancel": {"executed_lines": [], "summary": {"covered_lines": 0, "num_statements": 5, "percent_covered": 0.0, "percent_covered_display": "0", "missing_lines": 5, "excluded_lines": 0, "percent_statements_covered": 0.0, "percent_statements_covered_display": "0"}, "missing_lines": [128, 129, 130, 131, 132], "excluded_lines": [], "start_line": 126}, "JobHistory.create_job": {"executed_lines": [], "summary": {"covered_lines": 0, "num_statements": 7, "percent_covered": 0.0, "percent_covered_display": "0", "missing_lines": 7, "excluded_lines": 0, "percent_statements_covered": 0.0, "percent_statements_covered_display": "0"}, "missing_lines": [148, 149, 151, 153, 162, 163, 165], "excluded_lines": [], "start_line": 135}, "JobHistory.get_recent": {"executed_lines": [], "summary": {"covered_lines": 0, "num_statements": 6, "percent_covered": 0.0, "percent_covered_display": "0", "missing_lines": 6, "excluded_lines": 0, "percent_statements_covered": 0.0, "percent_statements_covered_display": "0"}, "missing_lines": [180, 182, 183, 184, 185, 187], "excluded_lines": [], "start_line": 168}, "JobHistory.cleanup_old": {"executed_lines": [], "summary": {"covered_lines": 0, "num_statements": 8, "percent_covered": 0.0, "percent_covered_display": "0", "missing_lines": 8, "excluded_lines": 0, "percent_statements_covered": 0.0, "percent_statements_covered_display": "0"}, "missing_lines": [200, 201, 203, 204, 206, 207, 209, 210], "excluded_lines": [], "start_line": 190}, "": {"executed_lines": [7, 8, 11, 18, 20, 23, 24, 25, 28, 29, 32, 33, 34, 35, 38, 39, 40, 43, 44, 46, 49, 71, 77, 93, 110, 126, 134, 135, 167, 168, 189, 190], "summary": {"covered_lines": 32, "num_statements": 32, "percent_covered": 100.0, "percent_covered_display": "100", "missing_lines": 0, "excluded_lines": 0, "percent_statements_covered": 100.0, "percent_statements_covered_display": "100"}, "missing_lines": [], "excluded_lines": [], "start_line": 1}}, "classes": {"JobHistory": {"executed_lines": [], "summary": {"covered_lines": 0, "num_statements": 55, "percent_covered": 0.0, "percent_covered_display": "0", "missing_lines": 55, "excluded_lines": 0, "percent_statements_covered": 0.0, "percent_statements_covered_display": "0"}, "missing_lines": [47, 51, 52, 73, 74, 75, 85, 86, 87, 88, 89, 90, 91, 100, 101, 102, 103, 104, 105, 106, 107, 108, 118, 119, 120, 121, 122, 123, 124, 128, 129, 130, 131, 132, 148, 149, 151, 153, 162, 163, 165, 180, 182, 183, 184, 185, 187, 200, 201, 203, 204, 206, 207, 209, 210], "excluded_lines": [], "start_line": 11}, "": {"executed_lines": [7, 8, 11, 18, 20, 23, 24, 25, 28, 29, 32, 33, 34, 35, 38, 39, 40, 43, 44, 46, 49, 71, 77, 93, 110, 126, 134, 135, 167, 168, 189, 190], "summary": {"covered_lines": 32, "num_statements": 32, "percent_covered": 100.0, "percent_covered_display": "100", "missing_lines": 0, "excluded_lines": 0, "percent_statements_covered": 100.0, "percent_statements_covered_display": "100"}, "missing_lines": [], "excluded_lines": [], "start_line": 1}}}, "app/models/preferences.py": {"executed_lines": [7, 10, 17, 19, 22, 23, 24, 27, 30, 34, 37, 50, 51, 69, 70, 102, 103, 117, 118], "summary": {"covered_lines": 19, "num_statements": 46, "percent_covered": 41.30434782608695, "percent_covered_display": "41", "missing_lines": 27, "excluded_lines": 0, "percent_statements_covered": 41.30434782608695, "percent_statements_covered_display": "41"}, "missing_lines": [35, 39, 40, 63, 64, 65, 66, 67, 83, 84, 86, 87, 88, 89, 91, 97, 99, 100, 113, 114, 115, 120, 151, 152, 153, 154, 155], "excluded_lines": [], "functions": {"UserPreference.__repr__": {"executed_lines": [], "summary": {"covered_lines": 0, "num_statements": 1, "percent_covered": 0.0, "percent_covered_display": "0", "missing_lines": 1, "excluded_lines": 0, "percent_statements_covered": 0.0, "percent_statements_covered_display": "0"}, "missing_lines": [35], "excluded_lines": [], "start_line": 34}, "UserPreference.to_dict": {"executed_lines": [], "summary": {"covered_lines": 0, "num_statements": 2, "percent_covered": 0.0, "percent_covered_display": "0", "missing_lines": 2, "excluded_lines": 0, "percent_statements_covered": 0.0, "percent_statements_covered_display": "0"}, "missing_lines": [39, 40], "excluded_lines": [], "start_line": 37}, "UserPreference.get": {"executed_lines": [], "summary": {"covered_lines": 0, "num_statements": 5, "percent_covered": 0.0, "percent_covered_display": "0", "missing_lines": 5, "excluded_lines": 0, "percent_statements_covered": 0.0, "percent_statements_covered_display": "0"}, "missing_lines": [63, 64, 65, 66, 67], "excluded_lines": [], "start_line": 51}, "UserPreference.set": {"executed_lines": [], "summary": {"covered_lines": 0, "num_statements": 10, "percent_covered": 0.0, "percent_covered_display": "0", "missing_lines": 10, "excluded_lines": 0, "percent_statements_covered": 0.0, "percent_statements_covered_display": "0"}, "missing_lines": [83, 84, 86, 87, 88, 89, 91, 97, 99, 100], "excluded_lines": [], "start_line": 70}, "UserPreference.get_category": {"executed_lines": [], "summary": {"covered_lines": 0, "num_statements": 3, "percent_covered": 0.0, "percent_covered_display": "0", "missing_lines": 3, "excluded_lines": 0, "percent_statements_covered": 0.0, "percent_statements_covered_display": "0"}, "missing_lines": [113, 114, 115], "excluded_lines": [], "start_line": 103}, "UserPreference.set_defaults": {"executed_lines": [], "summary": {"covered_lines": 0, "num_statements": 6, "percent_covered": 0.0, "percent_covered_display": "0", "missing_lines": 6, "excluded_lines": 0, "percent_statements_covered": 0.0, "percent_statements_covered_display": "0"}, "missing_lines": [120, 151, 152, 153, 154, 155], "excluded_lines": [], "start_line": 118}, "": {"executed_lines": [7, 10, 17, 19, 22, 23, 24, 27, 30, 34, 37, 50, 51, 69, 70, 102, 103, 117, 118], "summary": {"covered_lines": 19, "num_statements": 19, "percent_covered": 100.0, "percent_covered_display": "100", "missing_lines": 0, "excluded_lines": 0, "percent_statements_covered": 100.0, "percent_statements_covered_display": "100"}, "missing_lines": [], "excluded_lines": [], "start_line": 1}}, "classes": {"UserPreference": {"executed_lines": [], "summary": {"covered_lines": 0, "num_statements": 27, "percent_covered": 0.0, "percent_covered_display": "0", "missing_lines": 27, "excluded_lines": 0, "percent_statements_covered": 0.0, "percent_statements_covered_display": "0"}, "missing_lines": [35, 39, 40, 63, 64, 65, 66, 67, 83, 84, 86, 87, 88, 89, 91, 97, 99, 100, 113, 114, 115, 120, 151, 152, 153, 154, 155], "excluded_lines": [], "start_line": 10}, "": {"executed_lines": [7, 10, 17, 19, 22, 23, 24, 27, 30, 34, 37, 50, 51, 69, 70, 102, 103, 117, 118], "summary": {"covered_lines": 19, "num_statements": 19, "percent_covered": 100.0, "percent_covered_display": "100", "missing_lines": 0, "excluded_lines": 0, "percent_statements_covered": 100.0, "percent_statements_covered_display": "100"}, "missing_lines": [], "excluded_lines": [], "start_line": 1}}}, "app/models/routes.py": {"executed_lines": [8, 11, 18, 20, 23, 24, 27, 28, 29, 32, 33, 34, 35, 36, 39, 40, 43, 44, 46, 49, 70, 77, 79, 82, 83, 86, 87, 88, 91, 92, 93, 94, 97, 98, 99, 100, 101, 104, 105, 108, 109, 110, 112, 115], "summary": {"covered_lines": 44, "num_statements": 48, "percent_covered": 91.66666666666667, "percent_covered_display": "92", "missing_lines": 4, "excluded_lines": 0, "percent_statements_covered": 91.66666666666667, "percent_statements_covered_display": "92"}, "missing_lines": [47, 51, 113, 117], "excluded_lines": [], "functions": {"RouteGroup.__repr__": {"executed_lines": [], "summary": {"covered_lines": 0, "num_statements": 1, "percent_covered": 0.0, "percent_covered_display": "0", "missing_lines": 1, "excluded_lines": 0, "percent_statements_covered": 0.0, "percent_statements_covered_display": "0"}, "missing_lines": [47], "excluded_lines": [], "start_line": 46}, "RouteGroup.to_dict": {"executed_lines": [], "summary": {"covered_lines": 0, "num_statements": 1, "percent_covered": 0.0, "percent_covered_display": "0", "missing_lines": 1, "excluded_lines": 0, "percent_statements_covered": 0.0, "percent_statements_covered_display": "0"}, "missing_lines": [51], "excluded_lines": [], "start_line": 49}, "LongRide.__repr__": {"executed_lines": [], "summary": {"covered_lines": 0, "num_statements": 1, "percent_covered": 0.0, "percent_covered_display": "0", "missing_lines": 1, "excluded_lines": 0, "percent_statements_covered": 0.0, "percent_statements_covered_display": "0"}, "missing_lines": [113], "excluded_lines": [], "start_line": 112}, "LongRide.to_dict": {"executed_lines": [], "summary": {"covered_lines": 0, "num_statements": 1, "percent_covered": 0.0, "percent_covered_display": "0", "missing_lines": 1, "excluded_lines": 0, "percent_statements_covered": 0.0, "percent_statements_covered_display": "0"}, "missing_lines": [117], "excluded_lines": [], "start_line": 115}, "": {"executed_lines": [8, 11, 18, 20, 23, 24, 27, 28, 29, 32, 33, 34, 35, 36, 39, 40, 43, 44, 46, 49, 70, 77, 79, 82, 83, 86, 87, 88, 91, 92, 93, 94, 97, 98, 99, 100, 101, 104, 105, 108, 109, 110, 112, 115], "summary": {"covered_lines": 44, "num_statements": 44, "percent_covered": 100.0, "percent_covered_display": "100", "missing_lines": 0, "excluded_lines": 0, "percent_statements_covered": 100.0, "percent_statements_covered_display": "100"}, "missing_lines": [], "excluded_lines": [], "start_line": 1}}, "classes": {"RouteGroup": {"executed_lines": [], "summary": {"covered_lines": 0, "num_statements": 2, "percent_covered": 0.0, "percent_covered_display": "0", "missing_lines": 2, "excluded_lines": 0, "percent_statements_covered": 0.0, "percent_statements_covered_display": "0"}, "missing_lines": [47, 51], "excluded_lines": [], "start_line": 11}, "LongRide": {"executed_lines": [], "summary": {"covered_lines": 0, "num_statements": 2, "percent_covered": 0.0, "percent_covered_display": "0", "missing_lines": 2, "excluded_lines": 0, "percent_statements_covered": 0.0, "percent_statements_covered_display": "0"}, "missing_lines": [113, 117], "excluded_lines": [], "start_line": 70}, "": {"executed_lines": [8, 11, 18, 20, 23, 24, 27, 28, 29, 32, 33, 34, 35, 36, 39, 40, 43, 44, 46, 49, 70, 77, 79, 82, 83, 86, 87, 88, 91, 92, 93, 94, 97, 98, 99, 100, 101, 104, 105, 108, 109, 110, 112, 115], "summary": {"covered_lines": 44, "num_statements": 44, "percent_covered": 100.0, "percent_covered_display": "100", "missing_lines": 0, "excluded_lines": 0, "percent_statements_covered": 100.0, "percent_statements_covered_display": "100"}, "missing_lines": [], "excluded_lines": [], "start_line": 1}}}, "app/models/workouts.py": {"executed_lines": [7, 8, 11, 18, 20, 23, 24, 25, 28, 29, 30, 31, 34, 35, 38, 39, 40, 43, 44, 46, 49, 71, 72, 93, 94, 106, 107, 154], "summary": {"covered_lines": 28, "num_statements": 140, "percent_covered": 20.0, "percent_covered_display": "20", "missing_lines": 112, "excluded_lines": 0, "percent_statements_covered": 20.0, "percent_statements_covered_display": "20"}, "missing_lines": [47, 51, 82, 84, 85, 87, 104, 117, 118, 120, 121, 122, 123, 125, 127, 129, 130, 131, 132, 133, 134, 137, 147, 149, 151, 152, 170, 171, 173, 174, 175, 178, 180, 181, 182, 186, 187, 189, 190, 191, 192, 193, 194, 195, 196, 197, 199, 200, 202, 206, 207, 208, 209, 210, 211, 212, 213, 215, 216, 217, 218, 219, 221, 223, 224, 225, 227, 229, 232, 234, 235, 236, 237, 238, 239, 240, 242, 243, 244, 245, 247, 248, 249, 250, 252, 253, 254, 255, 256, 257, 259, 263, 264, 265, 266, 267, 268, 269, 270, 271, 273, 275, 278, 279, 280, 281, 284, 285, 286, 287, 288, 290], "excluded_lines": [], "functions": {"WorkoutMetadata.__repr__": {"executed_lines": [], "summary": {"covered_lines": 0, "num_statements": 1, "percent_covered": 0.0, "percent_covered_display": "0", "missing_lines": 1, "excluded_lines": 0, "percent_statements_covered": 0.0, "percent_statements_covered_display": "0"}, "missing_lines": [47], "excluded_lines": [], "start_line": 46}, "WorkoutMetadata.to_dict": {"executed_lines": [], "summary": {"covered_lines": 0, "num_statements": 1, "percent_covered": 0.0, "percent_covered_display": "0", "missing_lines": 1, "excluded_lines": 0, "percent_statements_covered": 0.0, "percent_statements_covered_display": "0"}, "missing_lines": [51], "excluded_lines": [], "start_line": 49}, "WorkoutMetadata.get_upcoming": {"executed_lines": [], "summary": {"covered_lines": 0, "num_statements": 4, "percent_covered": 0.0, "percent_covered_display": "0", "missing_lines": 4, "excluded_lines": 0, "percent_statements_covered": 0.0, "percent_statements_covered_display": "0"}, "missing_lines": [82, 84, 85, 87], "excluded_lines": [], "start_line": 72}, "WorkoutMetadata.get_for_date": {"executed_lines": [], "summary": {"covered_lines": 0, "num_statements": 1, "percent_covered": 0.0, "percent_covered_display": "0", "missing_lines": 1, "excluded_lines": 0, "percent_statements_covered": 0.0, "percent_statements_covered_display": "0"}, "missing_lines": [104], "excluded_lines": [], "start_line": 94}, "WorkoutMetadata.sync_from_trainerroad": {"executed_lines": [], "summary": {"covered_lines": 0, "num_statements": 19, "percent_covered": 0.0, "percent_covered_display": "0", "missing_lines": 19, "excluded_lines": 0, "percent_statements_covered": 0.0, "percent_statements_covered_display": "0"}, "missing_lines": [117, 118, 120, 121, 122, 123, 125, 127, 129, 130, 131, 132, 133, 134, 137, 147, 149, 151, 152], "excluded_lines": [], "start_line": 107}, "WorkoutMetadata.calculate_fit": {"executed_lines": [], "summary": {"covered_lines": 0, "num_statements": 86, "percent_covered": 0.0, "percent_covered_display": "0", "missing_lines": 86, "excluded_lines": 0, "percent_statements_covered": 0.0, "percent_statements_covered_display": "0"}, "missing_lines": [170, 171, 173, 174, 175, 178, 180, 181, 182, 186, 187, 189, 190, 191, 192, 193, 194, 195, 196, 197, 199, 200, 202, 206, 207, 208, 209, 210, 211, 212, 213, 215, 216, 217, 218, 219, 221, 223, 224, 225, 227, 229, 232, 234, 235, 236, 237, 238, 239, 240, 242, 243, 244, 245, 247, 248, 249, 250, 252, 253, 254, 255, 256, 257, 259, 263, 264, 265, 266, 267, 268, 269, 270, 271, 273, 275, 278, 279, 280, 281, 284, 285, 286, 287, 288, 290], "excluded_lines": [], "start_line": 154}, "": {"executed_lines": [7, 8, 11, 18, 20, 23, 24, 25, 28, 29, 30, 31, 34, 35, 38, 39, 40, 43, 44, 46, 49, 71, 72, 93, 94, 106, 107, 154], "summary": {"covered_lines": 28, "num_statements": 28, "percent_covered": 100.0, "percent_covered_display": "100", "missing_lines": 0, "excluded_lines": 0, "percent_statements_covered": 100.0, "percent_statements_covered_display": "100"}, "missing_lines": [], "excluded_lines": [], "start_line": 1}}, "classes": {"WorkoutMetadata": {"executed_lines": [], "summary": {"covered_lines": 0, "num_statements": 112, "percent_covered": 0.0, "percent_covered_display": "0", "missing_lines": 112, "excluded_lines": 0, "percent_statements_covered": 0.0, "percent_statements_covered_display": "0"}, "missing_lines": [47, 51, 82, 84, 85, 87, 104, 117, 118, 120, 121, 122, 123, 125, 127, 129, 130, 131, 132, 133, 134, 137, 147, 149, 151, 152, 170, 171, 173, 174, 175, 178, 180, 181, 182, 186, 187, 189, 190, 191, 192, 193, 194, 195, 196, 197, 199, 200, 202, 206, 207, 208, 209, 210, 211, 212, 213, 215, 216, 217, 218, 219, 221, 223, 224, 225, 227, 229, 232, 234, 235, 236, 237, 238, 239, 240, 242, 243, 244, 245, 247, 248, 249, 250, 252, 253, 254, 255, 256, 257, 259, 263, 264, 265, 266, 267, 268, 269, 270, 271, 273, 275, 278, 279, 280, 281, 284, 285, 286, 287, 288, 290], "excluded_lines": [], "start_line": 11}, "": {"executed_lines": [7, 8, 11, 18, 20, 23, 24, 25, 28, 29, 30, 31, 34, 35, 38, 39, 40, 43, 44, 46, 49, 71, 72, 93, 94, 106, 107, 154], "summary": {"covered_lines": 28, "num_statements": 28, "percent_covered": 100.0, "percent_covered_display": "100", "missing_lines": 0, "excluded_lines": 0, "percent_statements_covered": 100.0, "percent_statements_covered_display": "100"}, "missing_lines": [], "excluded_lines": [], "start_line": 1}}}, "app/routes/__init__.py": {"executed_lines": [8, 9, 10, 11, 12, 13, 15], "summary": {"covered_lines": 7, "num_statements": 7, "percent_covered": 100.0, "percent_covered_display": "100", "missing_lines": 0, "excluded_lines": 0, "percent_statements_covered": 100.0, "percent_statements_covered_display": "100"}, "missing_lines": [], "excluded_lines": [], "functions": {"": {"executed_lines": [8, 9, 10, 11, 12, 13, 15], "summary": {"covered_lines": 7, "num_statements": 7, "percent_covered": 100.0, "percent_covered_display": "100", "missing_lines": 0, "excluded_lines": 0, "percent_statements_covered": 100.0, "percent_statements_covered_display": "100"}, "missing_lines": [], "excluded_lines": [], "start_line": 1}}, "classes": {"": {"executed_lines": [8, 9, 10, 11, 12, 13, 15], "summary": {"covered_lines": 7, "num_statements": 7, "percent_covered": 100.0, "percent_covered_display": "100", "missing_lines": 0, "excluded_lines": 0, "percent_statements_covered": 100.0, "percent_statements_covered_display": "100"}, "missing_lines": [], "excluded_lines": [], "start_line": 1}}}, "app/routes/api.py": {"executed_lines": [12, 13, 14, 15, 17, 18, 19, 20, 22, 25, 26, 38, 39, 99, 144, 145, 192, 193, 238, 239, 263, 264, 299, 300, 316, 317, 375, 376, 424, 425, 476, 477, 485, 486], "summary": {"covered_lines": 34, "num_statements": 144, "percent_covered": 23.61111111111111, "percent_covered_display": "24", "missing_lines": 110, "excluded_lines": 0, "percent_statements_covered": 23.61111111111111, "percent_statements_covered_display": "24"}, "missing_lines": [32, 33, 35, 49, 52, 57, 58, 63, 68, 74, 77, 79, 105, 106, 108, 109, 111, 112, 113, 116, 117, 118, 119, 120, 121, 122, 123, 124, 125, 128, 130, 138, 139, 141, 157, 158, 159, 161, 164, 169, 170, 173, 174, 175, 184, 203, 204, 206, 209, 211, 212, 215, 217, 245, 247, 249, 270, 272, 274, 275, 281, 282, 283, 286, 287, 288, 289, 290, 292, 306, 308, 329, 330, 331, 333, 334, 339, 341, 342, 343, 347, 348, 351, 352, 354, 356, 357, 358, 359, 360, 361, 362, 363, 364, 366, 387, 391, 392, 398, 400, 432, 437, 438, 441, 442, 444, 473, 479, 488, 489], "excluded_lines": [], "functions": {"health": {"executed_lines": [], "summary": {"covered_lines": 0, "num_statements": 3, "percent_covered": 0.0, "percent_covered_display": "0", "missing_lines": 3, "excluded_lines": 0, "percent_statements_covered": 0.0, "percent_statements_covered_display": "0"}, "missing_lines": [32, 33, 35], "excluded_lines": [], "start_line": 26}, "status": {"executed_lines": [], "summary": {"covered_lines": 0, "num_statements": 9, "percent_covered": 0.0, "percent_covered_display": "0", "missing_lines": 9, "excluded_lines": 0, "percent_statements_covered": 0.0, "percent_statements_covered_display": "0"}, "missing_lines": [49, 52, 57, 58, 63, 68, 74, 77, 79], "excluded_lines": [], "start_line": 39}, "_get_cache_statistics": {"executed_lines": [], "summary": {"covered_lines": 0, "num_statements": 22, "percent_covered": 0.0, "percent_covered_display": "0", "missing_lines": 22, "excluded_lines": 0, "percent_statements_covered": 0.0, "percent_statements_covered_display": "0"}, "missing_lines": [105, 106, 108, 109, 111, 112, 113, 116, 117, 118, 119, 120, 121, 122, 123, 124, 125, 128, 130, 138, 139, 141], "excluded_lines": [], "start_line": 99}, "sync": {"executed_lines": [], "summary": {"covered_lines": 0, "num_statements": 11, "percent_covered": 0.0, "percent_covered_display": "0", "missing_lines": 11, "excluded_lines": 0, "percent_statements_covered": 0.0, "percent_statements_covered_display": "0"}, "missing_lines": [157, 158, 159, 161, 164, 169, 170, 173, 174, 175, 184], "excluded_lines": [], "start_line": 145}, "jobs": {"executed_lines": [], "summary": {"covered_lines": 0, "num_statements": 8, "percent_covered": 0.0, "percent_covered_display": "0", "missing_lines": 8, "excluded_lines": 0, "percent_statements_covered": 0.0, "percent_statements_covered_display": "0"}, "missing_lines": [203, 204, 206, 209, 211, 212, 215, 217], "excluded_lines": [], "start_line": 193}, "job_status": {"executed_lines": [], "summary": {"covered_lines": 0, "num_statements": 3, "percent_covered": 0.0, "percent_covered_display": "0", "missing_lines": 3, "excluded_lines": 0, "percent_statements_covered": 0.0, "percent_statements_covered_display": "0"}, "missing_lines": [245, 247, 249], "excluded_lines": [], "start_line": 239}, "cancel_job": {"executed_lines": [], "summary": {"covered_lines": 0, "num_statements": 13, "percent_covered": 0.0, "percent_covered_display": "0", "missing_lines": 13, "excluded_lines": 0, "percent_statements_covered": 0.0, "percent_statements_covered_display": "0"}, "missing_lines": [270, 272, 274, 275, 281, 282, 283, 286, 287, 288, 289, 290, 292], "excluded_lines": [], "start_line": 264}, "cache_stats": {"executed_lines": [], "summary": {"covered_lines": 0, "num_statements": 2, "percent_covered": 0.0, "percent_covered_display": "0", "missing_lines": 2, "excluded_lines": 0, "percent_statements_covered": 0.0, "percent_statements_covered_display": "0"}, "missing_lines": [306, 308], "excluded_lines": [], "start_line": 300}, "clear_cache": {"executed_lines": [], "summary": {"covered_lines": 0, "num_statements": 24, "percent_covered": 0.0, "percent_covered_display": "0", "missing_lines": 24, "excluded_lines": 0, "percent_statements_covered": 0.0, "percent_statements_covered_display": "0"}, "missing_lines": [329, 330, 331, 333, 334, 339, 341, 342, 343, 347, 348, 351, 352, 354, 356, 357, 358, 359, 360, 361, 362, 363, 364, 366], "excluded_lines": [], "start_line": 317}, "analytics_summary": {"executed_lines": [], "summary": {"covered_lines": 0, "num_statements": 5, "percent_covered": 0.0, "percent_covered_display": "0", "missing_lines": 5, "excluded_lines": 0, "percent_statements_covered": 0.0, "percent_statements_covered_display": "0"}, "missing_lines": [387, 391, 392, 398, 400], "excluded_lines": [], "start_line": 376}, "metrics": {"executed_lines": [], "summary": {"covered_lines": 0, "num_statements": 7, "percent_covered": 0.0, "percent_covered_display": "0", "missing_lines": 7, "excluded_lines": 0, "percent_statements_covered": 0.0, "percent_statements_covered_display": "0"}, "missing_lines": [432, 437, 438, 441, 442, 444, 473], "excluded_lines": [], "start_line": 425}, "api_not_found": {"executed_lines": [], "summary": {"covered_lines": 0, "num_statements": 1, "percent_covered": 0.0, "percent_covered_display": "0", "missing_lines": 1, "excluded_lines": 0, "percent_statements_covered": 0.0, "percent_statements_covered_display": "0"}, "missing_lines": [479], "excluded_lines": [], "start_line": 477}, "api_server_error": {"executed_lines": [], "summary": {"covered_lines": 0, "num_statements": 2, "percent_covered": 0.0, "percent_covered_display": "0", "missing_lines": 2, "excluded_lines": 0, "percent_statements_covered": 0.0, "percent_statements_covered_display": "0"}, "missing_lines": [488, 489], "excluded_lines": [], "start_line": 486}, "": {"executed_lines": [12, 13, 14, 15, 17, 18, 19, 20, 22, 25, 26, 38, 39, 99, 144, 145, 192, 193, 238, 239, 263, 264, 299, 300, 316, 317, 375, 376, 424, 425, 476, 477, 485, 486], "summary": {"covered_lines": 34, "num_statements": 34, "percent_covered": 100.0, "percent_covered_display": "100", "missing_lines": 0, "excluded_lines": 0, "percent_statements_covered": 100.0, "percent_statements_covered_display": "100"}, "missing_lines": [], "excluded_lines": [], "start_line": 1}}, "classes": {"": {"executed_lines": [12, 13, 14, 15, 17, 18, 19, 20, 22, 25, 26, 38, 39, 99, 144, 145, 192, 193, 238, 239, 263, 264, 299, 300, 316, 317, 375, 376, 424, 425, 476, 477, 485, 486], "summary": {"covered_lines": 34, "num_statements": 144, "percent_covered": 23.61111111111111, "percent_covered_display": "24", "missing_lines": 110, "excluded_lines": 0, "percent_statements_covered": 23.61111111111111, "percent_statements_covered_display": "24"}, "missing_lines": [32, 33, 35, 49, 52, 57, 58, 63, 68, 74, 77, 79, 105, 106, 108, 109, 111, 112, 113, 116, 117, 118, 119, 120, 121, 122, 123, 124, 125, 128, 130, 138, 139, 141, 157, 158, 159, 161, 164, 169, 170, 173, 174, 175, 184, 203, 204, 206, 209, 211, 212, 215, 217, 245, 247, 249, 270, 272, 274, 275, 281, 282, 283, 286, 287, 288, 289, 290, 292, 306, 308, 329, 330, 331, 333, 334, 339, 341, 342, 343, 347, 348, 351, 352, 354, 356, 357, 358, 359, 360, 361, 362, 363, 364, 366, 387, 391, 392, 398, 400, 432, 437, 438, 441, 442, 444, 473, 479, 488, 489], "excluded_lines": [], "start_line": 1}}}, "app/routes/commute.py": {"executed_lines": [12, 13, 14, 16, 17, 19, 22, 33, 34, 45, 47, 48, 49, 52, 55, 56, 57, 59, 60, 61, 63, 64, 67, 69, 70, 71, 88, 89, 90, 91, 92, 94, 95, 96, 107, 108, 109, 110, 119, 120, 121, 123, 132, 135, 136, 154, 156, 157, 158, 160, 162, 163, 164, 165, 168, 169, 171, 178, 181, 186, 187, 210, 211, 221, 223, 224, 225, 228, 231, 232, 233, 235, 269, 270, 271, 272, 279, 282, 283, 291], "summary": {"covered_lines": 80, "num_statements": 97, "percent_covered": 82.47422680412372, "percent_covered_display": "82", "missing_lines": 17, "excluded_lines": 0, "percent_statements_covered": 82.47422680412372, "percent_statements_covered_display": "82"}, "missing_lines": [24, 25, 26, 30, 172, 194, 200, 201, 202, 203, 236, 237, 248, 251, 252, 254, 267], "excluded_lines": [], "functions": {"get_services": {"executed_lines": [], "summary": {"covered_lines": 0, "num_statements": 4, "percent_covered": 0.0, "percent_covered_display": "0", "missing_lines": 4, "excluded_lines": 0, "percent_statements_covered": 0.0, "percent_statements_covered_display": "0"}, "missing_lines": [24, 25, 26, 30], "excluded_lines": [], "start_line": 22}, "index": {"executed_lines": [45, 47, 48, 49, 52, 55, 56, 57, 59, 60, 61, 63, 64, 67, 69, 70, 71, 88, 89, 90, 91, 92, 94, 95, 96, 107, 108, 109, 110, 119, 120, 121, 123, 132], "summary": {"covered_lines": 34, "num_statements": 34, "percent_covered": 100.0, "percent_covered_display": "100", "missing_lines": 0, "excluded_lines": 0, "percent_statements_covered": 100.0, "percent_statements_covered_display": "100"}, "missing_lines": [], "excluded_lines": [], "start_line": 34}, "analyze": {"executed_lines": [154, 156, 157, 158, 160, 162, 163, 164, 165, 168, 169, 171, 178, 181, 186, 187], "summary": {"covered_lines": 16, "num_statements": 22, "percent_covered": 72.72727272727273, "percent_covered_display": "73", "missing_lines": 6, "excluded_lines": 0, "percent_statements_covered": 72.72727272727273, "percent_statements_covered_display": "73"}, "missing_lines": [172, 194, 200, 201, 202, 203], "excluded_lines": [], "start_line": 136}, "history": {"executed_lines": [221, 223, 224, 225, 228, 231, 232, 233, 235, 269, 270, 271, 272, 279], "summary": {"covered_lines": 14, "num_statements": 21, "percent_covered": 66.66666666666667, "percent_covered_display": "67", "missing_lines": 7, "excluded_lines": 0, "percent_statements_covered": 66.66666666666667, "percent_statements_covered_display": "67"}, "missing_lines": [236, 237, 248, 251, 252, 254, 267], "excluded_lines": [], "start_line": 211}, "api_current": {"executed_lines": [291], "summary": {"covered_lines": 1, "num_statements": 1, "percent_covered": 100.0, "percent_covered_display": "100", "missing_lines": 0, "excluded_lines": 0, "percent_statements_covered": 100.0, "percent_statements_covered_display": "100"}, "missing_lines": [], "excluded_lines": [], "start_line": 283}, "": {"executed_lines": [12, 13, 14, 16, 17, 19, 22, 33, 34, 135, 136, 210, 211, 282, 283], "summary": {"covered_lines": 15, "num_statements": 15, "percent_covered": 100.0, "percent_covered_display": "100", "missing_lines": 0, "excluded_lines": 0, "percent_statements_covered": 100.0, "percent_statements_covered_display": "100"}, "missing_lines": [], "excluded_lines": [], "start_line": 1}}, "classes": {"": {"executed_lines": [12, 13, 14, 16, 17, 19, 22, 33, 34, 45, 47, 48, 49, 52, 55, 56, 57, 59, 60, 61, 63, 64, 67, 69, 70, 71, 88, 89, 90, 91, 92, 94, 95, 96, 107, 108, 109, 110, 119, 120, 121, 123, 132, 135, 136, 154, 156, 157, 158, 160, 162, 163, 164, 165, 168, 169, 171, 178, 181, 186, 187, 210, 211, 221, 223, 224, 225, 228, 231, 232, 233, 235, 269, 270, 271, 272, 279, 282, 283, 291], "summary": {"covered_lines": 80, "num_statements": 97, "percent_covered": 82.47422680412372, "percent_covered_display": "82", "missing_lines": 17, "excluded_lines": 0, "percent_statements_covered": 82.47422680412372, "percent_statements_covered_display": "82"}, "missing_lines": [24, 25, 26, 30, 172, 194, 200, 201, 202, 203, 236, 237, 248, 251, 252, 254, 267], "excluded_lines": [], "start_line": 1}}}, "app/routes/dashboard.py": {"executed_lines": [8, 9, 10, 12, 13, 14, 16, 19, 21, 22, 23, 29, 32, 33, 34, 46, 48, 49, 50, 51, 52, 55, 56, 57, 58, 59, 60, 70, 71, 72, 73, 74, 79, 80, 81, 82, 85, 86, 88, 89, 91, 92, 93, 95, 96, 97, 107, 108, 109, 112, 113, 114, 115, 116, 117, 119, 138, 139, 140, 141, 142, 143, 145, 148, 152, 174, 177, 178], "summary": {"covered_lines": 68, "num_statements": 81, "percent_covered": 83.95061728395062, "percent_covered_display": "84", "missing_lines": 13, "excluded_lines": 0, "percent_statements_covered": 83.95061728395062, "percent_statements_covered_display": "84"}, "missing_lines": [120, 121, 123, 124, 125, 133, 134, 135, 144, 146, 149, 150, 184], "excluded_lines": [], "functions": {"get_services": {"executed_lines": [21, 22, 23, 29], "summary": {"covered_lines": 4, "num_statements": 4, "percent_covered": 100.0, "percent_covered_display": "100", "missing_lines": 0, "excluded_lines": 0, "percent_statements_covered": 100.0, "percent_statements_covered_display": "100"}, "missing_lines": [], "excluded_lines": [], "start_line": 19}, "index": {"executed_lines": [46, 48, 49, 50, 51, 52, 55, 56, 57, 58, 59, 60, 70, 71, 72, 73, 74, 79, 80, 81, 82, 85, 86, 88, 89, 91, 92, 93, 95, 96, 97, 107, 108, 109, 112, 113, 114, 115, 116, 117, 119, 138, 139, 140, 141, 142, 143, 145, 148, 152, 174], "summary": {"covered_lines": 51, "num_statements": 63, "percent_covered": 80.95238095238095, "percent_covered_display": "81", "missing_lines": 12, "excluded_lines": 0, "percent_statements_covered": 80.95238095238095, "percent_statements_covered_display": "81"}, "missing_lines": [120, 121, 123, 124, 125, 133, 134, 135, 144, 146, 149, 150], "excluded_lines": [], "start_line": 34}, "health": {"executed_lines": [], "summary": {"covered_lines": 0, "num_statements": 1, "percent_covered": 0.0, "percent_covered_display": "0", "missing_lines": 1, "excluded_lines": 0, "percent_statements_covered": 0.0, "percent_statements_covered_display": "0"}, "missing_lines": [184], "excluded_lines": [], "start_line": 178}, "": {"executed_lines": [8, 9, 10, 12, 13, 14, 16, 19, 32, 33, 34, 177, 178], "summary": {"covered_lines": 13, "num_statements": 13, "percent_covered": 100.0, "percent_covered_display": "100", "missing_lines": 0, "excluded_lines": 0, "percent_statements_covered": 100.0, "percent_statements_covered_display": "100"}, "missing_lines": [], "excluded_lines": [], "start_line": 1}}, "classes": {"": {"executed_lines": [8, 9, 10, 12, 13, 14, 16, 19, 21, 22, 23, 29, 32, 33, 34, 46, 48, 49, 50, 51, 52, 55, 56, 57, 58, 59, 60, 70, 71, 72, 73, 74, 79, 80, 81, 82, 85, 86, 88, 89, 91, 92, 93, 95, 96, 97, 107, 108, 109, 112, 113, 114, 115, 116, 117, 119, 138, 139, 140, 141, 142, 143, 145, 148, 152, 174, 177, 178], "summary": {"covered_lines": 68, "num_statements": 81, "percent_covered": 83.95061728395062, "percent_covered_display": "84", "missing_lines": 13, "excluded_lines": 0, "percent_statements_covered": 83.95061728395062, "percent_statements_covered_display": "84"}, "missing_lines": [120, 121, 123, 124, 125, 133, 134, 135, 144, 146, 149, 150, 184], "excluded_lines": [], "start_line": 1}}}, "app/routes/planner.py": {"executed_lines": [12, 13, 14, 16, 17, 18, 20, 23, 35, 36, 149, 150, 232, 233, 338, 339, 366, 367], "summary": {"covered_lines": 18, "num_statements": 159, "percent_covered": 11.320754716981131, "percent_covered_display": "11", "missing_lines": 141, "excluded_lines": 0, "percent_statements_covered": 11.320754716981131, "percent_statements_covered_display": "11"}, "missing_lines": [25, 26, 27, 32, 46, 48, 49, 50, 51, 54, 55, 56, 58, 59, 60, 62, 63, 65, 66, 69, 75, 76, 77, 79, 80, 81, 82, 95, 96, 111, 112, 113, 116, 117, 118, 119, 120, 130, 131, 132, 134, 146, 169, 171, 172, 173, 174, 176, 181, 182, 183, 184, 187, 189, 190, 197, 200, 206, 207, 216, 222, 223, 224, 225, 244, 246, 247, 248, 249, 252, 255, 256, 257, 258, 270, 272, 273, 278, 281, 282, 283, 284, 285, 290, 291, 297, 298, 301, 302, 303, 304, 305, 306, 307, 315, 317, 325, 327, 328, 329, 330, 335, 350, 351, 352, 355, 377, 380, 381, 383, 384, 385, 386, 389, 390, 392, 393, 394, 397, 400, 401, 402, 403, 404, 414, 415, 417, 418, 420, 421, 422, 423, 430, 431, 433, 445, 447, 448, 449, 450, 459], "excluded_lines": [], "functions": {"get_services": {"executed_lines": [], "summary": {"covered_lines": 0, "num_statements": 4, "percent_covered": 0.0, "percent_covered_display": "0", "missing_lines": 4, "excluded_lines": 0, "percent_statements_covered": 0.0, "percent_statements_covered_display": "0"}, "missing_lines": [25, 26, 27, 32], "excluded_lines": [], "start_line": 23}, "index": {"executed_lines": [], "summary": {"covered_lines": 0, "num_statements": 38, "percent_covered": 0.0, "percent_covered_display": "0", "missing_lines": 38, "excluded_lines": 0, "percent_statements_covered": 0.0, "percent_statements_covered_display": "0"}, "missing_lines": [46, 48, 49, 50, 51, 54, 55, 56, 58, 59, 60, 62, 63, 65, 66, 69, 75, 76, 77, 79, 80, 81, 82, 95, 96, 111, 112, 113, 116, 117, 118, 119, 120, 130, 131, 132, 134, 146], "excluded_lines": [], "start_line": 36}, "analyze": {"executed_lines": [], "summary": {"covered_lines": 0, "num_statements": 22, "percent_covered": 0.0, "percent_covered_display": "0", "missing_lines": 22, "excluded_lines": 0, "percent_statements_covered": 0.0, "percent_statements_covered_display": "0"}, "missing_lines": [169, 171, 172, 173, 174, 176, 181, 182, 183, 184, 187, 189, 190, 197, 200, 206, 207, 216, 222, 223, 224, 225], "excluded_lines": [], "start_line": 150}, "route_detail": {"executed_lines": [], "summary": {"covered_lines": 0, "num_statements": 38, "percent_covered": 0.0, "percent_covered_display": "0", "missing_lines": 38, "excluded_lines": 0, "percent_statements_covered": 0.0, "percent_statements_covered_display": "0"}, "missing_lines": [244, 246, 247, 248, 249, 252, 255, 256, 257, 258, 270, 272, 273, 278, 281, 282, 283, 284, 285, 290, 291, 297, 298, 301, 302, 303, 304, 305, 306, 307, 315, 317, 325, 327, 328, 329, 330, 335], "excluded_lines": [], "start_line": 233}, "api_recommendations": {"executed_lines": [], "summary": {"covered_lines": 0, "num_statements": 4, "percent_covered": 0.0, "percent_covered_display": "0", "missing_lines": 4, "excluded_lines": 0, "percent_statements_covered": 0.0, "percent_statements_covered_display": "0"}, "missing_lines": [350, 351, 352, 355], "excluded_lines": [], "start_line": 339}, "calendar": {"executed_lines": [], "summary": {"covered_lines": 0, "num_statements": 35, "percent_covered": 0.0, "percent_covered_display": "0", "missing_lines": 35, "excluded_lines": 0, "percent_statements_covered": 0.0, "percent_statements_covered_display": "0"}, "missing_lines": [377, 380, 381, 383, 384, 385, 386, 389, 390, 392, 393, 394, 397, 400, 401, 402, 403, 404, 414, 415, 417, 418, 420, 421, 422, 423, 430, 431, 433, 445, 447, 448, 449, 450, 459], "excluded_lines": [], "start_line": 367}, "": {"executed_lines": [12, 13, 14, 16, 17, 18, 20, 23, 35, 36, 149, 150, 232, 233, 338, 339, 366, 367], "summary": {"covered_lines": 18, "num_statements": 18, "percent_covered": 100.0, "percent_covered_display": "100", "missing_lines": 0, "excluded_lines": 0, "percent_statements_covered": 100.0, "percent_statements_covered_display": "100"}, "missing_lines": [], "excluded_lines": [], "start_line": 1}}, "classes": {"": {"executed_lines": [12, 13, 14, 16, 17, 18, 20, 23, 35, 36, 149, 150, 232, 233, 338, 339, 366, 367], "summary": {"covered_lines": 18, "num_statements": 159, "percent_covered": 11.320754716981131, "percent_covered_display": "11", "missing_lines": 141, "excluded_lines": 0, "percent_statements_covered": 11.320754716981131, "percent_statements_covered_display": "11"}, "missing_lines": [25, 26, 27, 32, 46, 48, 49, 50, 51, 54, 55, 56, 58, 59, 60, 62, 63, 65, 66, 69, 75, 76, 77, 79, 80, 81, 82, 95, 96, 111, 112, 113, 116, 117, 118, 119, 120, 130, 131, 132, 134, 146, 169, 171, 172, 173, 174, 176, 181, 182, 183, 184, 187, 189, 190, 197, 200, 206, 207, 216, 222, 223, 224, 225, 244, 246, 247, 248, 249, 252, 255, 256, 257, 258, 270, 272, 273, 278, 281, 282, 283, 284, 285, 290, 291, 297, 298, 301, 302, 303, 304, 305, 306, 307, 315, 317, 325, 327, 328, 329, 330, 335, 350, 351, 352, 355, 377, 380, 381, 383, 384, 385, 386, 389, 390, 392, 393, 394, 397, 400, 401, 402, 403, 404, 414, 415, 417, 418, 420, 421, 422, 423, 430, 431, 433, 445, 447, 448, 449, 450, 459], "excluded_lines": [], "start_line": 1}}}, "app/routes/route_library.py": {"executed_lines": [12, 13, 15, 16, 17, 19, 22, 45, 46, 132, 133, 178, 179, 224, 225, 261, 262], "summary": {"covered_lines": 17, "num_statements": 102, "percent_covered": 16.666666666666668, "percent_covered_display": "17", "missing_lines": 85, "excluded_lines": 0, "percent_statements_covered": 16.666666666666668, "percent_statements_covered_display": "17"}, "missing_lines": [24, 25, 26, 27, 30, 31, 32, 33, 34, 35, 37, 42, 56, 57, 58, 59, 60, 62, 67, 68, 69, 72, 73, 74, 75, 76, 77, 79, 83, 86, 89, 90, 91, 92, 94, 112, 113, 114, 129, 147, 149, 150, 151, 153, 155, 156, 161, 162, 168, 169, 170, 175, 190, 191, 192, 194, 195, 196, 198, 201, 202, 204, 206, 214, 215, 216, 236, 237, 239, 241, 242, 243, 245, 247, 253, 254, 255, 268, 269, 270, 272, 274, 280, 281, 282], "excluded_lines": [], "functions": {"get_services": {"executed_lines": [], "summary": {"covered_lines": 0, "num_statements": 12, "percent_covered": 0.0, "percent_covered_display": "0", "missing_lines": 12, "excluded_lines": 0, "percent_statements_covered": 0.0, "percent_statements_covered_display": "0"}, "missing_lines": [24, 25, 26, 27, 30, 31, 32, 33, 34, 35, 37, 42], "excluded_lines": [], "start_line": 22}, "index": {"executed_lines": [], "summary": {"covered_lines": 0, "num_statements": 27, "percent_covered": 0.0, "percent_covered_display": "0", "missing_lines": 27, "excluded_lines": 0, "percent_statements_covered": 0.0, "percent_statements_covered_display": "0"}, "missing_lines": [56, 57, 58, 59, 60, 62, 67, 68, 69, 72, 73, 74, 75, 76, 77, 79, 83, 86, 89, 90, 91, 92, 94, 112, 113, 114, 129], "excluded_lines": [], "start_line": 46}, "detail": {"executed_lines": [], "summary": {"covered_lines": 0, "num_statements": 13, "percent_covered": 0.0, "percent_covered_display": "0", "missing_lines": 13, "excluded_lines": 0, "percent_statements_covered": 0.0, "percent_statements_covered_display": "0"}, "missing_lines": [147, 149, 150, 151, 153, 155, 156, 161, 162, 168, 169, 170, 175], "excluded_lines": [], "start_line": 133}, "api_search": {"executed_lines": [], "summary": {"covered_lines": 0, "num_statements": 14, "percent_covered": 0.0, "percent_covered_display": "0", "missing_lines": 14, "excluded_lines": 0, "percent_statements_covered": 0.0, "percent_statements_covered_display": "0"}, "missing_lines": [190, 191, 192, 194, 195, 196, 198, 201, 202, 204, 206, 214, 215, 216], "excluded_lines": [], "start_line": 179}, "api_toggle_favorite": {"executed_lines": [], "summary": {"covered_lines": 0, "num_statements": 11, "percent_covered": 0.0, "percent_covered_display": "0", "missing_lines": 11, "excluded_lines": 0, "percent_statements_covered": 0.0, "percent_statements_covered_display": "0"}, "missing_lines": [236, 237, 239, 241, 242, 243, 245, 247, 253, 254, 255], "excluded_lines": [], "start_line": 225}, "api_library_stats": {"executed_lines": [], "summary": {"covered_lines": 0, "num_statements": 8, "percent_covered": 0.0, "percent_covered_display": "0", "missing_lines": 8, "excluded_lines": 0, "percent_statements_covered": 0.0, "percent_statements_covered_display": "0"}, "missing_lines": [268, 269, 270, 272, 274, 280, 281, 282], "excluded_lines": [], "start_line": 262}, "": {"executed_lines": [12, 13, 15, 16, 17, 19, 22, 45, 46, 132, 133, 178, 179, 224, 225, 261, 262], "summary": {"covered_lines": 17, "num_statements": 17, "percent_covered": 100.0, "percent_covered_display": "100", "missing_lines": 0, "excluded_lines": 0, "percent_statements_covered": 100.0, "percent_statements_covered_display": "100"}, "missing_lines": [], "excluded_lines": [], "start_line": 1}}, "classes": {"": {"executed_lines": [12, 13, 15, 16, 17, 19, 22, 45, 46, 132, 133, 178, 179, 224, 225, 261, 262], "summary": {"covered_lines": 17, "num_statements": 102, "percent_covered": 16.666666666666668, "percent_covered_display": "17", "missing_lines": 85, "excluded_lines": 0, "percent_statements_covered": 16.666666666666668, "percent_statements_covered_display": "17"}, "missing_lines": [24, 25, 26, 27, 30, 31, 32, 33, 34, 35, 37, 42, 56, 57, 58, 59, 60, 62, 67, 68, 69, 72, 73, 74, 75, 76, 77, 79, 83, 86, 89, 90, 91, 92, 94, 112, 113, 114, 129, 147, 149, 150, 151, 153, 155, 156, 161, 162, 168, 169, 170, 175, 190, 191, 192, 194, 195, 196, 198, 201, 202, 204, 206, 214, 215, 216, 236, 237, 239, 241, 242, 243, 245, 247, 253, 254, 255, 268, 269, 270, 272, 274, 280, 281, 282], "excluded_lines": [], "start_line": 1}}}, "app/routes/settings.py": {"executed_lines": [13, 14, 16, 19, 20, 40, 41, 68, 69, 86, 87, 101, 102, 127, 128, 159, 160, 192, 193, 222, 223, 257, 258, 272, 273], "summary": {"covered_lines": 25, "num_statements": 58, "percent_covered": 43.10344827586207, "percent_covered_display": "43", "missing_lines": 33, "excluded_lines": 1, "percent_statements_covered": 43.10344827586207, "percent_statements_covered_display": "43"}, "missing_lines": [26, 29, 37, 51, 54, 65, 75, 82, 83, 93, 97, 98, 111, 114, 124, 138, 141, 156, 170, 173, 189, 202, 205, 219, 238, 239, 240, 242, 249, 265, 281, 283, 290], "excluded_lines": [224], "functions": {"index": {"executed_lines": [], "summary": {"covered_lines": 0, "num_statements": 3, "percent_covered": 0.0, "percent_covered_display": "0", "missing_lines": 3, "excluded_lines": 0, "percent_statements_covered": 0.0, "percent_statements_covered_display": "0"}, "missing_lines": [26, 29, 37], "excluded_lines": [], "start_line": 20}, "strava": {"executed_lines": [], "summary": {"covered_lines": 0, "num_statements": 3, "percent_covered": 0.0, "percent_covered_display": "0", "missing_lines": 3, "excluded_lines": 0, "percent_statements_covered": 0.0, "percent_statements_covered_display": "0"}, "missing_lines": [51, 54, 65], "excluded_lines": [], "start_line": 41}, "strava_connect": {"executed_lines": [], "summary": {"covered_lines": 0, "num_statements": 3, "percent_covered": 0.0, "percent_covered_display": "0", "missing_lines": 3, "excluded_lines": 0, "percent_statements_covered": 0.0, "percent_statements_covered_display": "0"}, "missing_lines": [75, 82, 83], "excluded_lines": [], "start_line": 69}, "strava_disconnect": {"executed_lines": [], "summary": {"covered_lines": 0, "num_statements": 3, "percent_covered": 0.0, "percent_covered_display": "0", "missing_lines": 3, "excluded_lines": 0, "percent_statements_covered": 0.0, "percent_statements_covered_display": "0"}, "missing_lines": [93, 97, 98], "excluded_lines": [], "start_line": 87}, "trainerroad": {"executed_lines": [], "summary": {"covered_lines": 0, "num_statements": 3, "percent_covered": 0.0, "percent_covered_display": "0", "missing_lines": 3, "excluded_lines": 0, "percent_statements_covered": 0.0, "percent_statements_covered_display": "0"}, "missing_lines": [111, 114, 124], "excluded_lines": [], "start_line": 102}, "weather": {"executed_lines": [], "summary": {"covered_lines": 0, "num_statements": 3, "percent_covered": 0.0, "percent_covered_display": "0", "missing_lines": 3, "excluded_lines": 0, "percent_statements_covered": 0.0, "percent_statements_covered_display": "0"}, "missing_lines": [138, 141, 156], "excluded_lines": [], "start_line": 128}, "routes": {"executed_lines": [], "summary": {"covered_lines": 0, "num_statements": 3, "percent_covered": 0.0, "percent_covered_display": "0", "missing_lines": 3, "excluded_lines": 0, "percent_statements_covered": 0.0, "percent_statements_covered_display": "0"}, "missing_lines": [170, 173, 189], "excluded_lines": [], "start_line": 160}, "notifications": {"executed_lines": [], "summary": {"covered_lines": 0, "num_statements": 3, "percent_covered": 0.0, "percent_covered_display": "0", "missing_lines": 3, "excluded_lines": 0, "percent_statements_covered": 0.0, "percent_statements_covered_display": "0"}, "missing_lines": [202, 205, 219], "excluded_lines": [], "start_line": 193}, "api_update": {"executed_lines": [], "summary": {"covered_lines": 0, "num_statements": 5, "percent_covered": 0.0, "percent_covered_display": "0", "missing_lines": 5, "excluded_lines": 1, "percent_statements_covered": 0.0, "percent_statements_covered_display": "0"}, "missing_lines": [238, 239, 240, 242, 249], "excluded_lines": [224], "start_line": 223}, "api_export": {"executed_lines": [], "summary": {"covered_lines": 0, "num_statements": 1, "percent_covered": 0.0, "percent_covered_display": "0", "missing_lines": 1, "excluded_lines": 0, "percent_statements_covered": 0.0, "percent_statements_covered_display": "0"}, "missing_lines": [265], "excluded_lines": [], "start_line": 258}, "api_import": {"executed_lines": [], "summary": {"covered_lines": 0, "num_statements": 3, "percent_covered": 0.0, "percent_covered_display": "0", "missing_lines": 3, "excluded_lines": 0, "percent_statements_covered": 0.0, "percent_statements_covered_display": "0"}, "missing_lines": [281, 283, 290], "excluded_lines": [], "start_line": 273}, "": {"executed_lines": [13, 14, 16, 19, 20, 40, 41, 68, 69, 86, 87, 101, 102, 127, 128, 159, 160, 192, 193, 222, 223, 257, 258, 272, 273], "summary": {"covered_lines": 25, "num_statements": 25, "percent_covered": 100.0, "percent_covered_display": "100", "missing_lines": 0, "excluded_lines": 0, "percent_statements_covered": 100.0, "percent_statements_covered_display": "100"}, "missing_lines": [], "excluded_lines": [], "start_line": 1}}, "classes": {"": {"executed_lines": [13, 14, 16, 19, 20, 40, 41, 68, 69, 86, 87, 101, 102, 127, 128, 159, 160, 192, 193, 222, 223, 257, 258, 272, 273], "summary": {"covered_lines": 25, "num_statements": 58, "percent_covered": 43.10344827586207, "percent_covered_display": "43", "missing_lines": 33, "excluded_lines": 1, "percent_statements_covered": 43.10344827586207, "percent_statements_covered_display": "43"}, "missing_lines": [26, 29, 37, 51, 54, 65, 75, 82, 83, 93, 97, 98, 111, 114, 124, 138, 141, 156, 170, 173, 189, 202, 205, 219, 238, 239, 240, 242, 249, 265, 281, 283, 290], "excluded_lines": [224], "start_line": 1}}}, "app/scheduler/__init__.py": {"executed_lines": [34, 35, 42, 44], "summary": {"covered_lines": 4, "num_statements": 4, "percent_covered": 100.0, "percent_covered_display": "100", "missing_lines": 0, "excluded_lines": 0, "percent_statements_covered": 100.0, "percent_statements_covered_display": "100"}, "missing_lines": [], "excluded_lines": [], "functions": {"": {"executed_lines": [34, 35, 42, 44], "summary": {"covered_lines": 4, "num_statements": 4, "percent_covered": 100.0, "percent_covered_display": "100", "missing_lines": 0, "excluded_lines": 0, "percent_statements_covered": 100.0, "percent_statements_covered_display": "100"}, "missing_lines": [], "excluded_lines": [], "start_line": 1}}, "classes": {"": {"executed_lines": [34, 35, 42, 44], "summary": {"covered_lines": 4, "num_statements": 4, "percent_covered": 100.0, "percent_covered_display": "100", "missing_lines": 0, "excluded_lines": 0, "percent_statements_covered": 100.0, "percent_statements_covered_display": "100"}, "missing_lines": [], "excluded_lines": [], "start_line": 1}}}, "app/scheduler/health.py": {"executed_lines": [8, 9, 10, 11, 12, 14, 16, 19, 20, 25, 26, 29, 30, 33, 34, 36, 37, 41, 42, 46, 47, 51, 52, 60, 81, 85, 86, 87, 89, 93, 121, 144, 181, 225, 275, 328], "summary": {"covered_lines": 36, "num_statements": 135, "percent_covered": 26.666666666666668, "percent_covered_display": "27", "missing_lines": 99, "excluded_lines": 0, "percent_statements_covered": 26.666666666666668, "percent_statements_covered_display": "27"}, "missing_lines": [39, 44, 49, 54, 62, 91, 99, 102, 103, 104, 105, 106, 109, 110, 111, 112, 114, 116, 123, 125, 126, 128, 133, 134, 139, 141, 142, 146, 147, 149, 150, 155, 156, 163, 164, 170, 171, 176, 178, 179, 183, 184, 187, 190, 193, 194, 195, 196, 197, 198, 200, 201, 203, 214, 215, 220, 222, 223, 227, 229, 233, 234, 240, 241, 243, 244, 245, 246, 247, 248, 250, 251, 253, 264, 265, 270, 272, 273, 277, 279, 281, 286, 287, 294, 295, 296, 299, 301, 302, 303, 305, 306, 308, 317, 318, 323, 325, 326, 336], "excluded_lines": [], "functions": {"SystemHealth.checks_passed": {"executed_lines": [], "summary": {"covered_lines": 0, "num_statements": 1, "percent_covered": 0.0, "percent_covered_display": "0", "missing_lines": 1, "excluded_lines": 0, "percent_statements_covered": 0.0, "percent_statements_covered_display": "0"}, "missing_lines": [39], "excluded_lines": [], "start_line": 37}, "SystemHealth.checks_failed": {"executed_lines": [], "summary": {"covered_lines": 0, "num_statements": 1, "percent_covered": 0.0, "percent_covered_display": "0", "missing_lines": 1, "excluded_lines": 0, "percent_statements_covered": 0.0, "percent_statements_covered_display": "0"}, "missing_lines": [44], "excluded_lines": [], "start_line": 42}, "SystemHealth.checks_degraded": {"executed_lines": [], "summary": {"covered_lines": 0, "num_statements": 1, "percent_covered": 0.0, "percent_covered_display": "0", "missing_lines": 1, "excluded_lines": 0, "percent_statements_covered": 0.0, "percent_statements_covered_display": "0"}, "missing_lines": [49], "excluded_lines": [], "start_line": 47}, "SystemHealth.warnings": {"executed_lines": [], "summary": {"covered_lines": 0, "num_statements": 1, "percent_covered": 0.0, "percent_covered_display": "0", "missing_lines": 1, "excluded_lines": 0, "percent_statements_covered": 0.0, "percent_statements_covered_display": "0"}, "missing_lines": [54], "excluded_lines": [], "start_line": 52}, "SystemHealth.to_dict": {"executed_lines": [], "summary": {"covered_lines": 0, "num_statements": 1, "percent_covered": 0.0, "percent_covered_display": "0", "missing_lines": 1, "excluded_lines": 0, "percent_statements_covered": 0.0, "percent_statements_covered_display": "0"}, "missing_lines": [62], "excluded_lines": [], "start_line": 60}, "HealthChecker.__init__": {"executed_lines": [], "summary": {"covered_lines": 0, "num_statements": 1, "percent_covered": 0.0, "percent_covered_display": "0", "missing_lines": 1, "excluded_lines": 0, "percent_statements_covered": 0.0, "percent_statements_covered_display": "0"}, "missing_lines": [91], "excluded_lines": [], "start_line": 89}, "HealthChecker.check_all": {"executed_lines": [], "summary": {"covered_lines": 0, "num_statements": 12, "percent_covered": 0.0, "percent_covered_display": "0", "missing_lines": 12, "excluded_lines": 0, "percent_statements_covered": 0.0, "percent_statements_covered_display": "0"}, "missing_lines": [99, 102, 103, 104, 105, 106, 109, 110, 111, 112, 114, 116], "excluded_lines": [], "start_line": 93}, "HealthChecker.check_database": {"executed_lines": [], "summary": {"covered_lines": 0, "num_statements": 9, "percent_covered": 0.0, "percent_covered_display": "0", "missing_lines": 9, "excluded_lines": 0, "percent_statements_covered": 0.0, "percent_statements_covered_display": "0"}, "missing_lines": [123, 125, 126, 128, 133, 134, 139, 141, 142], "excluded_lines": [], "start_line": 121}, "HealthChecker.check_cache_files": {"executed_lines": [], "summary": {"covered_lines": 0, "num_statements": 13, "percent_covered": 0.0, "percent_covered_display": "0", "missing_lines": 13, "excluded_lines": 0, "percent_statements_covered": 0.0, "percent_statements_covered_display": "0"}, "missing_lines": [146, 147, 149, 150, 155, 156, 163, 164, 170, 171, 176, 178, 179], "excluded_lines": [], "start_line": 144}, "HealthChecker.check_disk_space": {"executed_lines": [], "summary": {"covered_lines": 0, "num_statements": 18, "percent_covered": 0.0, "percent_covered_display": "0", "missing_lines": 18, "excluded_lines": 0, "percent_statements_covered": 0.0, "percent_statements_covered_display": "0"}, "missing_lines": [183, 184, 187, 190, 193, 194, 195, 196, 197, 198, 200, 201, 203, 214, 215, 220, 222, 223], "excluded_lines": [], "start_line": 181}, "HealthChecker.check_analysis_freshness": {"executed_lines": [], "summary": {"covered_lines": 0, "num_statements": 20, "percent_covered": 0.0, "percent_covered_display": "0", "missing_lines": 20, "excluded_lines": 0, "percent_statements_covered": 0.0, "percent_statements_covered_display": "0"}, "missing_lines": [227, 229, 233, 234, 240, 241, 243, 244, 245, 246, 247, 248, 250, 251, 253, 264, 265, 270, 272, 273], "excluded_lines": [], "start_line": 225}, "HealthChecker.check_recent_job_failures": {"executed_lines": [], "summary": {"covered_lines": 0, "num_statements": 20, "percent_covered": 0.0, "percent_covered_display": "0", "missing_lines": 20, "excluded_lines": 0, "percent_statements_covered": 0.0, "percent_statements_covered_display": "0"}, "missing_lines": [277, 279, 281, 286, 287, 294, 295, 296, 299, 301, 302, 303, 305, 306, 308, 317, 318, 323, 325, 326], "excluded_lines": [], "start_line": 275}, "HealthChecker.get_last_known_good_snapshot": {"executed_lines": [], "summary": {"covered_lines": 0, "num_statements": 1, "percent_covered": 0.0, "percent_covered_display": "0", "missing_lines": 1, "excluded_lines": 0, "percent_statements_covered": 0.0, "percent_statements_covered_display": "0"}, "missing_lines": [336], "excluded_lines": [], "start_line": 328}, "": {"executed_lines": [8, 9, 10, 11, 12, 14, 16, 19, 20, 25, 26, 29, 30, 33, 34, 36, 37, 41, 42, 46, 47, 51, 52, 60, 81, 85, 86, 87, 89, 93, 121, 144, 181, 225, 275, 328], "summary": {"covered_lines": 36, "num_statements": 36, "percent_covered": 100.0, "percent_covered_display": "100", "missing_lines": 0, "excluded_lines": 0, "percent_statements_covered": 100.0, "percent_statements_covered_display": "100"}, "missing_lines": [], "excluded_lines": [], "start_line": 1}}, "classes": {"HealthCheck": {"executed_lines": [], "summary": {"covered_lines": 0, "num_statements": 0, "percent_covered": 100.0, "percent_covered_display": "100", "missing_lines": 0, "excluded_lines": 0, "percent_statements_covered": 100.0, "percent_statements_covered_display": "100"}, "missing_lines": [], "excluded_lines": [], "start_line": 20}, "SystemHealth": {"executed_lines": [], "summary": {"covered_lines": 0, "num_statements": 5, "percent_covered": 0.0, "percent_covered_display": "0", "missing_lines": 5, "excluded_lines": 0, "percent_statements_covered": 0.0, "percent_statements_covered_display": "0"}, "missing_lines": [39, 44, 49, 54, 62], "excluded_lines": [], "start_line": 30}, "HealthChecker": {"executed_lines": [], "summary": {"covered_lines": 0, "num_statements": 94, "percent_covered": 0.0, "percent_covered_display": "0", "missing_lines": 94, "excluded_lines": 0, "percent_statements_covered": 0.0, "percent_statements_covered_display": "0"}, "missing_lines": [91, 99, 102, 103, 104, 105, 106, 109, 110, 111, 112, 114, 116, 123, 125, 126, 128, 133, 134, 139, 141, 142, 146, 147, 149, 150, 155, 156, 163, 164, 170, 171, 176, 178, 179, 183, 184, 187, 190, 193, 194, 195, 196, 197, 198, 200, 201, 203, 214, 215, 220, 222, 223, 227, 229, 233, 234, 240, 241, 243, 244, 245, 246, 247, 248, 250, 251, 253, 264, 265, 270, 272, 273, 277, 279, 281, 286, 287, 294, 295, 296, 299, 301, 302, 303, 305, 306, 308, 317, 318, 323, 325, 326, 336], "excluded_lines": [], "start_line": 81}, "": {"executed_lines": [8, 9, 10, 11, 12, 14, 16, 19, 20, 25, 26, 29, 30, 33, 34, 36, 37, 41, 42, 46, 47, 51, 52, 60, 81, 85, 86, 87, 89, 93, 121, 144, 181, 225, 275, 328], "summary": {"covered_lines": 36, "num_statements": 36, "percent_covered": 100.0, "percent_covered_display": "100", "missing_lines": 0, "excluded_lines": 0, "percent_statements_covered": 100.0, "percent_statements_covered_display": "100"}, "missing_lines": [], "excluded_lines": [], "start_line": 1}}}, "app/scheduler/jobs.py": {"executed_lines": [8, 9, 10, 11, 12, 13, 15, 17, 18, 20, 23, 45, 61, 77, 130, 162, 232, 293], "summary": {"covered_lines": 18, "num_statements": 132, "percent_covered": 13.636363636363637, "percent_covered_display": "14", "missing_lines": 114, "excluded_lines": 0, "percent_statements_covered": 13.636363636363637, "percent_statements_covered_display": "14"}, "missing_lines": [33, 38, 39, 41, 42, 52, 53, 55, 68, 69, 71, 88, 91, 92, 94, 96, 99, 105, 116, 117, 119, 125, 126, 127, 141, 144, 145, 147, 149, 150, 156, 157, 158, 174, 177, 178, 180, 181, 182, 183, 184, 185, 187, 188, 195, 196, 198, 200, 201, 204, 209, 210, 211, 212, 213, 216, 217, 218, 219, 220, 221, 223, 228, 229, 242, 245, 246, 248, 249, 250, 251, 252, 253, 255, 256, 257, 259, 261, 262, 264, 269, 270, 271, 272, 275, 276, 277, 278, 279, 280, 281, 282, 284, 289, 290, 305, 308, 309, 311, 312, 314, 315, 317, 325, 326, 327, 330, 331, 335, 336, 337, 339, 340, 341], "excluded_lines": [], "functions": {"_record_job_start": {"executed_lines": [], "summary": {"covered_lines": 0, "num_statements": 5, "percent_covered": 0.0, "percent_covered_display": "0", "missing_lines": 5, "excluded_lines": 0, "percent_statements_covered": 0.0, "percent_statements_covered_display": "0"}, "missing_lines": [33, 38, 39, 41, 42], "excluded_lines": [], "start_line": 23}, "_record_job_completion": {"executed_lines": [], "summary": {"covered_lines": 0, "num_statements": 3, "percent_covered": 0.0, "percent_covered_display": "0", "missing_lines": 3, "excluded_lines": 0, "percent_statements_covered": 0.0, "percent_statements_covered_display": "0"}, "missing_lines": [52, 53, 55], "excluded_lines": [], "start_line": 45}, "_record_job_failure": {"executed_lines": [], "summary": {"covered_lines": 0, "num_statements": 3, "percent_covered": 0.0, "percent_covered_display": "0", "missing_lines": 3, "excluded_lines": 0, "percent_statements_covered": 0.0, "percent_statements_covered_display": "0"}, "missing_lines": [68, 69, 71], "excluded_lines": [], "start_line": 61}, "run_daily_analysis": {"executed_lines": [], "summary": {"covered_lines": 0, "num_statements": 13, "percent_covered": 0.0, "percent_covered_display": "0", "missing_lines": 13, "excluded_lines": 0, "percent_statements_covered": 0.0, "percent_statements_covered_display": "0"}, "missing_lines": [88, 91, 92, 94, 96, 99, 105, 116, 117, 119, 125, 126, 127], "excluded_lines": [], "start_line": 77}, "run_weather_refresh": {"executed_lines": [], "summary": {"covered_lines": 0, "num_statements": 9, "percent_covered": 0.0, "percent_covered_display": "0", "missing_lines": 9, "excluded_lines": 0, "percent_statements_covered": 0.0, "percent_statements_covered_display": "0"}, "missing_lines": [141, 144, 145, 147, 149, 150, 156, 157, 158], "excluded_lines": [], "start_line": 130}, "run_cache_cleanup": {"executed_lines": [], "summary": {"covered_lines": 0, "num_statements": 31, "percent_covered": 0.0, "percent_covered_display": "0", "missing_lines": 31, "excluded_lines": 0, "percent_statements_covered": 0.0, "percent_statements_covered_display": "0"}, "missing_lines": [174, 177, 178, 180, 181, 182, 183, 184, 185, 187, 188, 195, 196, 198, 200, 201, 204, 209, 210, 211, 212, 213, 216, 217, 218, 219, 220, 221, 223, 228, 229], "excluded_lines": [], "start_line": 162}, "run_log_rotation": {"executed_lines": [], "summary": {"covered_lines": 0, "num_statements": 31, "percent_covered": 0.0, "percent_covered_display": "0", "missing_lines": 31, "excluded_lines": 0, "percent_statements_covered": 0.0, "percent_statements_covered_display": "0"}, "missing_lines": [242, 245, 246, 248, 249, 250, 251, 252, 253, 255, 256, 257, 259, 261, 262, 264, 269, 270, 271, 272, 275, 276, 277, 278, 279, 280, 281, 282, 284, 289, 290], "excluded_lines": [], "start_line": 232}, "check_system_health": {"executed_lines": [], "summary": {"covered_lines": 0, "num_statements": 19, "percent_covered": 0.0, "percent_covered_display": "0", "missing_lines": 19, "excluded_lines": 0, "percent_statements_covered": 0.0, "percent_statements_covered_display": "0"}, "missing_lines": [305, 308, 309, 311, 312, 314, 315, 317, 325, 326, 327, 330, 331, 335, 336, 337, 339, 340, 341], "excluded_lines": [], "start_line": 293}, "": {"executed_lines": [8, 9, 10, 11, 12, 13, 15, 17, 18, 20, 23, 45, 61, 77, 130, 162, 232, 293], "summ
[...]
splay": "67"}, "missing_lines": [59, 96, 126, 127, 129, 133, 162, 163, 165, 169, 198, 199, 201, 205], "excluded_lines": [], "start_line": 12}, "": {"executed_lines": [7, 9, 12, 15, 24, 42, 57, 61, 79, 94, 98, 116, 131, 135, 152, 167, 171, 188, 203], "summary": {"covered_lines": 19, "num_statements": 19, "percent_covered": 100.0, "percent_covered_display": "100", "missing_lines": 0, "excluded_lines": 0, "percent_statements_covered": 100.0, "percent_statements_covered_display": "100"}, "missing_lines": [], "excluded_lines": [], "start_line": 1}}}, "src/visualizer.py": {"executed_lines": [], "summary": {"covered_lines": 0, "num_statements": 218, "percent_covered": 0.0, "percent_covered_display": "0", "missing_lines": 218, "excluded_lines": 0, "percent_statements_covered": 0.0, "percent_statements_covered_display": "0"}, "missing_lines": [10, 11, 13, 14, 15, 17, 18, 19, 20, 22, 25, 28, 43, 44, 45, 46, 47, 48, 49, 50, 51, 52, 53, 56, 57, 59, 67, 68, 71, 74, 84, 92, 101, 108, 110, 112, 125, 126, 129, 131, 132, 133, 136, 137, 142, 145, 148, 151, 154, 157, 160, 163, 175, 177, 179, 180, 183, 191, 198, 200, 202, 203, 205, 206, 207, 209, 211, 212, 214, 216, 217, 218, 221, 222, 223, 224, 226, 227, 230, 231, 232, 233, 235, 236, 239, 240, 243, 244, 245, 246, 248, 249, 252, 284, 286, 289, 290, 292, 294, 295, 298, 300, 301, 303, 304, 306, 308, 316, 318, 330, 333, 334, 336, 337, 339, 340, 341, 344, 346, 370, 372, 387, 390, 391, 394, 395, 398, 399, 401, 402, 409, 412, 415, 416, 417, 419, 420, 421, 423, 424, 425, 428, 430, 431, 434, 437, 440, 443, 444, 445, 448, 451, 454, 456, 467, 468, 470, 479, 487, 488, 490, 491, 494, 503, 506, 512, 519, 520, 536, 538, 540, 547, 549, 551, 552, 555, 556, 557, 558, 560, 561, 564, 565, 568, 570, 572, 584, 585, 588, 591, 764, 765, 767, 769, 771, 772, 775, 776, 777, 779, 780, 781, 782, 784, 785, 792, 794, 1258, 1259, 1261, 1263, 1270, 1272, 1282, 1297, 1298, 1307, 1313], "excluded_lines": [], "functions": {"RouteVisualizer.__init__": {"executed_lines": [], "summary": {"covered_lines": 0, "num_statements": 13, "percent_covered": 0.0, "percent_covered_display": "0", "missing_lines": 13, "excluded_lines": 0, "percent_statements_covered": 0.0, "percent_statements_covered_display": "0"}, "missing_lines": [43, 44, 45, 46, 47, 48, 49, 50, 51, 52, 53, 56, 57], "excluded_lines": [], "start_line": 28}, "RouteVisualizer.create_base_map": {"executed_lines": [], "summary": {"covered_lines": 0, "num_statements": 9, "percent_covered": 0.0, "percent_covered_display": "0", "missing_lines": 9, "excluded_lines": 0, "percent_statements_covered": 0.0, "percent_statements_covered_display": "0"}, "missing_lines": [67, 68, 71, 74, 84, 92, 101, 108, 110], "excluded_lines": [], "start_line": 59}, "RouteVisualizer.add_route_layer": {"executed_lines": [], "summary": {"covered_lines": 0, "num_statements": 17, "percent_covered": 0.0, "percent_covered_display": "0", "missing_lines": 17, "excluded_lines": 0, "percent_statements_covered": 0.0, "percent_statements_covered_display": "0"}, "missing_lines": [125, 126, 129, 131, 132, 133, 136, 137, 142, 145, 148, 151, 154, 157, 160, 163, 175], "excluded_lines": [], "start_line": 112}, "RouteVisualizer.add_location_markers": {"executed_lines": [], "summary": {"covered_lines": 0, "num_statements": 5, "percent_covered": 0.0, "percent_covered_display": "0", "missing_lines": 5, "excluded_lines": 0, "percent_statements_covered": 0.0, "percent_statements_covered_display": "0"}, "missing_lines": [179, 180, 183, 191, 198], "excluded_lines": [], "start_line": 177}, "RouteVisualizer.add_weather_display": {"executed_lines": [], "summary": {"covered_lines": 0, "num_statements": 37, "percent_covered": 0.0, "percent_covered_display": "0", "missing_lines": 37, "excluded_lines": 0, "percent_statements_covered": 0.0, "percent_statements_covered_display": "0"}, "missing_lines": [202, 203, 205, 206, 207, 209, 211, 212, 214, 216, 217, 218, 221, 222, 223, 224, 226, 227, 230, 231, 232, 233, 235, 236, 239, 240, 243, 244, 245, 246, 248, 249, 252, 284, 286, 289, 290], "excluded_lines": [], "start_line": 200}, "RouteVisualizer.add_heatmap_layer": {"executed_lines": [], "summary": {"covered_lines": 0, "num_statements": 10, "percent_covered": 0.0, "percent_covered_display": "0", "missing_lines": 10, "excluded_lines": 0, "percent_statements_covered": 0.0, "percent_statements_covered_display": "0"}, "missing_lines": [294, 295, 298, 300, 301, 303, 304, 306, 308, 316], "excluded_lines": [], "start_line": 292}, "RouteVisualizer._create_popup_html": {"executed_lines": [], "summary": {"covered_lines": 0, "num_statements": 11, "percent_covered": 0.0, "percent_covered_display": "0", "missing_lines": 11, "excluded_lines": 0, "percent_statements_covered": 0.0, "percent_statements_covered_display": "0"}, "missing_lines": [330, 333, 334, 336, 337, 339, 340, 341, 344, 346, 370], "excluded_lines": [], "start_line": 318}, "RouteVisualizer.generate_map": {"executed_lines": [], "summary": {"covered_lines": 0, "num_statements": 32, "percent_covered": 0.0, "percent_covered_display": "0", "missing_lines": 32, "excluded_lines": 0, "percent_statements_covered": 0.0, "percent_statements_covered_display": "0"}, "missing_lines": [387, 390, 391, 394, 395, 398, 399, 401, 402, 409, 412, 415, 416, 417, 419, 420, 421, 423, 424, 425, 428, 430, 431, 434, 437, 440, 443, 444, 445, 448, 451, 454], "excluded_lines": [], "start_line": 372}, "RouteVisualizer.generate_preview_map": {"executed_lines": [], "summary": {"covered_lines": 0, "num_statements": 16, "percent_covered": 0.0, "percent_covered_display": "0", "missing_lines": 16, "excluded_lines": 0, "percent_statements_covered": 0.0, "percent_statements_covered_display": "0"}, "missing_lines": [467, 468, 470, 479, 487, 488, 490, 491, 494, 503, 506, 512, 519, 520, 536, 538], "excluded_lines": [], "start_line": 456}, "RouteVisualizer.get_route_colors": {"executed_lines": [], "summary": {"covered_lines": 0, "num_statements": 1, "percent_covered": 0.0, "percent_covered_display": "0", "missing_lines": 1, "excluded_lines": 0, "percent_statements_covered": 0.0, "percent_statements_covered_display": "0"}, "missing_lines": [547], "excluded_lines": [], "start_line": 540}, "RouteVisualizer._add_long_rides_javascript": {"executed_lines": [], "summary": {"covered_lines": 0, "num_statements": 20, "percent_covered": 0.0, "percent_covered_display": "0", "missing_lines": 20, "excluded_lines": 0, "percent_statements_covered": 0.0, "percent_statements_covered_display": "0"}, "missing_lines": [551, 552, 555, 556, 557, 558, 560, 561, 564, 565, 568, 570, 572, 584, 585, 588, 591, 764, 765, 767], "excluded_lines": [], "start_line": 549}, "RouteVisualizer._add_route_interaction_javascript": {"executed_lines": [], "summary": {"covered_lines": 0, "num_statements": 16, "percent_covered": 0.0, "percent_covered_display": "0", "missing_lines": 16, "excluded_lines": 0, "percent_statements_covered": 0.0, "percent_statements_covered_display": "0"}, "missing_lines": [771, 772, 775, 776, 777, 779, 780, 781, 782, 784, 785, 792, 794, 1258, 1259, 1261], "excluded_lines": [], "start_line": 769}, "RouteVisualizer.get_route_names": {"executed_lines": [], "summary": {"covered_lines": 0, "num_statements": 1, "percent_covered": 0.0, "percent_covered_display": "0", "missing_lines": 1, "excluded_lines": 0, "percent_statements_covered": 0.0, "percent_statements_covered_display": "0"}, "missing_lines": [1270], "excluded_lines": [], "start_line": 1263}, "RouteVisualizer.create_legend_html": {"executed_lines": [], "summary": {"covered_lines": 0, "num_statements": 5, "percent_covered": 0.0, "percent_covered_display": "0", "missing_lines": 5, "excluded_lines": 0, "percent_statements_covered": 0.0, "percent_statements_covered_display": "0"}, "missing_lines": [1282, 1297, 1298, 1307, 1313], "excluded_lines": [], "start_line": 1272}, "": {"executed_lines": [], "summary": {"covered_lines": 0, "num_statements": 25, "percent_covered": 0.0, "percent_covered_display": "0", "missing_lines": 25, "excluded_lines": 0, "percent_statements_covered": 0.0, "percent_statements_covered_display": "0"}, "missing_lines": [10, 11, 13, 14, 15, 17, 18, 19, 20, 22, 25, 28, 59, 112, 177, 200, 292, 318, 372, 456, 540, 549, 769, 1263, 1272], "excluded_lines": [], "start_line": 1}}, "classes": {"RouteVisualizer": {"executed_lines": [], "summary": {"covered_lines": 0, "num_statements": 193, "percent_covered": 0.0, "percent_covered_display": "0", "missing_lines": 193, "excluded_lines": 0, "percent_statements_covered": 0.0, "percent_statements_covered_display": "0"}, "missing_lines": [43, 44, 45, 46, 47, 48, 49, 50, 51, 52, 53, 56, 57, 67, 68, 71, 74, 84, 92, 101, 108, 110, 125, 126, 129, 131, 132, 133, 136, 137, 142, 145, 148, 151, 154, 157, 160, 163, 175, 179, 180, 183, 191, 198, 202, 203, 205, 206, 207, 209, 211, 212, 214, 216, 217, 218, 221, 222, 223, 224, 226, 227, 230, 231, 232, 233, 235, 236, 239, 240, 243, 244, 245, 246, 248, 249, 252, 284, 286, 289, 290, 294, 295, 298, 300, 301, 303, 304, 306, 308, 316, 330, 333, 334, 336, 337, 339, 340, 341, 344, 346, 370, 387, 390, 391, 394, 395, 398, 399, 401, 402, 409, 412, 415, 416, 417, 419, 420, 421, 423, 424, 425, 428, 430, 431, 434, 437, 440, 443, 444, 445, 448, 451, 454, 467, 468, 470, 479, 487, 488, 490, 491, 494, 503, 506, 512, 519, 520, 536, 538, 547, 551, 552, 555, 556, 557, 558, 560, 561, 564, 565, 568, 570, 572, 584, 585, 588, 591, 764, 765, 767, 771, 772, 775, 776, 777, 779, 780, 781, 782, 784, 785, 792, 794, 1258, 1259, 1261, 1270, 1282, 1297, 1298, 1307, 1313], "excluded_lines": [], "start_line": 25}, "": {"executed_lines": [], "summary": {"covered_lines": 0, "num_statements": 25, "percent_covered": 0.0, "percent_covered_display": "0", "missing_lines": 25, "excluded_lines": 0, "percent_statements_covered": 0.0, "percent_statements_covered_display": "0"}, "missing_lines": [10, 11, 13, 14, 15, 17, 18, 19, 20, 22, 25, 28, 59, 112, 177, 200, 292, 318, 372, 456, 540, 549, 769, 1263, 1272], "excluded_lines": [], "start_line": 1}}}, "src/weather_fetcher.py": {"executed_lines": [8, 9, 10, 11, 12, 13, 14, 15, 16, 17, 18, 20, 23, 26, 36, 37, 38, 39, 42, 43, 44, 45, 51, 52, 54, 61, 65, 66, 67, 70, 71, 73, 74, 79, 80, 86, 106, 117, 119, 120, 123, 124, 132, 133, 134, 135, 138, 142, 154, 155, 156, 210, 262, 315, 325, 329, 335, 336, 337, 338, 339, 341, 346, 347, 359, 362, 364, 365, 380, 381, 434, 437, 438, 450, 451, 453, 455, 456, 458, 459, 461, 463, 464, 482, 485, 486, 489, 493, 494, 496, 502, 520, 524, 525, 530, 531, 534, 536, 537, 538, 542, 543, 544, 547, 548, 549, 552, 555, 560, 562, 563, 564, 567, 569, 570, 571, 580, 583, 586, 587, 588, 591, 593, 604, 606], "summary": {"covered_lines": 125, "num_statements": 230, "percent_covered": 54.34782608695652, "percent_covered_display": "54", "missing_lines": 105, "excluded_lines": 0, "percent_statements_covered": 54.34782608695652, "percent_statements_covered_display": "54"}, "missing_lines": [47, 48, 62, 63, 82, 83, 84, 88, 90, 91, 92, 93, 98, 99, 101, 103, 104, 126, 127, 129, 140, 158, 159, 168, 169, 171, 173, 174, 176, 178, 179, 192, 196, 202, 204, 206, 207, 208, 223, 224, 234, 235, 237, 239, 240, 242, 243, 245, 246, 254, 256, 258, 259, 260, 274, 275, 285, 286, 288, 290, 291, 293, 294, 296, 297, 306, 308, 309, 311, 312, 313, 326, 342, 343, 375, 377, 378, 400, 401, 404, 405, 406, 407, 408, 409, 410, 411, 412, 413, 414, 415, 416, 417, 418, 420, 421, 422, 423, 425, 521, 532, 573, 574, 581, 589], "excluded_lines": [], "functions": {"WeatherFetcher.__init__": {"executed_lines": [36, 37, 38, 39, 42, 43, 44, 45, 51, 52], "summary": {"covered_lines": 10, "num_statements": 12, "percent_covered": 83.33333333333333, "percent_covered_display": "83", "missing_lines": 2, "excluded_lines": 0, "percent_statements_covered": 83.33333333333333, "percent_statements_covered_display": "83"}, "missing_lines": [47, 48], "excluded_lines": [], "start_line": 26}, "WeatherFetcher._load_cache": {"executed_lines": [61, 65, 66, 67, 70, 71, 73, 74, 79, 80], "summary": {"covered_lines": 10, "num_statements": 15, "percent_covered": 66.66666666666667, "percent_covered_display": "67", "missing_lines": 5, "excluded_lines": 0, "percent_statements_covered": 66.66666666666667, "percent_statements_covered_display": "67"}, "missing_lines": [62, 63, 82, 83, 84], "excluded_lines": [], "start_line": 54}, "WeatherFetcher._save_cache": {"executed_lines": [], "summary": {"covered_lines": 0, "num_statements": 10, "percent_covered": 0.0, "percent_covered_display": "0", "missing_lines": 10, "excluded_lines": 0, "percent_statements_covered": 0.0, "percent_statements_covered_display": "0"}, "missing_lines": [88, 90, 91, 92, 93, 98, 99, 101, 103, 104], "excluded_lines": [], "start_line": 86}, "WeatherFetcher._find_cached_weather": {"executed_lines": [117, 119, 120, 123, 124, 132, 133, 134, 135, 138], "summary": {"covered_lines": 10, "num_statements": 14, "percent_covered": 71.42857142857143, "percent_covered_display": "71", "missing_lines": 4, "excluded_lines": 0, "percent_statements_covered": 71.42857142857143, "percent_statements_covered_display": "71"}, "missing_lines": [126, 127, 129, 140], "excluded_lines": [], "start_line": 106}, "WeatherFetcher.get_current_conditions": {"executed_lines": [154, 155, 156], "summary": {"covered_lines": 3, "num_statements": 20, "percent_covered": 15.0, "percent_covered_display": "15", "missing_lines": 17, "excluded_lines": 0, "percent_statements_covered": 15.0, "percent_statements_covered_display": "15"}, "missing_lines": [158, 159, 168, 169, 171, 173, 174, 176, 178, 179, 192, 196, 202, 204, 206, 207, 208], "excluded_lines": [], "start_line": 142}, "WeatherFetcher.get_hourly_forecast": {"executed_lines": [], "summary": {"covered_lines": 0, "num_statements": 16, "percent_covered": 0.0, "percent_covered_display": "0", "missing_lines": 16, "excluded_lines": 0, "percent_statements_covered": 0.0, "percent_statements_covered_display": "0"}, "missing_lines": [223, 224, 234, 235, 237, 239, 240, 242, 243, 245, 246, 254, 256, 258, 259, 260], "excluded_lines": [], "start_line": 210}, "WeatherFetcher.get_daily_forecast": {"executed_lines": [], "summary": {"covered_lines": 0, "num_statements": 17, "percent_covered": 0.0, "percent_covered_display": "0", "missing_lines": 17, "excluded_lines": 0, "percent_statements_covered": 0.0, "percent_statements_covered_display": "0"}, "missing_lines": [274, 275, 285, 286, 288, 290, 291, 293, 294, 296, 297, 306, 308, 309, 311, 312, 313], "excluded_lines": [], "start_line": 262}, "WeatherFetcher.get_route_weather": {"executed_lines": [325, 329, 335, 336, 337, 338, 339, 341, 346, 347, 359, 362], "summary": {"covered_lines": 12, "num_statements": 15, "percent_covered": 80.0, "percent_covered_display": "80", "missing_lines": 3, "excluded_lines": 0, "percent_statements_covered": 80.0, "percent_statements_covered_display": "80"}, "missing_lines": [326, 342, 343], "excluded_lines": [], "start_line": 315}, "WeatherFetcher.degrees_to_cardinal": {"executed_lines": [], "summary": {"covered_lines": 0, "num_statements": 3, "percent_covered": 0.0, "percent_covered_display": "0", "missing_lines": 3, "excluded_lines": 0, "percent_statements_covered": 0.0, "percent_statements_covered_display": "0"}, "missing_lines": [375, 377, 378], "excluded_lines": [], "start_line": 365}, "WeatherFetcher.get_prevailing_wind_direction": {"executed_lines": [], "summary": {"covered_lines": 0, "num_statements": 22, "percent_covered": 0.0, "percent_covered_display": "0", "missing_lines": 22, "excluded_lines": 0, "percent_statements_covered": 0.0, "percent_statements_covered_display": "0"}, "missing_lines": [400, 401, 404, 405, 406, 407, 408, 409, 410, 411, 412, 413, 414, 415, 416, 417, 418, 420, 421, 422, 423, 425], "excluded_lines": [], "start_line": 381}, "WindImpactCalculator.calculate_bearing": {"executed_lines": [450, 451, 453, 455, 456, 458, 459, 461], "summary": {"covered_lines": 8, "num_statements": 8, "percent_covered": 100.0, "percent_covered_display": "100", "missing_lines": 0, "excluded_lines": 0, "percent_statements_covered": 100.0, "percent_statements_covered_display": "100"}, "missing_lines": [], "excluded_lines": [], "start_line": 438}, "WindImpactCalculator.calculate_wind_component": {"executed_lines": [482, 485, 486, 489, 493, 494, 496], "summary": {"covered_lines": 7, "num_statements": 7, "percent_covered": 100.0, "percent_covered_display": "100", "missing_lines": 0, "excluded_lines": 0, "percent_statements_covered": 100.0, "percent_statements_covered_display": "100"}, "missing_lines": [], "excluded_lines": [], "start_line": 464}, "WindImpactCalculator.analyze_route_wind_impact": {"executed_lines": [520, 524, 525, 530, 531, 534, 536, 537, 538, 542, 543, 544, 547, 548, 549, 552, 555, 560, 562, 563, 564, 567, 569, 570, 571, 580, 583, 586, 587, 588, 591, 593, 604, 606], "summary": {"covered_lines": 34, "num_statements": 40, "percent_covered": 85.0, "percent_covered_display": "85", "missing_lines": 6, "excluded_lines": 0, "percent_statements_covered": 85.0, "percent_statements_covered_display": "85"}, "missing_lines": [521, 532, 573, 574, 581, 589], "excluded_lines": [], "start_line": 502}, "": {"executed_lines": [8, 9, 10, 11, 12, 13, 14, 15, 16, 17, 18, 20, 23, 26, 54, 86, 106, 142, 210, 262, 315, 364, 365, 380, 381, 434, 437, 438, 463, 464, 502], "summary": {"covered_lines": 31, "num_statements": 31, "percent_covered": 100.0, "percent_covered_display": "100", "missing_lines": 0, "excluded_lines": 0, "percent_statements_covered": 100.0, "percent_statements_covered_display": "100"}, "missing_lines": [], "excluded_lines": [], "start_line": 1}}, "classes": {"WeatherFetcher": {"executed_lines": [36, 37, 38, 39, 42, 43, 44, 45, 51, 52, 61, 65, 66, 67, 70, 71, 73, 74, 79, 80, 117, 119, 120, 123, 124, 132, 133, 134, 135, 138, 154, 155, 156, 325, 329, 335, 336, 337, 338, 339, 341, 346, 347, 359, 362], "summary": {"covered_lines": 45, "num_statements": 144, "percent_covered": 31.25, "percent_covered_display": "31", "missing_lines": 99, "excluded_lines": 0, "percent_statements_covered": 31.25, "percent_statements_covered_display": "31"}, "missing_lines": [47, 48, 62, 63, 82, 83, 84, 88, 90, 91, 92, 93, 98, 99, 101, 103, 104, 126, 127, 129, 140, 158, 159, 168, 169, 171, 173, 174, 176, 178, 179, 192, 196, 202, 204, 206, 207, 208, 223, 224, 234, 235, 237, 239, 240, 242, 243, 245, 246, 254, 256, 258, 259, 260, 274, 275, 285, 286, 288, 290, 291, 293, 294, 296, 297, 306, 308, 309, 311, 312, 313, 326, 342, 343, 375, 377, 378, 400, 401, 404, 405, 406, 407, 408, 409, 410, 411, 412, 413, 414, 415, 416, 417, 418, 420, 421, 422, 423, 425], "excluded_lines": [], "start_line": 23}, "WindImpactCalculator": {"executed_lines": [450, 451, 453, 455, 456, 458, 459, 461, 482, 485, 486, 489, 493, 494, 496, 520, 524, 525, 530, 531, 534, 536, 537, 538, 542, 543, 544, 547, 548, 549, 552, 555, 560, 562, 563, 564, 567, 569, 570, 571, 580, 583, 586, 587, 588, 591, 593, 604, 606], "summary": {"covered_lines": 49, "num_statements": 55, "percent_covered": 89.0909090909091, "percent_covered_display": "89", "missing_lines": 6, "excluded_lines": 0, "percent_statements_covered": 89.0909090909091, "percent_statements_covered_display": "89"}, "missing_lines": [521, 532, 573, 574, 581, 589], "excluded_lines": [], "start_line": 434}, "": {"executed_lines": [8, 9, 10, 11, 12, 13, 14, 15, 16, 17, 18, 20, 23, 26, 54, 86, 106, 142, 210, 262, 315, 364, 365, 380, 381, 434, 437, 438, 463, 464, 502], "summary": {"covered_lines": 31, "num_statements": 31, "percent_covered": 100.0, "percent_covered_display": "100", "missing_lines": 0, "excluded_lines": 0, "percent_statements_covered": 100.0, "percent_statements_covered_display": "100"}, "missing_lines": [], "excluded_lines": [], "start_line": 1}}}}, "totals": {"covered_lines": 2144, "num_statements": 6241, "percent_covered": 34.35346899535331, "percent_covered_display": "34", "missing_lines": 4097, "excluded_lines": 1, "percent_statements_covered": 34.35346899535331, "percent_statements_covered_display": "34"}}