{"meta": {"format": 3, "version": "7.13.5", "timestamp": "2026-05-07T08:35:34.992322", "branch_coverage": false, "show_contexts": false}, "files": {"app/__init__.py": {"executed_lines": [8, 9, 10, 11, 14, 24, 29, 30, 33, 34, 37, 38, 41, 44, 47, 50, 53, 54, 55, 56, 57, 64, 66, 69, 71, 86, 88, 91, 92, 93, 94, 95, 96, 98, 101, 103, 105, 106, 112, 113, 120, 121], "summary": {"covered_lines": 42, "num_statements": 59, "percent_covered": 71.1864406779661, "percent_covered_display": "71", "missing_lines": 17, "excluded_lines": 4, "percent_statements_covered": 71.1864406779661, "percent_statements_covered_display": "71"}, "missing_lines": [73, 74, 76, 77, 80, 81, 82, 83, 108, 109, 110, 116, 117, 118, 123, 124, 125], "excluded_lines": [58, 59, 60, 115], "functions": {"create_app": {"executed_lines": [24, 29, 30, 33, 34, 37, 38, 41, 44, 47, 50, 53, 54, 55, 56, 57, 64, 66], "summary": {"covered_lines": 18, "num_statements": 18, "percent_covered": 100.0, "percent_covered_display": "100", "missing_lines": 0, "excluded_lines": 3, "percent_statements_covered": 100.0, "percent_statements_covered_display": "100"}, "missing_lines": [], "excluded_lines": [58, 59, 60], "start_line": 14}, "configure_logging": {"executed_lines": [71], "summary": {"covered_lines": 1, "num_statements": 9, "percent_covered": 11.11111111111111, "percent_covered_display": "11", "missing_lines": 8, "excluded_lines": 0, "percent_statements_covered": 11.11111111111111, "percent_statements_covered_display": "11"}, "missing_lines": [73, 74, 76, 77, 80, 81, 82, 83], "excluded_lines": [], "start_line": 69}, "register_blueprints": {"executed_lines": [88, 91, 92, 93, 94, 95, 96, 98], "summary": {"covered_lines": 8, "num_statements": 8, "percent_covered": 100.0, "percent_covered_display": "100", "missing_lines": 0, "excluded_lines": 0, "percent_statements_covered": 100.0, "percent_statements_covered_display": "100"}, "missing_lines": [], "excluded_lines": [], "start_line": 86}, "register_error_handlers": {"executed_lines": [103, 105, 106, 112, 113, 120, 121], "summary": {"covered_lines": 7, "num_statements": 7, "percent_covered": 100.0, "percent_covered_display": "100", "missing_lines": 0, "excluded_lines": 0, "percent_statements_covered": 100.0, "percent_statements_covered_display": "100"}, "missing_lines": [], "excluded_lines": [], "start_line": 101}, "register_error_handlers.not_found_error": {"executed_lines": [], "summary": {"covered_lines": 0, "num_statements": 3, "percent_covered": 0.0, "percent_covered_display": "0", "missing_lines": 3, "excluded_lines": 0, "percent_statements_covered": 0.0, "percent_statements_covered_display": "0"}, "missing_lines": [108, 109, 110], "excluded_lines": [], "start_line": 106}, "register_error_handlers.internal_error": {"executed_lines": [], "summary": {"covered_lines": 0, "num_statements": 3, "percent_covered": 0.0, "percent_covered_display": "0", "missing_lines": 3, "excluded_lines": 1, "percent_statements_covered": 0.0, "percent_statements_covered_display": "0"}, "missing_lines": [116, 117, 118], "excluded_lines": [115], "start_line": 113}, "register_error_handlers.forbidden_error": {"executed_lines": [], "summary": {"covered_lines": 0, "num_statements": 3, "percent_covered": 0.0, "percent_covered_display": "0", "missing_lines": 3, "excluded_lines": 0, "percent_statements_covered": 0.0, "percent_statements_covered_display": "0"}, "missing_lines": [123, 124, 125], "excluded_lines": [], "start_line": 121}, "": {"executed_lines": [8, 9, 10, 11, 14, 69, 86, 101], "summary": {"covered_lines": 8, "num_statements": 8, "percent_covered": 100.0, "percent_covered_display": "100", "missing_lines": 0, "excluded_lines": 0, "percent_statements_covered": 100.0, "percent_statements_covered_display": "100"}, "missing_lines": [], "excluded_lines": [], "start_line": 1}}, "classes": {"": {"executed_lines": [8, 9, 10, 11, 14, 24, 29, 30, 33, 34, 37, 38, 41, 44, 47, 50, 53, 54, 55, 56, 57, 64, 66, 69, 71, 86, 88, 91, 92, 93, 94, 95, 96, 98, 101, 103, 105, 106, 112, 113, 120, 121], "summary": {"covered_lines": 42, "num_statements": 59, "percent_covered": 71.1864406779661, "percent_covered_display": "71", "missing_lines": 17, "excluded_lines": 4, "percent_statements_covered": 71.1864406779661, "percent_statements_covered_display": "71"}, "missing_lines": [73, 74, 76, 77, 80, 81, 82, 83, 108, 109, 110, 116, 117, 118, 123, 124, 125], "excluded_lines": [58, 59, 60, 115], "start_line": 1}}}, "app/config.py": {"executed_lines": [7, 8, 11, 15, 18, 19, 20, 21, 24, 25, 26, 29, 30, 33, 34, 35, 38, 39, 42, 43, 46, 47, 50, 51, 54, 55, 58, 61, 62, 65, 68, 71, 74, 75, 78, 81, 84, 85, 86, 89, 92, 95, 96, 99, 102, 105, 109], "summary": {"covered_lines": 47, "num_statements": 47, "percent_covered": 100.0, "percent_covered_display": "100", "missing_lines": 0, "excluded_lines": 0, "percent_statements_covered": 100.0, "percent_statements_covered_display": "100"}, "missing_lines": [], "excluded_lines": [], "functions": {"": {"executed_lines": [7, 8, 11, 15, 18, 19, 20, 21, 24, 25, 26, 29, 30, 33, 34, 35, 38, 39, 42, 43, 46, 47, 50, 51, 54, 55, 58, 61, 62, 65, 68, 71, 74, 75, 78, 81, 84, 85, 86, 89, 92, 95, 96, 99, 102, 105, 109], "summary": {"covered_lines": 47, "num_statements": 47, "percent_covered": 100.0, "percent_covered_display": "100", "missing_lines": 0, "excluded_lines": 0, "percent_statements_covered": 100.0, "percent_statements_covered_display": "100"}, "missing_lines": [], "excluded_lines": [], "start_line": 1}}, "classes": {"Config": {"executed_lines": [], "summary": {"covered_lines": 0, "num_statements": 0, "percent_covered": 100.0, "percent_covered_display": "100", "missing_lines": 0, "excluded_lines": 0, "percent_statements_covered": 100.0, "percent_statements_covered_display": "100"}, "missing_lines": [], "excluded_lines": [], "start_line": 11}, "DevelopmentConfig": {"executed_lines": [], "summary": {"covered_lines": 0, "num_statements": 0, "percent_covered": 100.0, "percent_covered_display": "100", "missing_lines": 0, "excluded_lines": 0, "percent_statements_covered": 100.0, "percent_statements_covered_display": "100"}, "missing_lines": [], "excluded_lines": [], "start_line": 58}, "ProductionConfig": {"executed_lines": [], "summary": {"covered_lines": 0, "num_statements": 0, "percent_covered": 100.0, "percent_covered_display": "100", "missing_lines": 0, "excluded_lines": 0, "percent_statements_covered": 100.0, "percent_statements_covered_display": "100"}, "missing_lines": [], "excluded_lines": [], "start_line": 71}, "TestingConfig": {"executed_lines": [], "summary": {"covered_lines": 0, "num_statements": 0, "percent_covered": 100.0, "percent_covered_display": "100", "missing_lines": 0, "excluded_lines": 0, "percent_statements_covered": 100.0, "percent_statements_covered_display": "100"}, "missing_lines": [], "excluded_lines": [], "start_line": 92}, "": {"executed_lines": [7, 8, 11, 15, 18, 19, 20, 21, 24, 25, 26, 29, 30, 33, 34, 35, 38, 39, 42, 43, 46, 47, 50, 51, 54, 55, 58, 61, 62, 65, 68, 71, 74, 75, 78, 81, 84, 85, 86, 89, 92, 95, 96, 99, 102, 105, 109], "summary": {"covered_lines": 47, "num_statements": 47, "percent_covered": 100.0, "percent_covered_display": "100", "missing_lines": 0, "excluded_lines": 0, "percent_statements_covered": 100.0, "percent_statements_covered_display": "100"}, "missing_lines": [], "excluded_lines": [], "start_line": 1}}}, "app/models/__init__.py": {"executed_lines": [18, 19, 20, 21, 22, 23, 24, 25, 27], "summary": {"covered_lines": 9, "num_statements": 9, "percent_covered": 100.0, "percent_covered_display": "100", "missing_lines": 0, "excluded_lines": 0, "percent_statements_covered": 100.0, "percent_statements_covered_display": "100"}, "missing_lines": [], "excluded_lines": [], "functions": {"": {"executed_lines": [18, 19, 20, 21, 22, 23, 24, 25, 27], "summary": {"covered_lines": 9, "num_statements": 9, "percent_covered": 100.0, "percent_covered_display": "100", "missing_lines": 0, "excluded_lines": 0, "percent_statements_covered": 100.0, "percent_statements_covered_display": "100"}, "missing_lines": [], "excluded_lines": [], "start_line": 1}}, "classes": {"": {"executed_lines": [18, 19, 20, 21, 22, 23, 24, 25, 27], "summary": {"covered_lines": 9, "num_statements": 9, "percent_covered": 100.0, "percent_covered_display": "100", "missing_lines": 0, "excluded_lines": 0, "percent_statements_covered": 100.0, "percent_statements_covered_display": "100"}, "missing_lines": [], "excluded_lines": [], "start_line": 1}}}, "app/models/analysis.py": {"executed_lines": [8, 9, 12, 22, 24, 27, 28, 29, 32, 33, 34, 37, 38, 39, 40, 41, 42, 45, 46, 47, 50, 53, 54, 59, 87, 88, 92, 93], "summary": {"covered_lines": 28, "num_statements": 35, "percent_covered": 80.0, "percent_covered_display": "80", "missing_lines": 7, "excluded_lines": 2, "percent_statements_covered": 80.0, "percent_statements_covered_display": "80"}, "missing_lines": [61, 90, 103, 104, 105, 107, 108], "excluded_lines": [56, 57], "functions": {"AnalysisSnapshot.__repr__": {"executed_lines": [], "summary": {"covered_lines": 0, "num_statements": 0, "percent_covered": 100.0, "percent_covered_display": "100", "missing_lines": 0, "excluded_lines": 1, "percent_statements_covered": 100.0, "percent_statements_covered_display": "100"}, "missing_lines": [], "excluded_lines": [57], "start_line": 56}, "AnalysisSnapshot.to_dict": {"executed_lines": [], "summary": {"covered_lines": 0, "num_statements": 1, "percent_covered": 0.0, "percent_covered_display": "0", "missing_lines": 1, "excluded_lines": 0, "percent_statements_covered": 0.0, "percent_statements_covered_display": "0"}, "missing_lines": [61], "excluded_lines": [], "start_line": 59}, "AnalysisSnapshot.get_latest": {"executed_lines": [], "summary": {"covered_lines": 0, "num_statements": 1, "percent_covered": 0.0, "percent_covered_display": "0", "missing_lines": 1, "excluded_lines": 0, "percent_statements_covered": 0.0, "percent_statements_covered_display": "0"}, "missing_lines": [90], "excluded_lines": [], "start_line": 88}, "AnalysisSnapshot.is_stale": {"executed_lines": [], "summary": {"covered_lines": 0, "num_statements": 5, "percent_covered": 0.0, "percent_covered_display": "0", "missing_lines": 5, "excluded_lines": 0, "percent_statements_covered": 0.0, "percent_statements_covered_display": "0"}, "missing_lines": [103, 104, 105, 107, 108], "excluded_lines": [], "start_line": 93}, "": {"executed_lines": [8, 9, 12, 22, 24, 27, 28, 29, 32, 33, 34, 37, 38, 39, 40, 41, 42, 45, 46, 47, 50, 53, 54, 59, 87, 88, 92, 93], "summary": {"covered_lines": 28, "num_statements": 28, "percent_covered": 100.0, "percent_covered_display": "100", "missing_lines": 0, "excluded_lines": 1, "percent_statements_covered": 100.0, "percent_statements_covered_display": "100"}, "missing_lines": [], "excluded_lines": [56], "start_line": 1}}, "classes": {"AnalysisSnapshot": {"executed_lines": [], "summary": {"covered_lines": 0, "num_statements": 7, "percent_covered": 0.0, "percent_covered_display": "0", "missing_lines": 7, "excluded_lines": 1, "percent_statements_covered": 0.0, "percent_statements_covered_display": "0"}, "missing_lines": [61, 90, 103, 104, 105, 107, 108], "excluded_lines": [57], "start_line": 12}, "": {"executed_lines": [8, 9, 12, 22, 24, 27, 28, 29, 32, 33, 34, 37, 38, 39, 40, 41, 42, 45, 46, 47, 50, 53, 54, 59, 87, 88, 92, 93], "summary": {"covered_lines": 28, "num_statements": 28, "percent_covered": 100.0, "percent_covered_display": "100", "missing_lines": 0, "excluded_lines": 1, "percent_statements_covered": 100.0, "percent_statements_covered_display": "100"}, "missing_lines": [], "excluded_lines": [56], "start_line": 1}}}, "app/models/base.py": {"executed_lines": [7, 8, 9, 10, 13, 21, 24, 26, 30, 33, 35, 36, 39, 56], "summary": {"covered_lines": 14, "num_statements": 21, "percent_covered": 66.66666666666667, "percent_covered_display": "67", "missing_lines": 7, "excluded_lines": 1, "percent_statements_covered": 66.66666666666667, "percent_statements_covered_display": "67"}, "missing_lines": [46, 48, 50, 53, 65, 66, 67], "excluded_lines": [68], "functions": {"init_db": {"executed_lines": [], "summary": {"covered_lines": 0, "num_statements": 4, "percent_covered": 0.0, "percent_covered_display": "0", "missing_lines": 4, "excluded_lines": 0, "percent_statements_covered": 0.0, "percent_statements_covered_display": "0"}, "missing_lines": [46, 48, 50, 53], "excluded_lines": [], "start_line": 39}, "reset_db": {"executed_lines": [], "summary": {"covered_lines": 0, "num_statements": 3, "percent_covered": 0.0, "percent_covered_display": "0", "missing_lines": 3, "excluded_lines": 1, "percent_statements_covered": 0.0, "percent_statements_covered_display": "0"}, "missing_lines": [65, 66, 67], "excluded_lines": [68], "start_line": 56}, "": {"executed_lines": [7, 8, 9, 10, 13, 21, 24, 26, 30, 33, 35, 36, 39, 56], "summary": {"covered_lines": 14, "num_statements": 14, "percent_covered": 100.0, "percent_covered_display": "100", "missing_lines": 0, "excluded_lines": 0, "percent_statements_covered": 100.0, "percent_statements_covered_display": "100"}, "missing_lines": [], "excluded_lines": [], "start_line": 1}}, "classes": {"Base": {"executed_lines": [], "summary": {"covered_lines": 0, "num_statements": 0, "percent_covered": 100.0, "percent_covered_display": "100", "missing_lines": 0, "excluded_lines": 0, "percent_statements_covered": 100.0, "percent_statements_covered_display": "100"}, "missing_lines": [], "excluded_lines": [], "start_line": 24}, "TimestampMixin": {"executed_lines": [], "summary": {"covered_lines": 0, "num_statements": 0, "percent_covered": 100.0, "percent_covered_display": "100", "missing_lines": 0, "excluded_lines": 0, "percent_statements_covered": 100.0, "percent_statements_covered_display": "100"}, "missing_lines": [], "excluded_lines": [], "start_line": 33}, "": {"executed_lines": [7, 8, 9, 10, 13, 21, 24, 26, 30, 33, 35, 36, 39, 56], "summary": {"covered_lines": 14, "num_statements": 21, "percent_covered": 66.66666666666667, "percent_covered_display": "67", "missing_lines": 7, "excluded_lines": 1, "percent_statements_covered": 66.66666666666667, "percent_statements_covered_display": "67"}, "missing_lines": [46, 48, 50, 53, 65, 66, 67], "excluded_lines": [68], "start_line": 1}}}, "app/models/favorites.py": {"executed_lines": [7, 8, 11, 18, 20, 21, 22, 23, 24, 29], "summary": {"covered_lines": 10, "num_statements": 11, "percent_covered": 90.9090909090909, "percent_covered_display": "91", "missing_lines": 1, "excluded_lines": 2, "percent_statements_covered": 90.9090909090909, "percent_statements_covered_display": "91"}, "missing_lines": [31], "excluded_lines": [26, 27], "functions": {"FavoriteRoute.__repr__": {"executed_lines": [], "summary": {"covered_lines": 0, "num_statements": 0, "percent_covered": 100.0, "percent_covered_display": "100", "missing_lines": 0, "excluded_lines": 1, "percent_statements_covered": 100.0, "percent_statements_covered_display": "100"}, "missing_lines": [], "excluded_lines": [27], "start_line": 26}, "FavoriteRoute.to_dict": {"executed_lines": [], "summary": {"covered_lines": 0, "num_statements": 1, "percent_covered": 0.0, "percent_covered_display": "0", "missing_lines": 1, "excluded_lines": 0, "percent_statements_covered": 0.0, "percent_statements_covered_display": "0"}, "missing_lines": [31], "excluded_lines": [], "start_line": 29}, "": {"executed_lines": [7, 8, 11, 18, 20, 21, 22, 23, 24, 29], "summary": {"covered_lines": 10, "num_statements": 10, "percent_covered": 100.0, "percent_covered_display": "100", "missing_lines": 0, "excluded_lines": 1, "percent_statements_covered": 100.0, "percent_statements_covered_display": "100"}, "missing_lines": [], "excluded_lines": [26], "start_line": 1}}, "classes": {"FavoriteRoute": {"executed_lines": [], "summary": {"covered_lines": 0, "num_statements": 1, "percent_covered": 0.0, "percent_covered_display": "0", "missing_lines": 1, "excluded_lines": 1, "percent_statements_covered": 0.0, "percent_statements_covered_display": "0"}, "missing_lines": [31], "excluded_lines": [27], "start_line": 11}, "": {"executed_lines": [7, 8, 11, 18, 20, 21, 22, 23, 24, 29], "summary": {"covered_lines": 10, "num_statements": 10, "percent_covered": 100.0, "percent_covered_display": "100", "missing_lines": 0, "excluded_lines": 1, "percent_statements_covered": 100.0, "percent_statements_covered_display": "100"}, "missing_lines": [], "excluded_lines": [26], "start_line": 1}}}, "app/models/jobs.py": {"executed_lines": [7, 8, 11, 18, 20, 23, 24, 25, 28, 29, 32, 33, 34, 35, 38, 39, 40, 43, 44, 49, 71, 77, 93, 110, 126, 134, 135, 148, 149, 151, 153, 162, 163, 165, 167, 168, 189, 190], "summary": {"covered_lines": 38, "num_statements": 85, "percent_covered": 44.705882352941174, "percent_covered_display": "45", "missing_lines": 47, "excluded_lines": 2, "percent_statements_covered": 44.705882352941174, "percent_statements_covered_display": "45"}, "missing_lines": [51, 52, 73, 74, 75, 85, 86, 87, 88, 89, 90, 91, 100, 101, 102, 103, 104, 105, 106, 107, 108, 118, 119, 120, 121, 122, 123, 124, 128, 129, 130, 131, 132, 180, 182, 183, 184, 185, 187, 200, 201, 203, 204, 206, 207, 209, 210], "excluded_lines": [46, 47], "functions": {"JobHistory.__repr__": {"executed_lines": [], "summary": {"covered_lines": 0, "num_statements": 0, "percent_covered": 100.0, "percent_covered_display": "100", "missing_lines": 0, "excluded_lines": 1, "percent_statements_covered": 100.0, "percent_statements_covered_display": "100"}, "missing_lines": [], "excluded_lines": [47], "start_line": 46}, "JobHistory.to_dict": {"executed_lines": [], "summary": {"covered_lines": 0, "num_statements": 2, "percent_covered": 0.0, "percent_covered_display": "0", "missing_lines": 2, "excluded_lines": 0, "percent_statements_covered": 0.0, "percent_statements_covered_display": "0"}, "missing_lines": [51, 52], "excluded_lines": [], "start_line": 49}, "JobHistory.start": {"executed_lines": [], "summary": {"covered_lines": 0, "num_statements": 3, "percent_covered": 0.0, "percent_covered_display": "0", "missing_lines": 3, "excluded_lines": 0, "percent_statements_covered": 0.0, "percent_statements_covered_display": "0"}, "missing_lines": [73, 74, 75], "excluded_lines": [], "start_line": 71}, "JobHistory.update_progress": {"executed_lines": [], "summary": {"covered_lines": 0, "num_statements": 7, "percent_covered": 0.0, "percent_covered_display": "0", "missing_lines": 7, "excluded_lines": 0, "percent_statements_covered": 0.0, "percent_statements_covered_display": "0"}, "missing_lines": [85, 86, 87, 88, 89, 90, 91], "excluded_lines": [], "start_line": 77}, "JobHistory.complete": {"executed_lines": [], "summary": {"covered_lines": 0, "num_statements": 9, "percent_covered": 0.0, "percent_covered_display": "0", "missing_lines": 9, "excluded_lines": 0, "percent_statements_covered": 0.0, "percent_statements_covered_display": "0"}, "missing_lines": [100, 101, 102, 103, 104, 105, 106, 107, 108], "excluded_lines": [], "start_line": 93}, "JobHistory.fail": {"executed_lines": [], "summary": {"covered_lines": 0, "num_statements": 7, "percent_covered": 0.0, "percent_covered_display": "0", "missing_lines": 7, "excluded_lines": 0, "percent_statements_covered": 0.0, "percent_statements_covered_display": "0"}, "missing_lines": [118, 119, 120, 121, 122, 123, 124], "excluded_lines": [], "start_line": 110}, "JobHistory.cancel": {"executed_lines": [], "summary": {"covered_lines": 0, "num_statements": 5, "percent_covered": 0.0, "percent_covered_display": "0", "missing_lines": 5, "excluded_lines": 0, "percent_statements_covered": 0.0, "percent_statements_covered_display": "0"}, "missing_lines": [128, 129, 130, 131, 132], "excluded_lines": [], "start_line": 126}, "JobHistory.create_job": {"executed_lines": [148, 149, 151, 153, 162, 163, 165], "summary": {"covered_lines": 7, "num_statements": 7, "percent_covered": 100.0, "percent_covered_display": "100", "missing_lines": 0, "excluded_lines": 0, "percent_statements_covered": 100.0, "percent_statements_covered_display": "100"}, "missing_lines": [], "excluded_lines": [], "start_line": 135}, "JobHistory.get_recent": {"executed_lines": [], "summary": {"covered_lines": 0, "num_statements": 6, "percent_covered": 0.0, "percent_covered_display": "0", "missing_lines": 6, "excluded_lines": 0, "percent_statements_covered": 0.0, "percent_statements_covered_display": "0"}, "missing_lines": [180, 182, 183, 184, 185, 187], "excluded_lines": [], "start_line": 168}, "JobHistory.cleanup_old": {"executed_lines": [], "summary": {"covered_lines": 0, "num_statements": 8, "percent_covered": 0.0, "percent_covered_display": "0", "missing_lines": 8, "excluded_lines": 0, "percent_statements_covered": 0.0, "percent_statements_covered_display": "0"}, "missing_lines": [200, 201, 203, 204, 206, 207, 209, 210], "excluded_lines": [], "start_line": 190}, "": {"executed_lines": [7, 8, 11, 18, 20, 23, 24, 25, 28, 29, 32, 33, 34, 35, 38, 39, 40, 43, 44, 49, 71, 77, 93, 110, 126, 134, 135, 167, 168, 189, 190], "summary": {"covered_lines": 31, "num_statements": 31, "percent_covered": 100.0, "percent_covered_display": "100", "missing_lines": 0, "excluded_lines": 1, "percent_statements_covered": 100.0, "percent_statements_covered_display": "100"}, "missing_lines": [], "excluded_lines": [46], "start_line": 1}}, "classes": {"JobHistory": {"executed_lines": [148, 149, 151, 153, 162, 163, 165], "summary": {"covered_lines": 7, "num_statements": 54, "percent_covered": 12.962962962962964, "percent_covered_display": "13", "missing_lines": 47, "excluded_lines": 1, "percent_statements_covered": 12.962962962962964, "percent_statements_covered_display": "13"}, "missing_lines": [51, 52, 73, 74, 75, 85, 86, 87, 88, 89, 90, 91, 100, 101, 102, 103, 104, 105, 106, 107, 108, 118, 119, 120, 121, 122, 123, 124, 128, 129, 130, 131, 132, 180, 182, 183, 184, 185, 187, 200, 201, 203, 204, 206, 207, 209, 210], "excluded_lines": [47], "start_line": 11}, "": {"executed_lines": [7, 8, 11, 18, 20, 23, 24, 25, 28, 29, 32, 33, 34, 35, 38, 39, 40, 43, 44, 49, 71, 77, 93, 110, 126, 134, 135, 167, 168, 189, 190], "summary": {"covered_lines": 31, "num_statements": 31, "percent_covered": 100.0, "percent_covered_display": "100", "missing_lines": 0, "excluded_lines": 1, "percent_statements_covered": 100.0, "percent_statements_covered_display": "100"}, "missing_lines": [], "excluded_lines": [46], "start_line": 1}}}, "app/models/preferences.py": {"executed_lines": [7, 10, 17, 19, 22, 23, 24, 27, 30, 37, 50, 51, 69, 70, 102, 103, 117, 118], "summary": {"covered_lines": 18, "num_statements": 44, "percent_covered": 40.90909090909091, "percent_covered_display": "41", "missing_lines": 26, "excluded_lines": 2, "percent_statements_covered": 40.90909090909091, "percent_statements_covered_display": "41"}, "missing_lines": [39, 40, 63, 64, 65, 66, 67, 83, 84, 86, 87, 88, 89, 91, 97, 99, 100, 113, 114, 115, 120, 151, 152, 153, 154, 155], "excluded_lines": [34, 35], "functions": {"UserPreference.__repr__": {"executed_lines": [], "summary": {"covered_lines": 0, "num_statements": 0, "percent_covered": 100.0, "percent_covered_display": "100", "missing_lines": 0, "excluded_lines": 1, "percent_statements_covered": 100.0, "percent_statements_covered_display": "100"}, "missing_lines": [], "excluded_lines": [35], "start_line": 34}, "UserPreference.to_dict": {"executed_lines": [], "summary": {"covered_lines": 0, "num_statements": 2, "percent_covered": 0.0, "percent_covered_display": "0", "missing_lines": 2, "excluded_lines": 0, "percent_statements_covered": 0.0, "percent_statements_covered_display": "0"}, "missing_lines": [39, 40], "excluded_lines": [], "start_line": 37}, "UserPreference.get": {"executed_lines": [], "summary": {"covered_lines": 0, "num_statements": 5, "percent_covered": 0.0, "percent_covered_display": "0", "missing_lines": 5, "excluded_lines": 0, "percent_statements_covered": 0.0, "percent_statements_covered_display": "0"}, "missing_lines": [63, 64, 65, 66, 67], "excluded_lines": [], "start_line": 51}, "UserPreference.set": {"executed_lines": [], "summary": {"covered_lines": 0, "num_statements": 10, "percent_covered": 0.0, "percent_covered_display": "0", "missing_lines": 10, "excluded_lines": 0, "percent_statements_covered": 0.0, "percent_statements_covered_display": "0"}, "missing_lines": [83, 84, 86, 87, 88, 89, 91, 97, 99, 100], "excluded_lines": [], "start_line": 70}, "UserPreference.get_category": {"executed_lines": [], "summary": {"covered_lines": 0, "num_statements": 3, "percent_covered": 0.0, "percent_covered_display": "0", "missing_lines": 3, "excluded_lines": 0, "percent_statements_covered": 0.0, "percent_statements_covered_display": "0"}, "missing_lines": [113, 114, 115], "excluded_lines": [], "start_line": 103}, "UserPreference.set_defaults": {"executed_lines": [], "summary": {"covered_lines": 0, "num_statements": 6, "percent_covered": 0.0, "percent_covered_display": "0", "missing_lines": 6, "excluded_lines": 0, "percent_statements_covered": 0.0, "percent_statements_covered_display": "0"}, "missing_lines": [120, 151, 152, 153, 154, 155], "excluded_lines": [], "start_line": 118}, "": {"executed_lines": [7, 10, 17, 19, 22, 23, 24, 27, 30, 37, 50, 51, 69, 70, 102, 103, 117, 118], "summary": {"covered_lines": 18, "num_statements": 18, "percent_covered": 100.0, "percent_covered_display": "100", "missing_lines": 0, "excluded_lines": 1, "percent_statements_covered": 100.0, "percent_statements_covered_display": "100"}, "missing_lines": [], "excluded_lines": [34], "start_line": 1}}, "classes": {"UserPreference": {"executed_lines": [], "summary": {"covered_lines": 0, "num_statements": 26, "percent_covered": 0.0, "percent_covered_display": "0", "missing_lines": 26, "excluded_lines": 1, "percent_statements_covered": 0.0, "percent_statements_covered_display": "0"}, "missing_lines": [39, 40, 63, 64, 65, 66, 67, 83, 84, 86, 87, 88, 89, 91, 97, 99, 100, 113, 114, 115, 120, 151, 152, 153, 154, 155], "excluded_lines": [35], "start_line": 10}, "": {"executed_lines": [7, 10, 17, 19, 22, 23, 24, 27, 30, 37, 50, 51, 69, 70, 102, 103, 117, 118], "summary": {"covered_lines": 18, "num_statements": 18, "percent_covered": 100.0, "percent_covered_display": "100", "missing_lines": 0, "excluded_lines": 1, "percent_statements_covered": 100.0, "percent_statements_covered_display": "100"}, "missing_lines": [], "excluded_lines": [34], "start_line": 1}}}, "app/models/routes.py": {"executed_lines": [8, 11, 18, 20, 23, 24, 27, 28, 29, 32, 33, 34, 35, 36, 39, 40, 43, 44, 49, 70, 77, 79, 82, 83, 86, 87, 88, 91, 92, 93, 94, 97, 98, 99, 100, 101, 104, 105, 108, 109, 110, 115], "summary": {"covered_lines": 42, "num_statements": 44, "percent_covered": 95.45454545454545, "percent_covered_display": "95", "missing_lines": 2, "excluded_lines": 4, "percent_statements_covered": 95.45454545454545, "percent_statements_covered_display": "95"}, "missing_lines": [51, 117], "excluded_lines": [46, 47, 112, 113], "functions": {"RouteGroup.__repr__": {"executed_lines": [], "summary": {"covered_lines": 0, "num_statements": 0, "percent_covered": 100.0, "percent_covered_display": "100", "missing_lines": 0, "excluded_lines": 1, "percent_statements_covered": 100.0, "percent_statements_covered_display": "100"}, "missing_lines": [], "excluded_lines": [47], "start_line": 46}, "RouteGroup.to_dict": {"executed_lines": [], "summary": {"covered_lines": 0, "num_statements": 1, "percent_covered": 0.0, "percent_covered_display": "0", "missing_lines": 1, "excluded_lines": 0, "percent_statements_covered": 0.0, "percent_statements_covered_display": "0"}, "missing_lines": [51], "excluded_lines": [], "start_line": 49}, "LongRide.__repr__": {"executed_lines": [], "summary": {"covered_lines": 0, "num_statements": 0, "percent_covered": 100.0, "percent_covered_display": "100", "missing_lines": 0, "excluded_lines": 1, "percent_statements_covered": 100.0, "percent_statements_covered_display": "100"}, "missing_lines": [], "excluded_lines": [113], "start_line": 112}, "LongRide.to_dict": {"executed_lines": [], "summary": {"covered_lines": 0, "num_statements": 1, "percent_covered": 0.0, "percent_covered_display": "0", "missing_lines": 1, "excluded_lines": 0, "percent_statements_covered": 0.0, "percent_statements_covered_display": "0"}, "missing_lines": [117], "excluded_lines": [], "start_line": 115}, "": {"executed_lines": [8, 11, 18, 20, 23, 24, 27, 28, 29, 32, 33, 34, 35, 36, 39, 40, 43, 44, 49, 70, 77, 79, 82, 83, 86, 87, 88, 91, 92, 93, 94, 97, 98, 99, 100, 101, 104, 105, 108, 109, 110, 115], "summary": {"covered_lines": 42, "num_statements": 42, "percent_covered": 100.0, "percent_covered_display": "100", "missing_lines": 0, "excluded_lines": 2, "percent_statements_covered": 100.0, "percent_statements_covered_display": "100"}, "missing_lines": [], "excluded_lines": [46, 112], "start_line": 1}}, "classes": {"RouteGroup": {"executed_lines": [], "summary": {"covered_lines": 0, "num_statements": 1, "percent_covered": 0.0, "percent_covered_display": "0", "missing_lines": 1, "excluded_lines": 1, "percent_statements_covered": 0.0, "percent_statements_covered_display": "0"}, "missing_lines": [51], "excluded_lines": [47], "start_line": 11}, "LongRide": {"executed_lines": [], "summary": {"covered_lines": 0, "num_statements": 1, "percent_covered": 0.0, "percent_covered_display": "0", "missing_lines": 1, "excluded_lines": 1, "percent_statements_covered": 0.0, "percent_statements_covered_display": "0"}, "missing_lines": [117], "excluded_lines": [113], "start_line": 70}, "": {"executed_lines": [8, 11, 18, 20, 23, 24, 27, 28, 29, 32, 33, 34, 35, 36, 39, 40, 43, 44, 49, 70, 77, 79, 82, 83, 86, 87, 88, 91, 92, 93, 94, 97, 98, 99, 100, 101, 104, 105, 108, 109, 110, 115], "summary": {"covered_lines": 42, "num_statements": 42, "percent_covered": 100.0, "percent_covered_display": "100", "missing_lines": 0, "excluded_lines": 2, "percent_statements_covered": 100.0, "percent_statements_covered_display": "100"}, "missing_lines": [], "excluded_lines": [46, 112], "start_line": 1}}}, "app/models/weather.py": {"executed_lines": [7, 8, 9, 12, 19, 21, 24, 25, 26, 29, 32, 33, 34, 35, 36, 37, 40, 41, 44, 45, 50, 51, 74, 75, 91, 106, 108, 109, 111, 113, 115, 118, 129, 136, 144, 147, 148, 154, 155, 172, 174, 175, 177, 178, 180, 202], "summary": {"covered_lines": 46, "num_statements": 74, "percent_covered": 62.16216216216216, "percent_covered_display": "62", "missing_lines": 28, "excluded_lines": 2, "percent_statements_covered": 62.16216216216216, "percent_statements_covered_display": "62"}, "missing_lines": [64, 67, 119, 120, 121, 122, 123, 124, 125, 126, 130, 131, 132, 133, 137, 138, 139, 140, 142, 149, 150, 152, 165, 167, 168, 170, 204, 205], "excluded_lines": [47, 48], "functions": {"WeatherSnapshot.__repr__": {"executed_lines": [], "summary": {"covered_lines": 0, "num_statements": 0, "percent_covered": 100.0, "percent_covered_display": "100", "missing_lines": 0, "excluded_lines": 1, "percent_statements_covered": 100.0, "percent_statements_covered_display": "100"}, "missing_lines": [], "excluded_lines": [48], "start_line": 47}, "WeatherSnapshot.get_current_for_location": {"executed_lines": [], "summary": {"covered_lines": 0, "num_statements": 2, "percent_covered": 0.0, "percent_covered_display": "0", "missing_lines": 2, "excluded_lines": 0, "percent_statements_covered": 0.0, "percent_statements_covered_display": "0"}, "missing_lines": [64, 67], "excluded_lines": [], "start_line": 51}, "WeatherSnapshot.create_from_weather_data": {"executed_lines": [91, 106, 108, 109, 111], "summary": {"covered_lines": 5, "num_statements": 5, "percent_covered": 100.0, "percent_covered_display": "100", "missing_lines": 0, "excluded_lines": 0, "percent_statements_covered": 100.0, "percent_statements_covered_display": "100"}, "missing_lines": [], "excluded_lines": [], "start_line": 75}, "WeatherSnapshot._calculate_comfort_metrics": {"executed_lines": [115, 118, 129, 136, 144, 147, 148], "summary": {"covered_lines": 7, "num_statements": 27, "percent_covered": 25.925925925925927, "percent_covered_display": "26", "missing_lines": 20, "excluded_lines": 0, "percent_statements_covered": 25.925925925925927, "percent_statements_covered_display": "26"}, "missing_lines": [119, 120, 121, 122, 123, 124, 125, 126, 130, 131, 132, 133, 137, 138, 139, 140, 142, 149, 150, 152], "excluded_lines": [], "start_line": 113}, "WeatherSnapshot.cleanup_old_snapshots": {"executed_lines": [], "summary": {"covered_lines": 0, "num_statements": 4, "percent_covered": 0.0, "percent_covered_display": "0", "missing_lines": 4, "excluded_lines": 0, "percent_statements_covered": 0.0, "percent_statements_covered_display": "0"}, "missing_lines": [165, 167, 168, 170], "excluded_lines": [], "start_line": 155}, "WeatherSnapshot.to_dict": {"executed_lines": [174, 175, 177, 178, 180], "summary": {"covered_lines": 5, "num_statements": 5, "percent_covered": 100.0, "percent_covered_display": "100", "missing_lines": 0, "excluded_lines": 0, "percent_statements_covered": 100.0, "percent_statements_covered_display": "100"}, "missing_lines": [], "excluded_lines": [], "start_line": 172}, "WeatherSnapshot.save": {"executed_lines": [], "summary": {"covered_lines": 0, "num_statements": 2, "percent_covered": 0.0, "percent_covered_display": "0", "missing_lines": 2, "excluded_lines": 0, "percent_statements_covered": 0.0, "percent_statements_covered_display": "0"}, "missing_lines": [204, 205], "excluded_lines": [], "start_line": 202}, "": {"executed_lines": [7, 8, 9, 12, 19, 21, 24, 25, 26, 29, 32, 33, 34, 35, 36, 37, 40, 41, 44, 45, 50, 51, 74, 75, 113, 154, 155, 172, 202], "summary": {"covered_lines": 29, "num_statements": 29, "percent_covered": 100.0, "percent_covered_display": "100", "missing_lines": 0, "excluded_lines": 1, "percent_statements_covered": 100.0, "percent_statements_covered_display": "100"}, "missing_lines": [], "excluded_lines": [47], "start_line": 1}}, "classes": {"WeatherSnapshot": {"executed_lines": [91, 106, 108, 109, 111, 115, 118, 129, 136, 144, 147, 148, 174, 175, 177, 178, 180], "summary": {"covered_lines": 17, "num_statements": 45, "percent_covered": 37.77777777777778, "percent_covered_display": "38", "missing_lines": 28, "excluded_lines": 1, "percent_statements_covered": 37.77777777777778, "percent_statements_covered_display": "38"}, "missing_lines": [64, 67, 119, 120, 121, 122, 123, 124, 125, 126, 130, 131, 132, 133, 137, 138, 139, 140, 142, 149, 150, 152, 165, 167, 168, 170, 204, 205], "excluded_lines": [48], "start_line": 12}, "": {"executed_lines": [7, 8, 9, 12, 19, 21, 24, 25, 26, 29, 32, 33, 34, 35, 36, 37, 40, 41, 44, 45, 50, 51, 74, 75, 113, 154, 155, 172, 202], "summary": {"covered_lines": 29, "num_statements": 29, "percent_covered": 100.0, "percent_covered_display": "100", "missing_lines": 0, "excluded_lines": 1, "percent_statements_covered": 100.0, "percent_statements_covered_display": "100"}, "missing_lines": [], "excluded_lines": [47], "start_line": 1}}}, "app/models/workouts.py": {"executed_lines": [7, 8, 11, 18, 20, 23, 24, 25, 28, 29, 30, 31, 34, 35, 38, 39, 40, 43, 44, 49, 71, 72, 93, 94, 106, 107, 154], "summary": {"covered_lines": 27, "num_statements": 138, "percent_covered": 19.565217391304348, "percent_covered_display": "20", "missing_lines": 111, "excluded_lines": 2, "percent_statements_covered": 19.565217391304348, "percent_statements_covered_display": "20"}, "missing_lines": [51, 82, 84, 85, 87, 104, 117, 118, 120, 121, 122, 123, 125, 127, 129, 130, 131, 132, 133, 134, 137, 147, 149, 151, 152, 170, 171, 173, 174, 175, 178, 180, 181, 182, 186, 187, 189, 190, 191, 192, 193, 194, 195, 196, 197, 199, 200, 202, 206, 207, 208, 209, 210, 211, 212, 213, 215, 216, 217, 218, 219, 221, 223, 224, 225, 227, 229, 232, 234, 235, 236, 237, 238, 239, 240, 242, 243, 244, 245, 247, 248, 249, 250, 252, 253, 254, 255, 256, 257, 259, 263, 264, 265, 266, 267, 268, 269, 270, 271, 273, 275, 278, 279, 280, 281, 284, 285, 286, 287, 288, 290], "excluded_lines": [46, 47], "functions": {"WorkoutMetadata.__repr__": {"executed_lines": [], "summary": {"covered_lines": 0, "num_statements": 0, "percent_covered": 100.0, "percent_covered_display": "100", "missing_lines": 0, "excluded_lines": 1, "percent_statements_covered": 100.0, "percent_statements_covered_display": "100"}, "missing_lines": [], "excluded_lines": [47], "start_line": 46}, "WorkoutMetadata.to_dict": {"executed_lines": [], "summary": {"covered_lines": 0, "num_statements": 1, "percent_covered": 0.0, "percent_covered_display": "0", "missing_lines": 1, "excluded_lines": 0, "percent_statements_covered": 0.0, "percent_statements_covered_display": "0"}, "missing_lines": [51], "excluded_lines": [], "start_line": 49}, "WorkoutMetadata.get_upcoming": {"executed_lines": [], "summary": {"covered_lines": 0, "num_statements": 4, "percent_covered": 0.0, "percent_covered_display": "0", "missing_lines": 4, "excluded_lines": 0, "percent_statements_covered": 0.0, "percent_statements_covered_display": "0"}, "missing_lines": [82, 84, 85, 87], "excluded_lines": [], "start_line": 72}, "WorkoutMetadata.get_for_date": {"executed_lines": [], "summary": {"covered_lines": 0, "num_statements": 1, "percent_covered": 0.0, "percent_covered_display": "0", "missing_lines": 1, "excluded_lines": 0, "percent_statements_covered": 0.0, "percent_statements_covered_display": "0"}, "missing_lines": [104], "excluded_lines": [], "start_line": 94}, "WorkoutMetadata.sync_from_trainerroad": {"executed_lines": [], "summary": {"covered_lines": 0, "num_statements": 19, "percent_covered": 0.0, "percent_covered_display": "0", "missing_lines": 19, "excluded_lines": 0, "percent_statements_covered": 0.0, "percent_statements_covered_display": "0"}, "missing_lines": [117, 118, 120, 121, 122, 123, 125, 127, 129, 130, 131, 132, 133, 134, 137, 147, 149, 151, 152], "excluded_lines": [], "start_line": 107}, "WorkoutMetadata.calculate_fit": {"executed_lines": [], "summary": {"covered_lines": 0, "num_statements": 86, "percent_covered": 0.0, "percent_covered_display": "0", "missing_lines": 86, "excluded_lines": 0, "percent_statements_covered": 0.0, "percent_statements_covered_display": "0"}, "missing_lines": [170, 171, 173, 174, 175, 178, 180, 181, 182, 186, 187, 189, 190, 191, 192, 193, 194, 195, 196, 197, 199, 200, 202, 206, 207, 208, 209, 210, 211, 212, 213, 215, 216, 217, 218, 219, 221, 223, 224, 225, 227, 229, 232, 234, 235, 236, 237, 238, 239, 240, 242, 243, 244, 245, 247, 248, 249, 250, 252, 253, 254, 255, 256, 257, 259, 263, 264, 265, 266, 267, 268, 269, 270, 271, 273, 275, 278, 279, 280, 281, 284, 285, 286, 287, 288, 290], "excluded_lines": [], "start_line": 154}, "": {"executed_lines": [7, 8, 11, 18, 20, 23, 24, 25, 28, 29, 30, 31, 34, 35, 38, 39, 40, 43, 44, 49, 71, 72, 93, 94, 106, 107, 154], "summary": {"covered_lines": 27, "num_statements": 27, "percent_covered": 100.0, "percent_covered_display": "100", "missing_lines": 0, "excluded_lines": 1, "percent_statements_covered": 100.0, "percent_statements_covered_display": "100"}, "missing_lines": [], "excluded_lines": [46], "start_line": 1}}, "classes": {"WorkoutMetadata": {"executed_lines": [], "summary": {"covered_lines": 0, "num_statements": 111, "percent_covered": 0.0, "percent_covered_display": "0", "missing_lines": 111, "excluded_lines": 1, "percent_statements_covered": 0.0, "percent_statements_covered_display": "0"}, "missing_lines": [51, 82, 84, 85, 87, 104, 117, 118, 120, 121, 122, 123, 125, 127, 129, 130, 131, 132, 133, 134, 137, 147, 149, 151, 152, 170, 171, 173, 174, 175, 178, 180, 181, 182, 186, 187, 189, 190, 191, 192, 193, 194, 195, 196, 197, 199, 200, 202, 206, 207, 208, 209, 210, 211, 212, 213, 215, 216, 217, 218, 219, 221, 223, 224, 225, 227, 229, 232, 234, 235, 236, 237, 238, 239, 240, 242, 243, 244, 245, 247, 248, 249, 250, 252, 253, 254, 255, 256, 257, 259, 263, 264, 265, 266, 267, 268, 269, 270, 271, 273, 275, 278, 279, 280, 281, 284, 285, 286, 287, 288, 290], "excluded_lines": [47], "start_line": 11}, "": {"executed_lines": [7, 8, 11, 18, 20, 23, 24, 25, 28, 29, 30, 31, 34, 35, 38, 39, 40, 43, 44, 49, 71, 72, 93, 94, 106, 107, 154], "summary": {"covered_lines": 27, "num_statements": 27, "percent_covered": 100.0, "percent_covered_display": "100", "missing_lines": 0, "excluded_lines": 1, "percent_statements_covered": 100.0, "percent_statements_covered_display": "100"}, "missing_lines": [], "excluded_lines": [46], "start_line": 1}}}, "app/routes/__init__.py": {"executed_lines": [8, 9, 10, 11, 12, 13, 15], "summary": {"covered_lines": 7, "num_statements": 7, "percent_covered": 100.0, "percent_covered_display": "100", "missing_lines": 0, "excluded_lines": 0, "percent_statements_covered": 100.0, "percent_statements_covered_display": "100"}, "missing_lines": [], "excluded_lines": [], "functions": {"": {"executed_lines": [8, 9, 10, 11, 12, 13, 15], "summary": {"covered_lines": 7, "num_statements": 7, "percent_covered": 100.0, "percent_covered_display": "100", "missing_lines": 0, "excluded_lines": 0, "percent_statements_covered": 100.0, "percent_statements_covered_display": "100"}, "missing_lines": [], "excluded_lines": [], "start_line": 1}}, "classes": {"": {"executed_lines": [8, 9, 10, 11, 12, 13, 15], "summary": {"covered_lines": 7, "num_statements": 7, "percent_covered": 100.0, "percent_covered_display": "100", "missing_lines": 0, "excluded_lines": 0, "percent_statements_covered": 100.0, "percent_statements_covered_display": "100"}, "missing_lines": [], "excluded_lines": [], "start_line": 1}}}, "app/routes/api.py": {"executed_lines": [12, 13, 14, 15, 17, 18, 19, 20, 22, 25, 26, 32, 33, 35, 38, 39, 49, 52, 57, 58, 63, 68, 74, 77, 79, 99, 105, 106, 108, 109, 111, 112, 113, 116, 117, 118, 119, 120, 121, 128, 130, 141, 144, 145, 157, 158, 159, 161, 165, 171, 172, 175, 176, 177, 186, 194, 195, 205, 206, 208, 211, 213, 214, 217, 219, 241, 242, 248, 250, 252, 268, 269, 275, 277, 279, 280, 286, 287, 288, 291, 292, 293, 297, 304, 305, 311, 313, 321, 322, 334, 335, 336, 338, 339, 346, 347, 348, 352, 353, 356, 357, 359, 361, 362, 363, 364, 365, 366, 367, 371, 380, 381, 392, 396, 397, 403, 405, 429, 430, 437, 442, 443, 446, 447, 449, 478, 481, 482, 484, 490, 491, 494], "summary": {"covered_lines": 132, "num_statements": 138, "percent_covered": 95.65217391304348, "percent_covered_display": "96", "missing_lines": 6, "excluded_lines": 6, "percent_statements_covered": 95.65217391304348, "percent_statements_covered_display": "96"}, "missing_lines": [122, 123, 124, 125, 294, 295], "excluded_lines": [138, 139, 344, 368, 369, 493], "functions": {"health": {"executed_lines": [32, 33, 35], "summary": {"covered_lines": 3, "num_statements": 3, "percent_covered": 100.0, "percent_covered_display": "100", "missing_lines": 0, "excluded_lines": 0, "percent_statements_covered": 100.0, "percent_statements_covered_display": "100"}, "missing_lines": [], "excluded_lines": [], "start_line": 26}, "status": {"executed_lines": [49, 52, 57, 58, 63, 68, 74, 77, 79], "summary": {"covered_lines": 9, "num_statements": 9, "percent_covered": 100.0, "percent_covered_display": "100", "missing_lines": 0, "excluded_lines": 0, "percent_statements_covered": 100.0, "percent_statements_covered_display": "100"}, "missing_lines": [], "excluded_lines": [], "start_line": 39}, "_get_cache_statistics": {"executed_lines": [105, 106, 108, 109, 111, 112, 113, 116, 117, 118, 119, 120, 121, 128, 130, 141], "summary": {"covered_lines": 16, "num_statements": 20, "percent_covered": 80.0, "percent_covered_display": "80", "missing_lines": 4, "excluded_lines": 2, "percent_statements_covered": 80.0, "percent_statements_covered_display": "80"}, "missing_lines": [122, 123, 124, 125], "excluded_lines": [138, 139], "start_line": 99}, "sync": {"executed_lines": [157, 158, 159, 161, 165, 171, 172, 175, 176, 177, 186], "summary": {"covered_lines": 11, "num_statements": 11, "percent_covered": 100.0, "percent_covered_display": "100", "missing_lines": 0, "excluded_lines": 0, "percent_statements_covered": 100.0, "percent_statements_covered_display": "100"}, "missing_lines": [], "excluded_lines": [], "start_line": 145}, "jobs": {"executed_lines": [205, 206, 208, 211, 213, 214, 217, 219], "summary": {"covered_lines": 8, "num_statements": 8, "percent_covered": 100.0, "percent_covered_display": "100", "missing_lines": 0, "excluded_lines": 0, "percent_statements_covered": 100.0, "percent_statements_covered_display": "100"}, "missing_lines": [], "excluded_lines": [], "start_line": 195}, "job_status": {"executed_lines": [248, 250, 252], "summary": {"covered_lines": 3, "num_statements": 3, "percent_covered": 100.0, "percent_covered_display": "100", "missing_lines": 0, "excluded_lines": 0, "percent_statements_covered": 100.0, "percent_statements_covered_display": "100"}, "missing_lines": [], "excluded_lines": [], "start_line": 242}, "cancel_job": {"executed_lines": [275, 277, 279, 280, 286, 287, 288, 291, 292, 293, 297], "summary": {"covered_lines": 11, "num_statements": 13, "percent_covered": 84.61538461538461, "percent_covered_display": "85", "missing_lines": 2, "excluded_lines": 0, "percent_statements_covered": 84.61538461538461, "percent_statements_covered_display": "85"}, "missing_lines": [294, 295], "excluded_lines": [], "start_line": 269}, "cache_stats": {"executed_lines": [311, 313], "summary": {"covered_lines": 2, "num_statements": 2, "percent_covered": 100.0, "percent_covered_display": "100", "missing_lines": 0, "excluded_lines": 0, "percent_statements_covered": 100.0, "percent_statements_covered_display": "100"}, "missing_lines": [], "excluded_lines": [], "start_line": 305}, "clear_cache": {"executed_lines": [334, 335, 336, 338, 339, 346, 347, 348, 352, 353, 356, 357, 359, 361, 362, 363, 364, 365, 366, 367, 371], "summary": {"covered_lines": 21, "num_statements": 21, "percent_covered": 100.0, "percent_covered_display": "100", "missing_lines": 0, "excluded_lines": 3, "percent_statements_covered": 100.0, "percent_statements_covered_display": "100"}, "missing_lines": [], "excluded_lines": [344, 368, 369], "start_line": 322}, "analytics_summary": {"executed_lines": [392, 396, 397, 403, 405], "summary": {"covered_lines": 5, "num_statements": 5, "percent_covered": 100.0, "percent_covered_display": "100", "missing_lines": 0, "excluded_lines": 0, "percent_statements_covered": 100.0, "percent_statements_covered_display": "100"}, "missing_lines": [], "excluded_lines": [], "start_line": 381}, "metrics": {"executed_lines": [437, 442, 443, 446, 447, 449, 478], "summary": {"covered_lines": 7, "num_statements": 7, "percent_covered": 100.0, "percent_covered_display": "100", "missing_lines": 0, "excluded_lines": 0, "percent_statements_covered": 100.0, "percent_statements_covered_display": "100"}, "missing_lines": [], "excluded_lines": [], "start_line": 430}, "api_not_found": {"executed_lines": [484], "summary": {"covered_lines": 1, "num_statements": 1, "percent_covered": 100.0, "percent_covered_display": "100", "missing_lines": 0, "excluded_lines": 0, "percent_statements_covered": 100.0, "percent_statements_covered_display": "100"}, "missing_lines": [], "excluded_lines": [], "start_line": 482}, "api_server_error": {"executed_lines": [494], "summary": {"covered_lines": 1, "num_statements": 1, "percent_covered": 100.0, "percent_covered_display": "100", "missing_lines": 0, "excluded_lines": 1, "percent_statements_covered": 100.0, "percent_statements_covered_display": "100"}, "missing_lines": [], "excluded_lines": [493], "start_line": 491}, "": {"executed_lines": [12, 13, 14, 15, 17, 18, 19, 20, 22, 25, 26, 38, 39, 99, 144, 145, 194, 195, 241, 242, 268, 269, 304, 305, 321, 322, 380, 381, 429, 430, 481, 482, 490, 491], "summary": {"covered_lines": 34, "num_statements": 34, "percent_covered": 100.0, "percent_covered_display": "100", "missing_lines": 0, "excluded_lines": 0, "percent_statements_covered": 100.0, "percent_statements_covered_display": "100"}, "missing_lines": [], "excluded_lines": [], "start_line": 1}}, "classes": {"": {"executed_lines": [12, 13, 14, 15, 17, 18, 19, 20, 22, 25, 26, 32, 33, 35, 38, 39, 49, 52, 57, 58, 63, 68, 74, 77, 79, 99, 105, 106, 108, 109, 111, 112, 113, 116, 117, 118, 119, 120, 121, 128, 130, 141, 144, 145, 157, 158, 159, 161, 165, 171, 172, 175, 176, 177, 186, 194, 195, 205, 206, 208, 211, 213, 214, 217, 219, 241, 242, 248, 250, 252, 268, 269, 275, 277, 279, 280, 286, 287, 288, 291, 292, 293, 297, 304, 305, 311, 313, 321, 322, 334, 335, 336, 338, 339, 346, 347, 348, 352, 353, 356, 357, 359, 361, 362, 363, 364, 365, 366, 367, 371, 380, 381, 392, 396, 397, 403, 405, 429, 430, 437, 442, 443, 446, 447, 449, 478, 481, 482, 484, 490, 491, 494], "summary": {"covered_lines": 132, "num_statements": 138, "percent_covered": 95.65217391304348, "percent_covered_display": "96", "missing_lines": 6, "excluded_lines": 6, "percent_statements_covered": 95.65217391304348, "percent_statements_covered_display": "96"}, "missing_lines": [122, 123, 124, 125, 294, 295], "excluded_lines": [138, 139, 344, 368, 369, 493], "start_line": 1}}}, "app/routes/commute.py": {"executed_lines": [12, 13, 14, 16, 17, 19, 22, 34, 35, 46, 48, 49, 50, 51, 54, 57, 58, 59, 60, 62, 63, 64, 66, 67, 70, 72, 73, 76, 77, 87, 103, 104, 105, 106, 107, 109, 122, 123, 124, 125, 138, 148, 151, 152, 170, 172, 173, 174, 176, 183, 191, 192, 202, 205, 212, 215, 216, 224], "summary": {"covered_lines": 58, "num_statements": 67, "percent_covered": 86.56716417910448, "percent_covered_display": "87", "missing_lines": 9, "excluded_lines": 5, "percent_statements_covered": 86.56716417910448, "percent_statements_covered_display": "87"}, "missing_lines": [24, 25, 26, 31, 78, 79, 83, 110, 111], "excluded_lines": [84, 85, 134, 135, 136], "functions": {"get_services": {"executed_lines": [], "summary": {"covered_lines": 0, "num_statements": 4, "percent_covered": 0.0, "percent_covered_display": "0", "missing_lines": 4, "excluded_lines": 0, "percent_statements_covered": 0.0, "percent_statements_covered_display": "0"}, "missing_lines": [24, 25, 26, 31], "excluded_lines": [], "start_line": 22}, "index": {"executed_lines": [46, 48, 49, 50, 51, 54, 57, 58, 59, 60, 62, 63, 64, 66, 67, 70, 72, 73, 76, 77, 87, 103, 104, 105, 106, 107, 109, 122, 123, 124, 125, 138, 148], "summary": {"covered_lines": 33, "num_statements": 38, "percent_covered": 86.84210526315789, "percent_covered_display": "87", "missing_lines": 5, "excluded_lines": 5, "percent_statements_covered": 86.84210526315789, "percent_statements_covered_display": "87"}, "missing_lines": [78, 79, 83, 110, 111], "excluded_lines": [84, 85, 134, 135, 136], "start_line": 35}, "analyze": {"executed_lines": [170, 172, 173, 174, 176, 183], "summary": {"covered_lines": 6, "num_statements": 6, "percent_covered": 100.0, "percent_covered_display": "100", "missing_lines": 0, "excluded_lines": 0, "percent_statements_covered": 100.0, "percent_statements_covered_display": "100"}, "missing_lines": [], "excluded_lines": [], "start_line": 152}, "history": {"executed_lines": [202, 205, 212], "summary": {"covered_lines": 3, "num_statements": 3, "percent_covered": 100.0, "percent_covered_display": "100", "missing_lines": 0, "excluded_lines": 0, "percent_statements_covered": 100.0, "percent_statements_covered_display": "100"}, "missing_lines": [], "excluded_lines": [], "start_line": 192}, "api_current": {"executed_lines": [224], "summary": {"covered_lines": 1, "num_statements": 1, "percent_covered": 100.0, "percent_covered_display": "100", "missing_lines": 0, "excluded_lines": 0, "percent_statements_covered": 100.0, "percent_statements_covered_display": "100"}, "missing_lines": [], "excluded_lines": [], "start_line": 216}, "": {"executed_lines": [12, 13, 14, 16, 17, 19, 22, 34, 35, 151, 152, 191, 192, 215, 216], "summary": {"covered_lines": 15, "num_statements": 15, "percent_covered": 100.0, "percent_covered_display": "100", "missing_lines": 0, "excluded_lines": 0, "percent_statements_covered": 100.0, "percent_statements_covered_display": "100"}, "missing_lines": [], "excluded_lines": [], "start_line": 1}}, "classes": {"": {"executed_lines": [12, 13, 14, 16, 17, 19, 22, 34, 35, 46, 48, 49, 50, 51, 54, 57, 58, 59, 60, 62, 63, 64, 66, 67, 70, 72, 73, 76, 77, 87, 103, 104, 105, 106, 107, 109, 122, 123, 124, 125, 138, 148, 151, 152, 170, 172, 173, 174, 176, 183, 191, 192, 202, 205, 212, 215, 216, 224], "summary": {"covered_lines": 58, "num_statements": 67, "percent_covered": 86.56716417910448, "percent_covered_display": "87", "missing_lines": 9, "excluded_lines": 5, "percent_statements_covered": 86.56716417910448, "percent_statements_covered_display": "87"}, "missing_lines": [24, 25, 26, 31, 78, 79, 83, 110, 111], "excluded_lines": [84, 85, 134, 135, 136], "start_line": 1}}}, "app/routes/dashboard.py": {"executed_lines": [8, 9, 10, 12, 13, 14, 16, 19, 21, 22, 23, 29, 32, 33, 34, 46, 48, 49, 50, 51, 52, 55, 56, 57, 70, 71, 72, 73, 74, 79, 85, 86, 88, 89, 91, 92, 93, 95, 96, 97, 112, 113, 114, 115, 116, 117, 119, 138, 139, 140, 141, 142, 143, 145, 148, 152, 174, 177, 178], "summary": {"covered_lines": 59, "num_statements": 69, "percent_covered": 85.5072463768116, "percent_covered_display": "86", "missing_lines": 10, "excluded_lines": 12, "percent_statements_covered": 85.5072463768116, "percent_statements_covered_display": "86"}, "missing_lines": [120, 121, 123, 124, 125, 144, 146, 149, 150, 184], "excluded_lines": [58, 59, 60, 80, 81, 82, 107, 108, 109, 133, 134, 135], "functions": {"get_services": {"executed_lines": [21, 22, 23, 29], "summary": {"covered_lines": 4, "num_statements": 4, "percent_covered": 100.0, "percent_covered_display": "100", "missing_lines": 0, "excluded_lines": 0, "percent_statements_covered": 100.0, "percent_statements_covered_display": "100"}, "missing_lines": [], "excluded_lines": [], "start_line": 19}, "index": {"executed_lines": [46, 48, 49, 50, 51, 52, 55, 56, 57, 70, 71, 72, 73, 74, 79, 85, 86, 88, 89, 91, 92, 93, 95, 96, 97, 112, 113, 114, 115, 116, 117, 119, 138, 139, 140, 141, 142, 143, 145, 148, 152, 174], "summary": {"covered_lines": 42, "num_statements": 51, "percent_covered": 82.3529411764706, "percent_covered_display": "82", "missing_lines": 9, "excluded_lines": 12, "percent_statements_covered": 82.3529411764706, "percent_statements_covered_display": "82"}, "missing_lines": [120, 121, 123, 124, 125, 144, 146, 149, 150], "excluded_lines": [58, 59, 60, 80, 81, 82, 107, 108, 109, 133, 134, 135], "start_line": 34}, "health": {"executed_lines": [], "summary": {"covered_lines": 0, "num_statements": 1, "percent_covered": 0.0, "percent_covered_display": "0", "missing_lines": 1, "excluded_lines": 0, "percent_statements_covered": 0.0, "percent_statements_covered_display": "0"}, "missing_lines": [184], "excluded_lines": [], "start_line": 178}, "": {"executed_lines": [8, 9, 10, 12, 13, 14, 16, 19, 32, 33, 34, 177, 178], "summary": {"covered_lines": 13, "num_statements": 13, "percent_covered": 100.0, "percent_covered_display": "100", "missing_lines": 0, "excluded_lines": 0, "percent_statements_covered": 100.0, "percent_statements_covered_display": "100"}, "missing_lines": [], "excluded_lines": [], "start_line": 1}}, "classes": {"": {"executed_lines": [8, 9, 10, 12, 13, 14, 16, 19, 21, 22, 23, 29, 32, 33, 34, 46, 48, 49, 50, 51, 52, 55, 56, 57, 70, 71, 72, 73, 74, 79, 85, 86, 88, 89, 91, 92, 93, 95, 96, 97, 112, 113, 114, 115, 116, 117, 119, 138, 139, 140, 141, 142, 143, 145, 148, 152, 174, 177, 178], "summary": {"covered_lines": 59, "num_statements": 69, "percent_covered": 85.5072463768116, "percent_covered_display": "86", "missing_lines": 10, "excluded_lines": 12, "percent_statements_covered": 85.5072463768116, "percent_statements_covered_display": "86"}, "missing_lines": [120, 121, 123, 124, 125, 144, 146, 149, 150, 184], "excluded_lines": [58, 59, 60, 80, 81, 82, 107, 108, 109, 133, 134, 135], "start_line": 1}}}, "app/routes/planner.py": {"executed_lines": [12, 13, 14, 16, 17, 19, 22, 24, 25, 26, 31, 34, 35, 45, 47, 48, 49, 52, 53, 54, 56, 57, 58, 60, 61, 63, 64, 67, 73, 74, 75, 77, 78, 79, 80, 93, 94, 113, 125, 128, 129, 148, 150, 151, 152, 153, 155, 165, 173, 174, 185, 188, 196, 199, 200, 211, 212, 213, 216, 227, 228, 238, 241, 242, 245, 254], "summary": {"covered_lines": 66, "num_statements": 66, "percent_covered": 100.0, "percent_covered_display": "100", "missing_lines": 0, "excluded_lines": 3, "percent_statements_covered": 100.0, "percent_statements_covered_display": "100"}, "missing_lines": [], "excluded_lines": [109, 110, 111], "functions": {"get_services": {"executed_lines": [24, 25, 26, 31], "summary": {"covered_lines": 4, "num_statements": 4, "percent_covered": 100.0, "percent_covered_display": "100", "missing_lines": 0, "excluded_lines": 0, "percent_statements_covered": 100.0, "percent_statements_covered_display": "100"}, "missing_lines": [], "excluded_lines": [], "start_line": 22}, "index": {"executed_lines": [45, 47, 48, 49, 52, 53, 54, 56, 57, 58, 60, 61, 63, 64, 67, 73, 74, 75, 77, 78, 79, 80, 93, 94, 113, 125], "summary": {"covered_lines": 26, "num_statements": 26, "percent_covered": 100.0, "percent_covered_display": "100", "missing_lines": 0, "excluded_lines": 3, "percent_statements_covered": 100.0, "percent_statements_covered_display": "100"}, "missing_lines": [], "excluded_lines": [109, 110, 111], "start_line": 35}, "analyze": {"executed_lines": [148, 150, 151, 152, 153, 155, 165], "summary": {"covered_lines": 7, "num_statements": 7, "percent_covered": 100.0, "percent_covered_display": "100", "missing_lines": 0, "excluded_lines": 0, "percent_statements_covered": 100.0, "percent_statements_covered_display": "100"}, "missing_lines": [], "excluded_lines": [], "start_line": 129}, "route_detail": {"executed_lines": [185, 188, 196], "summary": {"covered_lines": 3, "num_statements": 3, "percent_covered": 100.0, "percent_covered_display": "100", "missing_lines": 0, "excluded_lines": 0, "percent_statements_covered": 100.0, "percent_statements_covered_display": "100"}, "missing_lines": [], "excluded_lines": [], "start_line": 174}, "api_recommendations": {"executed_lines": [211, 212, 213, 216], "summary": {"covered_lines": 4, "num_statements": 4, "percent_covered": 100.0, "percent_covered_display": "100", "missing_lines": 0, "excluded_lines": 0, "percent_statements_covered": 100.0, "percent_statements_covered_display": "100"}, "missing_lines": [], "excluded_lines": [], "start_line": 200}, "calendar": {"executed_lines": [238, 241, 242, 245, 254], "summary": {"covered_lines": 5, "num_statements": 5, "percent_covered": 100.0, "percent_covered_display": "100", "missing_lines": 0, "excluded_lines": 0, "percent_statements_covered": 100.0, "percent_statements_covered_display": "100"}, "missing_lines": [], "excluded_lines": [], "start_line": 228}, "": {"executed_lines": [12, 13, 14, 16, 17, 19, 22, 34, 35, 128, 129, 173, 174, 199, 200, 227, 228], "summary": {"covered_lines": 17, "num_statements": 17, "percent_covered": 100.0, "percent_covered_display": "100", "missing_lines": 0, "excluded_lines": 0, "percent_statements_covered": 100.0, "percent_statements_covered_display": "100"}, "missing_lines": [], "excluded_lines": [], "start_line": 1}}, "classes": {"": {"executed_lines": [12, 13, 14, 16, 17, 19, 22, 24, 25, 26, 31, 34, 35, 45, 47, 48, 49, 52, 53, 54, 56, 57, 58, 60, 61, 63, 64, 67, 73, 74, 75, 77, 78, 79, 80, 93, 94, 113, 125, 128, 129, 148, 150, 151, 152, 153, 155, 165, 173, 174, 185, 188, 196, 199, 200, 211, 212, 213, 216, 227, 228, 238, 241, 242, 245, 254], "summary": {"covered_lines": 66, "num_statements": 66, "percent_covered": 100.0, "percent_covered_display": "100", "missing_lines": 0, "excluded_lines": 3, "percent_statements_covered": 100.0, "percent_statements_covered_display": "100"}, "missing_lines": [], "excluded_lines": [109, 110, 111], "start_line": 1}}}, "app/routes/route_library.py": {"executed_lines": [12, 13, 15, 16, 17, 19, 22, 24, 25, 26, 27, 30, 31, 32, 33, 37, 42, 45, 46, 56, 57, 58, 59, 60, 62, 67, 68, 69, 72, 73, 74, 75, 76, 77, 79, 83, 86, 89, 90, 91, 92, 94, 129, 132, 133, 147, 149, 150, 151, 153, 155, 156, 161, 162, 175, 178, 179, 190, 191, 192, 194, 195, 196, 198, 201, 202, 204, 206, 224, 225, 236, 237, 239, 241, 242, 243, 245, 247, 261, 262, 268, 269, 270, 272, 274], "summary": {"covered_lines": 85, "num_statements": 85, "percent_covered": 100.0, "percent_covered_display": "100", "missing_lines": 0, "excluded_lines": 17, "percent_statements_covered": 100.0, "percent_statements_covered_display": "100"}, "missing_lines": [], "excluded_lines": [34, 35, 112, 113, 114, 168, 169, 170, 214, 215, 216, 253, 254, 255, 280, 281, 282], "functions": {"get_services": {"executed_lines": [24, 25, 26, 27, 30, 31, 32, 33, 37, 42], "summary": {"covered_lines": 10, "num_statements": 10, "percent_covered": 100.0, "percent_covered_display": "100", "missing_lines": 0, "excluded_lines": 2, "percent_statements_covered": 100.0, "percent_statements_covered_display": "100"}, "missing_lines": [], "excluded_lines": [34, 35], "start_line": 22}, "index": {"executed_lines": [56, 57, 58, 59, 60, 62, 67, 68, 69, 72, 73, 74, 75, 76, 77, 79, 83, 86, 89, 90, 91, 92, 94, 129], "summary": {"covered_lines": 24, "num_statements": 24, "percent_covered": 100.0, "percent_covered_display": "100", "missing_lines": 0, "excluded_lines": 3, "percent_statements_covered": 100.0, "percent_statements_covered_display": "100"}, "missing_lines": [], "excluded_lines": [112, 113, 114], "start_line": 46}, "detail": {"executed_lines": [147, 149, 150, 151, 153, 155, 156, 161, 162, 175], "summary": {"covered_lines": 10, "num_statements": 10, "percent_covered": 100.0, "percent_covered_display": "100", "missing_lines": 0, "excluded_lines": 3, "percent_statements_covered": 100.0, "percent_statements_covered_display": "100"}, "missing_lines": [], "excluded_lines": [168, 169, 170], "start_line": 133}, "api_search": {"executed_lines": [190, 191, 192, 194, 195, 196, 198, 201, 202, 204, 206], "summary": {"covered_lines": 11, "num_statements": 11, "percent_covered": 100.0, "percent_covered_display": "100", "missing_lines": 0, "excluded_lines": 3, "percent_statements_covered": 100.0, "percent_statements_covered_display": "100"}, "missing_lines": [], "excluded_lines": [214, 215, 216], "start_line": 179}, "api_toggle_favorite": {"executed_lines": [236, 237, 239, 241, 242, 243, 245, 247], "summary": {"covered_lines": 8, "num_statements": 8, "percent_covered": 100.0, "percent_covered_display": "100", "missing_lines": 0, "excluded_lines": 3, "percent_statements_covered": 100.0, "percent_statements_covered_display": "100"}, "missing_lines": [], "excluded_lines": [253, 254, 255], "start_line": 225}, "api_library_stats": {"executed_lines": [268, 269, 270, 272, 274], "summary": {"covered_lines": 5, "num_statements": 5, "percent_covered": 100.0, "percent_covered_display": "100", "missing_lines": 0, "excluded_lines": 3, "percent_statements_covered": 100.0, "percent_statements_covered_display": "100"}, "missing_lines": [], "excluded_lines": [280, 281, 282], "start_line": 262}, "": {"executed_lines": [12, 13, 15, 16, 17, 19, 22, 45, 46, 132, 133, 178, 179, 224, 225, 261, 262], "summary": {"covered_lines": 17, "num_statements": 17, "percent_covered": 100.0, "percent_covered_display": "100", "missing_lines": 0, "excluded_lines": 0, "percent_statements_covered": 100.0, "percent_statements_covered_display": "100"}, "missing_lines": [], "excluded_lines": [], "start_line": 1}}, "classes": {"": {"executed_lines": [12, 13, 15, 16, 17, 19, 22, 24, 25, 26, 27, 30, 31, 32, 33, 37, 42, 45, 46, 56, 57, 58, 59, 60, 62, 67, 68, 69, 72, 73, 74, 75, 76, 77, 79, 83, 86, 89, 90, 91, 92, 94, 129, 132, 133, 147, 149, 150, 151, 153, 155, 156, 161, 162, 175, 178, 179, 190, 191, 192, 194, 195, 196, 198, 201, 202, 204, 206, 224, 225, 236, 237, 239, 241, 242, 243, 245, 247, 261, 262, 268, 269, 270, 272, 274], "summary": {"covered_lines": 85, "num_statements": 85, "percent_covered": 100.0, "percent_covered_display": "100", "missing_lines": 0, "excluded_lines": 17, "percent_statements_covered": 100.0, "percent_statements_covered_display": "100"}, "missing_lines": [], "excluded_lines": [34, 35, 112, 113, 114, 168, 169, 170, 214, 215, 216, 253, 254, 255, 280, 281, 282], "start_line": 1}}}, "app/routes/settings.py": {"executed_lines": [13, 14, 16, 17, 19, 22, 32, 33, 53, 54, 81, 82, 99, 100, 114, 115, 144, 145, 181, 182, 212, 213, 235, 236, 267, 268, 300, 301, 330, 331, 365, 366, 380, 381], "summary": {"covered_lines": 34, "num_statements": 107, "percent_covered": 31.77570093457944, "percent_covered_display": "32", "missing_lines": 73, "excluded_lines": 0, "percent_statements_covered": 31.77570093457944, "percent_statements_covered_display": "32"}, "missing_lines": [24, 25, 26, 29, 39, 42, 50, 64, 67, 78, 88, 95, 96, 106, 110, 111, 124, 126, 127, 130, 131, 133, 141, 154, 155, 157, 158, 163, 164, 167, 168, 169, 170, 175, 188, 189, 191, 192, 197, 200, 202, 203, 204, 205, 207, 209, 219, 221, 222, 225, 226, 227, 228, 230, 232, 246, 249, 264, 278, 281, 297, 310, 313, 327, 346, 347, 348, 350, 357, 373, 389, 391, 398], "excluded_lines": [], "functions": {"get_services": {"executed_lines": [], "summary": {"covered_lines": 0, "num_statements": 4, "percent_covered": 0.0, "percent_covered_display": "0", "missing_lines": 4, "excluded_lines": 0, "percent_statements_covered": 0.0, "percent_statements_covered_display": "0"}, "missing_lines": [24, 25, 26, 29], "excluded_lines": [], "start_line": 22}, "index": {"executed_lines": [], "summary": {"covered_lines": 0, "num_statements": 3, "percent_covered": 0.0, "percent_covered_display": "0", "missing_lines": 3, "excluded_lines": 0, "percent_statements_covered": 0.0, "percent_statements_covered_display": "0"}, "missing_lines": [39, 42, 50], "excluded_lines": [], "start_line": 33}, "strava": {"executed_lines": [], "summary": {"covered_lines": 0, "num_statements": 3, "percent_covered": 0.0, "percent_covered_display": "0", "missing_lines": 3, "excluded_lines": 0, "percent_statements_covered": 0.0, "percent_statements_covered_display": "0"}, "missing_lines": [64, 67, 78], "excluded_lines": [], "start_line": 54}, "strava_connect": {"executed_lines": [], "summary": {"covered_lines": 0, "num_statements": 3, "percent_covered": 0.0, "percent_covered_display": "0", "missing_lines": 3, "excluded_lines": 0, "percent_statements_covered": 0.0, "percent_statements_covered_display": "0"}, "missing_lines": [88, 95, 96], "excluded_lines": [], "start_line": 82}, "strava_disconnect": {"executed_lines": [], "summary": {"covered_lines": 0, "num_statements": 3, "percent_covered": 0.0, "percent_covered_display": "0", "missing_lines": 3, "excluded_lines": 0, "percent_statements_covered": 0.0, "percent_statements_covered_display": "0"}, "missing_lines": [106, 110, 111], "excluded_lines": [], "start_line": 100}, "trainerroad": {"executed_lines": [], "summary": {"covered_lines": 0, "num_statements": 7, "percent_covered": 0.0, "percent_covered_display": "0", "missing_lines": 7, "excluded_lines": 0, "percent_statements_covered": 0.0, "percent_statements_covered_display": "0"}, "missing_lines": [124, 126, 127, 130, 131, 133, 141], "excluded_lines": [], "start_line": 115}, "trainerroad_configure": {"executed_lines": [], "summary": {"covered_lines": 0, "num_statements": 11, "percent_covered": 0.0, "percent_covered_display": "0", "missing_lines": 11, "excluded_lines": 0, "percent_statements_covered": 0.0, "percent_statements_covered_display": "0"}, "missing_lines": [154, 155, 157, 158, 163, 164, 167, 168, 169, 170, 175], "excluded_lines": [], "start_line": 145}, "trainerroad_sync": {"executed_lines": [], "summary": {"covered_lines": 0, "num_statements": 12, "percent_covered": 0.0, "percent_covered_display": "0", "missing_lines": 12, "excluded_lines": 0, "percent_statements_covered": 0.0, "percent_statements_covered_display": "0"}, "missing_lines": [188, 189, 191, 192, 197, 200, 202, 203, 204, 205, 207, 209], "excluded_lines": [], "start_line": 182}, "trainerroad_disconnect": {"executed_lines": [], "summary": {"covered_lines": 0, "num_statements": 9, "percent_covered": 0.0, "percent_covered_display": "0", "missing_lines": 9, "excluded_lines": 0, "percent_statements_covered": 0.0, "percent_statements_covered_display": "0"}, "missing_lines": [219, 221, 222, 225, 226, 227, 228, 230, 232], "excluded_lines": [], "start_line": 213}, "weather": {"executed_lines": [], "summary": {"covered_lines": 0, "num_statements": 3, "percent_covered": 0.0, "percent_covered_display": "0", "missing_lines": 3, "excluded_lines": 0, "percent_statements_covered": 0.0, "percent_statements_covered_display": "0"}, "missing_lines": [246, 249, 264], "excluded_lines": [], "start_line": 236}, "routes": {"executed_lines": [], "summary": {"covered_lines": 0, "num_statements": 3, "percent_covered": 0.0, "percent_covered_display": "0", "missing_lines": 3, "excluded_lines": 0, "percent_statements_covered": 0.0, "percent_statements_covered_display": "0"}, "missing_lines": [278, 281, 297], "excluded_lines": [], "start_line": 268}, "notifications": {"executed_lines": [], "summary": {"covered_lines": 0, "num_statements": 3, "percent_covered": 0.0, "percent_covered_display": "0", "missing_lines": 3, "excluded_lines": 0, "percent_statements_covered": 0.0, "percent_statements_covered_display": "0"}, "missing_lines": [310, 313, 327], "excluded_lines": [], "start_line": 301}, "api_update": {"executed_lines": [], "summary": {"covered_lines": 0, "num_statements": 5, "percent_covered": 0.0, "percent_covered_display": "0", "missing_lines": 5, "excluded_lines": 0, "percent_statements_covered": 0.0, "percent_statements_covered_display": "0"}, "missing_lines": [346, 347, 348, 350, 357], "excluded_lines": [], "start_line": 331}, "api_export": {"executed_lines": [], "summary": {"covered_lines": 0, "num_statements": 1, "percent_covered": 0.0, "percent_covered_display": "0", "missing_lines": 1, "excluded_lines": 0, "percent_statements_covered": 0.0, "percent_statements_covered_display": "0"}, "missing_lines": [373], "excluded_lines": [], "start_line": 366}, "api_import": {"executed_lines": [], "summary": {"covered_lines": 0, "num_statements": 3, "percent_covered": 0.0, "percent_covered_display": "0", "missing_lines": 3, "excluded_lines": 0, "percent_statements_covered": 0.0, "percent_statements_covered_display": "0"}, "missing_lines": [389, 391, 398], "excluded_lines": [], "start_line": 381}, "": {"executed_lines": [13, 14, 16, 17, 19, 22, 32, 33, 53, 54, 81, 82, 99, 100, 114, 115, 144, 145, 181, 182, 212, 213, 235, 236, 267, 268, 300, 301, 330, 331, 365, 366, 380, 381], "summary": {"covered_lines": 34, "num_statements": 34, "percent_covered": 100.0, "percent_covered_display": "100", "missing_lines": 0, "excluded_lines": 0, "percent_statements_covered": 100.0, "percent_statements_covered_display": "100"}, "missing_lines": [], "excluded_lines": [], "start_line": 1}}, "classes": {"": {"executed_lines": [13, 14, 16, 17, 19, 22, 32, 33, 53, 54, 81, 82, 99, 100, 114, 115, 144, 145, 181, 182, 212, 213, 235, 236, 267, 268, 300, 301, 330, 331, 365, 366, 380, 381], "summary": {"covered_lines": 34, "num_statements": 107, "percent_covered": 31.77570093457944, "percent_covered_display": "32", "missing_lines": 73, "excluded_lines": 0, "percent_statements_covered": 31.77570093457944, "percent_statements_covered_display": "32"}, "missing_lines": [24, 25, 26, 29, 39, 42, 50, 64, 67, 78, 88, 95, 96, 106, 110, 111, 124, 126, 127, 130, 131, 133, 141, 154, 155, 157, 158, 163, 164, 167, 168, 169, 170, 175, 188, 189, 191, 192, 197, 200, 202, 203, 204, 205, 207, 209, 219, 221, 222, 225, 226, 227, 228, 230, 232, 246, 249, 264, 278, 281, 297, 310, 313, 327, 346, 347, 348, 350, 357, 373, 389, 391, 398], "excluded_lines": [], "start_line": 1}}}, "app/scheduler/__init__.py": {"executed_lines": [34, 35, 42, 44], "summary": {"covered_lines": 4, "num_statements": 4, "percent_covered": 100.0, "percent_covered_display": "100", "missing_lines": 0, "excluded_lines": 0, "percent_statements_covered": 100.0, "percent_statements_covered_display": "100"}, "missing_lines": [], "excluded_lines": [], "functions": {"": {"executed_lines": [34, 35, 42, 44], "summary": {"covered_lines": 4, "num_statements": 4, "percent_covered": 100.0, "percent_covered_display": "100", "missing_lines": 0, "excluded_lines": 0, "percent_statements_covered": 100.0, "percent_statements_covered_display": "100"}, "missing_lines": [], "excluded_lines": [], "start_line": 1}}, "classes": {"": {"executed_lines": [34, 35, 42, 44], "summary": {"covered_lines": 4, "num_statements": 4, "percent_covered": 100.0, "percent_covered_display": "100", "missing_lines": 0, "excluded_lines": 0, "percent_statements_covered": 100.0, "percent_statements_covered_display": "100"}, "missing_lines": [], "excluded_lines": [], "start_line": 1}}}, "app/scheduler/health.py": {"executed_lines": [8, 9, 10, 11, 12, 14, 16, 19, 20, 25, 26, 29, 30, 33, 34, 36, 37, 41, 42, 46, 47, 51, 52, 60, 81, 85, 86, 87, 89, 93, 121, 144, 181, 225, 275, 328], "summary": {"covered_lines": 36, "num_statements": 120, "percent_covered": 30.0, "percent_covered_display": "30", "missing_lines": 84, "excluded_lines": 15, "percent_statements_covered": 30.0, "percent_statements_covered_display": "30"}, "missing_lines": [39, 44, 49, 54, 62, 91, 99, 102, 103, 104, 105, 106, 109, 110, 111, 112, 114, 116, 123, 125, 126, 128, 141, 142, 146, 147, 149, 150, 155, 156, 163, 164, 178, 179, 183, 184, 187, 190, 193, 194, 195, 196, 197, 198, 200, 201, 203, 222, 223, 227, 229, 233, 234, 240, 241, 243, 244, 245, 246, 247, 248, 250, 251, 253, 272, 273, 277, 279, 281, 286, 287, 294, 295, 296, 299, 301, 302, 303, 305, 306, 308, 325, 326, 336], "excluded_lines": [133, 134, 139, 170, 171, 176, 214, 215, 220, 264, 265, 270, 317, 318, 323], "functions": {"SystemHealth.checks_passed": {"executed_lines": [], "summary": {"covered_lines": 0, "num_statements": 1, "percent_covered": 0.0, "percent_covered_display": "0", "missing_lines": 1, "excluded_lines": 0, "percent_statements_covered": 0.0, "percent_statements_covered_display": "0"}, "missing_lines": [39], "excluded_lines": [], "start_line": 37}, "SystemHealth.checks_failed": {"executed_lines": [], "summary": {"covered_lines": 0, "num_statements": 1, "percent_covered": 0.0, "percent_covered_display": "0", "missing_lines": 1, "excluded_lines": 0, "percent_statements_covered": 0.0, "percent_statements_covered_display": "0"}, "missing_lines": [44], "excluded_lines": [], "start_line": 42}, "SystemHealth.checks_degraded": {"executed_lines": [], "summary": {"covered_lines": 0, "num_statements": 1, "percent_covered": 0.0, "percent_covered_display": "0", "missing_lines": 1, "excluded_lines": 0, "percent_statements_covered": 0.0, "percent_statements_covered_display": "0"}, "missing_lines": [49], "excluded_lines": [], "start_line": 47}, "SystemHealth.warnings": {"executed_lines": [], "summary": {"covered_lines": 0, "num_statements": 1, "percent_covered": 0.0, "percent_covered_display": "0", "missing_lines": 1, "excluded_lines": 0, "percent_statements_covered": 0.0, "percent_statements_covered_display": "0"}, "missing_lines": [54], "excluded_lines": [], "start_line": 52}, "SystemHealth.to_dict": {"executed_lines": [], "summary": {"covered_lines": 0, "num_statements": 1, "percent_covered": 0.0, "percent_covered_display": "0", "missing_lines": 1, "excluded_lines": 0, "percent_statements_covered": 0.0, "percent_statements_covered_display": "0"}, "missing_lines": [62], "excluded_lines": [], "start_line": 60}, "HealthChecker.__init__": {"executed_lines": [], "summary": {"covered_lines": 0, "num_statements": 1, "percent_covered": 0.0, "percent_covered_display": "0", "missing_lines": 1, "excluded_lines": 0, "percent_statements_covered": 0.0, "percent_statements_covered_display": "0"}, "missing_lines": [91], "excluded_lines": [], "start_line": 89}, "HealthChecker.check_all": {"executed_lines": [], "summary": {"covered_lines": 0, "num_statements": 12, "percent_covered": 0.0, "percent_covered_display": "0", "missing_lines": 12, "excluded_lines": 0, "percent_statements_covered": 0.0, "percent_statements_covered_display": "0"}, "missing_lines": [99, 102, 103, 104, 105, 106, 109, 110, 111, 112, 114, 116], "excluded_lines": [], "start_line": 93}, "HealthChecker.check_database": {"executed_lines": [], "summary": {"covered_lines": 0, "num_statements": 6, "percent_covered": 0.0, "percent_covered_display": "0", "missing_lines": 6, "excluded_lines": 3, "percent_statements_covered": 0.0, "percent_statements_covered_display": "0"}, "missing_lines": [123, 125, 126, 128, 141, 142], "excluded_lines": [133, 134, 139], "start_line": 121}, "HealthChecker.check_cache_files": {"executed_lines": [], "summary": {"covered_lines": 0, "num_statements": 10, "percent_covered": 0.0, "percent_covered_display": "0", "missing_lines": 10, "excluded_lines": 3, "percent_statements_covered": 0.0, "percent_statements_covered_display": "0"}, "missing_lines": [146, 147, 149, 150, 155, 156, 163, 164, 178, 179], "excluded_lines": [170, 171, 176], "start_line": 144}, "HealthChecker.check_disk_space": {"executed_lines": [], "summary": {"covered_lines": 0, "num_statements": 15, "percent_covered": 0.0, "percent_covered_display": "0", "missing_lines": 15, "excluded_lines": 3, "percent_statements_covered": 0.0, "percent_statements_covered_display": "0"}, "missing_lines": [183, 184, 187, 190, 193, 194, 195, 196, 197, 198, 200, 201, 203, 222, 223], "excluded_lines": [214, 215, 220], "start_line": 181}, "HealthChecker.check_analysis_freshness": {"executed_lines": [], "summary": {"covered_lines": 0, "num_statements": 17, "percent_covered": 0.0, "percent_covered_display": "0", "missing_lines": 17, "excluded_lines": 3, "percent_statements_covered": 0.0, "percent_statements_covered_display": "0"}, "missing_lines": [227, 229, 233, 234, 240, 241, 243, 244, 245, 246, 247, 248, 250, 251, 253, 272, 273], "excluded_lines": [264, 265, 270], "start_line": 225}, "HealthChecker.check_recent_job_failures": {"executed_lines": [], "summary": {"covered_lines": 0, "num_statements": 17, "percent_covered": 0.0, "percent_covered_display": "0", "missing_lines": 17, "excluded_lines": 3, "percent_statements_covered": 0.0, "percent_statements_covered_display": "0"}, "missing_lines": [277, 279, 281, 286, 287, 294, 295, 296, 299, 301, 302, 303, 305, 306, 308, 325, 326], "excluded_lines": [317, 318, 323], "start_line": 275}, "HealthChecker.get_last_known_good_snapshot": {"executed_lines": [], "summary": {"covered_lines": 0, "num_statements": 1, "percent_covered": 0.0, "percent_covered_display": "0", "missing_lines": 1, "excluded_lines": 0, "percent_statements_covered": 0.0, "percent_statements_covered_display": "0"}, "missing_lines": [336], "excluded_lines": [], "start_line": 328}, "": {"executed_lines": [8, 9, 10, 11, 12, 14, 16, 19, 20, 25, 26, 29, 30, 33, 34, 36, 37, 41, 42, 46, 47, 51, 52, 60, 81, 85, 86, 87, 89, 93, 121, 144, 181, 225, 275, 328], "summary": {"covered_lines": 36, "num_statements": 36, "percent_covered": 100.0, "percent_covered_display": "100", "missing_lines": 0, "excluded_lines": 0, "percent_statements_covered": 100.0, "percent_statements_covered_display": "100"}, "missing_lines": [], "excluded_lines": [], "start_line": 1}}, "classes": {"HealthCheck": {"executed_lines": [], "summary": {"covered_lines": 0, "num_statements": 0, "percent_covered": 100.0, "percent_covered_display": "100", "missing_lines": 0, "excluded_lines": 0, "percent_statements_covered": 100.0, "percent_statements_covered_display": "100"}, "missing_lines": [], "excluded_lines": [], "start_line": 20}, "SystemHealth": {"executed_lines": [], "summary": {"covered_lines": 0, "num_statements": 5, "percent_covered": 0.0, "percent_covered_display": "0", "missing_lines": 5, "excluded_lines": 0, "percent_statements_covered": 0.0, "percent_statements_covered_display": "0"}, "missing_lines": [39, 44, 49, 54, 62], "excluded_lines": [], "start_line": 30}, "HealthChecker": {"executed_lines": [], "summary": {"covered_lines": 0, "num_statements": 79, "percent_covered": 0.0, "percent_covered_display": "0", "missing_lines": 79, "excluded_lines": 15, "percent_statements_covered": 0.0, "percent_
[...]
red": 8.038585209003216, "percent_statements_covered_display": "8"}, "missing_lines": [77, 81, 82, 83, 98, 99, 100, 102, 103, 104, 106, 107, 109, 110, 113, 114, 116, 117, 118, 121, 124, 125, 131, 132, 133, 136, 137, 138, 140, 146, 147, 170, 171, 172, 173, 175, 176, 179, 182, 184, 185, 186, 206, 207, 210, 213, 216, 217, 218, 219, 221, 222, 224, 226, 227, 230, 231, 234, 235, 238, 239, 241, 254, 255, 258, 261, 264, 267, 270, 271, 273, 274, 275, 276, 277, 278, 281, 282, 284, 298, 300, 301, 303, 306, 308, 310, 313, 318, 320, 321, 324, 325, 327, 341, 343, 344, 346, 348, 349, 351, 352, 353, 355, 367, 368, 371, 383, 385, 386, 387, 389, 390, 391, 393, 395, 397, 398, 400, 401, 408, 409, 412, 413, 416, 417, 418, 420, 421, 422, 423, 425, 427, 440, 441, 443, 447, 449, 451, 452, 454, 455, 457, 460, 466, 469, 476, 481, 486, 495, 496, 497, 499, 501, 503, 504, 506, 507, 510, 512, 514, 515, 516, 517, 519, 520, 524, 525, 528, 539, 540, 541, 544, 545, 546, 548, 555, 556, 559, 562, 564, 576, 577, 579, 582, 591, 592, 596, 599, 601, 602, 603, 605, 617, 620, 625, 630, 633, 634, 635, 636, 637, 638, 639, 642, 643, 645, 646, 647, 648, 650, 653, 655, 658, 659, 661, 662, 664, 665, 667, 669, 671, 674, 687, 688, 689, 690, 693, 694, 695, 697, 700, 701, 704, 705, 708, 709, 712, 713, 716, 717, 718, 720, 723, 724, 727, 728, 729, 743, 744, 746, 750, 752, 753, 755, 756, 758, 766, 767, 768, 769, 771, 773, 774, 776, 777, 780, 782, 784, 785, 786, 787, 789, 790, 794, 795, 798, 804, 819, 821, 822, 823, 824, 825, 827, 829, 830], "excluded_lines": [75, 76, 84, 85, 120, 126, 127, 148, 149, 150, 188, 189, 190, 192, 193, 442, 448, 505, 509, 518, 522, 527, 530, 531, 532, 745, 749, 775, 779, 788, 792, 797, 800, 801, 802], "start_line": 21}, "": {"executed_lines": [8, 9, 10, 11, 12, 13, 14, 15, 16, 18, 21, 24, 69, 79, 87, 129, 152, 195, 249, 286, 329, 357, 373, 429, 536, 550, 566, 607, 676, 731, 806], "summary": {"covered_lines": 31, "num_statements": 31, "percent_covered": 100.0, "percent_covered_display": "100", "missing_lines": 0, "excluded_lines": 0, "percent_statements_covered": 100.0, "percent_statements_covered_display": "100"}, "missing_lines": [], "excluded_lines": [], "start_line": 1}}}, "src/units.py": {"executed_lines": [7, 9, 12, 15, 22, 24, 35, 36, 37, 39, 40, 42, 52, 53, 55, 57, 61, 72, 73, 74, 76, 77, 79, 89, 90, 92, 94, 98, 109, 110, 111, 114, 116, 131, 135, 146, 147, 148, 150, 152, 167, 171, 182, 183, 184, 186, 188, 203], "summary": {"covered_lines": 48, "num_statements": 62, "percent_covered": 77.41935483870968, "percent_covered_display": "77", "missing_lines": 14, "excluded_lines": 0, "percent_statements_covered": 77.41935483870968, "percent_statements_covered_display": "77"}, "missing_lines": [59, 96, 126, 127, 129, 133, 162, 163, 165, 169, 198, 199, 201, 205], "excluded_lines": [], "functions": {"UnitConverter.__init__": {"executed_lines": [22], "summary": {"covered_lines": 1, "num_statements": 1, "percent_covered": 100.0, "percent_covered_display": "100", "missing_lines": 0, "excluded_lines": 0, "percent_statements_covered": 100.0, "percent_statements_covered_display": "100"}, "missing_lines": [], "excluded_lines": [], "start_line": 15}, "UnitConverter.distance": {"executed_lines": [35, 36, 37, 39, 40], "summary": {"covered_lines": 5, "num_statements": 5, "percent_covered": 100.0, "percent_covered_display": "100", "missing_lines": 0, "excluded_lines": 0, "percent_statements_covered": 100.0, "percent_statements_covered_display": "100"}, "missing_lines": [], "excluded_lines": [], "start_line": 24}, "UnitConverter.distance_value": {"executed_lines": [52, 53, 55], "summary": {"covered_lines": 3, "num_statements": 3, "percent_covered": 100.0, "percent_covered_display": "100", "missing_lines": 0, "excluded_lines": 0, "percent_statements_covered": 100.0, "percent_statements_covered_display": "100"}, "missing_lines": [], "excluded_lines": [], "start_line": 42}, "UnitConverter.distance_unit": {"executed_lines": [], "summary": {"covered_lines": 0, "num_statements": 1, "percent_covered": 0.0, "percent_covered_display": "0", "missing_lines": 1, "excluded_lines": 0, "percent_statements_covered": 0.0, "percent_statements_covered_display": "0"}, "missing_lines": [59], "excluded_lines": [], "start_line": 57}, "UnitConverter.speed": {"executed_lines": [72, 73, 74, 76, 77], "summary": {"covered_lines": 5, "num_statements": 5, "percent_covered": 100.0, "percent_covered_display": "100", "missing_lines": 0, "excluded_lines": 0, "percent_statements_covered": 100.0, "percent_statements_covered_display": "100"}, "missing_lines": [], "excluded_lines": [], "start_line": 61}, "UnitConverter.speed_value": {"executed_lines": [89, 90, 92], "summary": {"covered_lines": 3, "num_statements": 3, "percent_covered": 100.0, "percent_covered_display": "100", "missing_lines": 0, "excluded_lines": 0, "percent_statements_covered": 100.0, "percent_statements_covered_display": "100"}, "missing_lines": [], "excluded_lines": [], "start_line": 79}, "UnitConverter.speed_unit": {"executed_lines": [], "summary": {"covered_lines": 0, "num_statements": 1, "percent_covered": 0.0, "percent_covered_display": "0", "missing_lines": 1, "excluded_lines": 0, "percent_statements_covered": 0.0, "percent_statements_covered_display": "0"}, "missing_lines": [96], "excluded_lines": [], "start_line": 94}, "UnitConverter.wind_speed": {"executed_lines": [109, 110, 111, 114], "summary": {"covered_lines": 4, "num_statements": 4, "percent_covered": 100.0, "percent_covered_display": "100", "missing_lines": 0, "excluded_lines": 0, "percent_statements_covered": 100.0, "percent_statements_covered_display": "100"}, "missing_lines": [], "excluded_lines": [], "start_line": 98}, "UnitConverter.wind_speed_value": {"executed_lines": [], "summary": {"covered_lines": 0, "num_statements": 3, "percent_covered": 0.0, "percent_covered_display": "0", "missing_lines": 3, "excluded_lines": 0, "percent_statements_covered": 0.0, "percent_statements_covered_display": "0"}, "missing_lines": [126, 127, 129], "excluded_lines": [], "start_line": 116}, "UnitConverter.wind_speed_unit": {"executed_lines": [], "summary": {"covered_lines": 0, "num_statements": 1, "percent_covered": 0.0, "percent_covered_display": "0", "missing_lines": 1, "excluded_lines": 0, "percent_statements_covered": 0.0, "percent_statements_covered_display": "0"}, "missing_lines": [133], "excluded_lines": [], "start_line": 131}, "UnitConverter.temperature": {"executed_lines": [146, 147, 148, 150], "summary": {"covered_lines": 4, "num_statements": 4, "percent_covered": 100.0, "percent_covered_display": "100", "missing_lines": 0, "excluded_lines": 0, "percent_statements_covered": 100.0, "percent_statements_covered_display": "100"}, "missing_lines": [], "excluded_lines": [], "start_line": 135}, "UnitConverter.temperature_value": {"executed_lines": [], "summary": {"covered_lines": 0, "num_statements": 3, "percent_covered": 0.0, "percent_covered_display": "0", "missing_lines": 3, "excluded_lines": 0, "percent_statements_covered": 0.0, "percent_statements_covered_display": "0"}, "missing_lines": [162, 163, 165], "excluded_lines": [], "start_line": 152}, "UnitConverter.temperature_unit": {"executed_lines": [], "summary": {"covered_lines": 0, "num_statements": 1, "percent_covered": 0.0, "percent_covered_display": "0", "missing_lines": 1, "excluded_lines": 0, "percent_statements_covered": 0.0, "percent_statements_covered_display": "0"}, "missing_lines": [169], "excluded_lines": [], "start_line": 167}, "UnitConverter.elevation": {"executed_lines": [182, 183, 184, 186], "summary": {"covered_lines": 4, "num_statements": 4, "percent_covered": 100.0, "percent_covered_display": "100", "missing_lines": 0, "excluded_lines": 0, "percent_statements_covered": 100.0, "percent_statements_covered_display": "100"}, "missing_lines": [], "excluded_lines": [], "start_line": 171}, "UnitConverter.elevation_value": {"executed_lines": [], "summary": {"covered_lines": 0, "num_statements": 3, "percent_covered": 0.0, "percent_covered_display": "0", "missing_lines": 3, "excluded_lines": 0, "percent_statements_covered": 0.0, "percent_statements_covered_display": "0"}, "missing_lines": [198, 199, 201], "excluded_lines": [], "start_line": 188}, "UnitConverter.elevation_unit": {"executed_lines": [], "summary": {"covered_lines": 0, "num_statements": 1, "percent_covered": 0.0, "percent_covered_display": "0", "missing_lines": 1, "excluded_lines": 0, "percent_statements_covered": 0.0, "percent_statements_covered_display": "0"}, "missing_lines": [205], "excluded_lines": [], "start_line": 203}, "": {"executed_lines": [7, 9, 12, 15, 24, 42, 57, 61, 79, 94, 98, 116, 131, 135, 152, 167, 171, 188, 203], "summary": {"covered_lines": 19, "num_statements": 19, "percent_covered": 100.0, "percent_covered_display": "100", "missing_lines": 0, "excluded_lines": 0, "percent_statements_covered": 100.0, "percent_statements_covered_display": "100"}, "missing_lines": [], "excluded_lines": [], "start_line": 1}}, "classes": {"UnitConverter": {"executed_lines": [22, 35, 36, 37, 39, 40, 52, 53, 55, 72, 73, 74, 76, 77, 89, 90, 92, 109, 110, 111, 114, 146, 147, 148, 150, 182, 183, 184, 186], "summary": {"covered_lines": 29, "num_statements": 43, "percent_covered": 67.44186046511628, "percent_covered_display": "67", "missing_lines": 14, "excluded_lines": 0, "percent_statements_covered": 67.44186046511628, "percent_statements_covered_display": "67"}, "missing_lines": [59, 96, 126, 127, 129, 133, 162, 163, 165, 169, 198, 199, 201, 205], "excluded_lines": [], "start_line": 12}, "": {"executed_lines": [7, 9, 12, 15, 24, 42, 57, 61, 79, 94, 98, 116, 131, 135, 152, 167, 171, 188, 203], "summary": {"covered_lines": 19, "num_statements": 19, "percent_covered": 100.0, "percent_covered_display": "100", "missing_lines": 0, "excluded_lines": 0, "percent_statements_covered": 100.0, "percent_statements_covered_display": "100"}, "missing_lines": [], "excluded_lines": [], "start_line": 1}}}, "src/weather_fetcher.py": {"executed_lines": [8, 9, 10, 11, 12, 13, 14, 15, 16, 17, 18, 20, 23, 26, 36, 37, 38, 39, 42, 43, 44, 45, 47, 48, 51, 52, 54, 61, 63, 65, 66, 67, 70, 71, 73, 74, 80, 86, 88, 90, 91, 92, 93, 98, 99, 106, 117, 119, 120, 123, 124, 132, 133, 134, 138, 140, 142, 154, 155, 156, 158, 159, 168, 169, 171, 173, 176, 178, 179, 192, 196, 202, 204, 210, 262, 274, 275, 285, 286, 288, 290, 293, 294, 296, 297, 306, 308, 309, 315, 325, 329, 335, 336, 337, 338, 339, 341, 346, 347, 359, 362, 364, 365, 375, 377, 378, 380, 381, 434, 437, 438, 450, 451, 453, 455, 456, 458, 459, 461, 463, 464, 482, 485, 486, 489, 493, 494, 496, 502, 520, 524, 525, 530, 531, 534, 536, 537, 538, 542, 543, 544, 547, 548, 549, 552, 555, 560, 562, 563, 564, 567, 569, 570, 571, 580, 583, 586, 587, 593, 604, 606], "summary": {"covered_lines": 161, "num_statements": 218, "percent_covered": 73.85321100917432, "percent_covered_display": "74", "missing_lines": 57, "excluded_lines": 12, "percent_statements_covered": 73.85321100917432, "percent_statements_covered_display": "74"}, "missing_lines": [82, 84, 126, 129, 174, 206, 208, 223, 224, 234, 235, 237, 239, 240, 242, 243, 245, 246, 254, 256, 258, 260, 291, 311, 313, 326, 343, 400, 401, 404, 405, 406, 407, 408, 409, 410, 411, 412, 413, 414, 415, 416, 417, 418, 420, 421, 422, 423, 425, 521, 532, 573, 574, 581, 588, 589, 591], "excluded_lines": [62, 79, 83, 101, 103, 104, 127, 135, 207, 259, 312, 342], "functions": {"WeatherFetcher.__init__": {"executed_lines": [36, 37, 38, 39, 42, 43, 44, 45, 47, 48, 51, 52], "summary": {"covered_lines": 12, "num_statements": 12, "percent_covered": 100.0, "percent_covered_display": "100", "missing_lines": 0, "excluded_lines": 0, "percent_statements_covered": 100.0, "percent_statements_covered_display": "100"}, "missing_lines": [], "excluded_lines": [], "start_line": 26}, "WeatherFetcher._load_cache": {"executed_lines": [61, 63, 65, 66, 67, 70, 71, 73, 74, 80], "summary": {"covered_lines": 10, "num_statements": 12, "percent_covered": 83.33333333333333, "percent_covered_display": "83", "missing_lines": 2, "excluded_lines": 3, "percent_statements_covered": 83.33333333333333, "percent_statements_covered_display": "83"}, "missing_lines": [82, 84], "excluded_lines": [62, 79, 83], "start_line": 54}, "WeatherFetcher._save_cache": {"executed_lines": [88, 90, 91, 92, 93, 98, 99], "summary": {"covered_lines": 7, "num_statements": 7, "percent_covered": 100.0, "percent_covered_display": "100", "missing_lines": 0, "excluded_lines": 3, "percent_statements_covered": 100.0, "percent_statements_covered_display": "100"}, "missing_lines": [], "excluded_lines": [101, 103, 104], "start_line": 86}, "WeatherFetcher._find_cached_weather": {"executed_lines": [117, 119, 120, 123, 124, 132, 133, 134, 138, 140], "summary": {"covered_lines": 10, "num_statements": 12, "percent_covered": 83.33333333333333, "percent_covered_display": "83", "missing_lines": 2, "excluded_lines": 2, "percent_statements_covered": 83.33333333333333, "percent_statements_covered_display": "83"}, "missing_lines": [126, 129], "excluded_lines": [127, 135], "start_line": 106}, "WeatherFetcher.get_current_conditions": {"executed_lines": [154, 155, 156, 158, 159, 168, 169, 171, 173, 176, 178, 179, 192, 196, 202, 204], "summary": {"covered_lines": 16, "num_statements": 19, "percent_covered": 84.21052631578948, "percent_covered_display": "84", "missing_lines": 3, "excluded_lines": 1, "percent_statements_covered": 84.21052631578948, "percent_statements_covered_display": "84"}, "missing_lines": [174, 206, 208], "excluded_lines": [207], "start_line": 142}, "WeatherFetcher.get_hourly_forecast": {"executed_lines": [], "summary": {"covered_lines": 0, "num_statements": 15, "percent_covered": 0.0, "percent_covered_display": "0", "missing_lines": 15, "excluded_lines": 1, "percent_statements_covered": 0.0, "percent_statements_covered_display": "0"}, "missing_lines": [223, 224, 234, 235, 237, 239, 240, 242, 243, 245, 246, 254, 256, 258, 260], "excluded_lines": [259], "start_line": 210}, "WeatherFetcher.get_daily_forecast": {"executed_lines": [274, 275, 285, 286, 288, 290, 293, 294, 296, 297, 306, 308, 309], "summary": {"covered_lines": 13, "num_statements": 16, "percent_covered": 81.25, "percent_covered_display": "81", "missing_lines": 3, "excluded_lines": 1, "percent_statements_covered": 81.25, "percent_statements_covered_display": "81"}, "missing_lines": [291, 311, 313], "excluded_lines": [312], "start_line": 262}, "WeatherFetcher.get_route_weather": {"executed_lines": [325, 329, 335, 336, 337, 338, 339, 341, 346, 347, 359, 362], "summary": {"covered_lines": 12, "num_statements": 14, "percent_covered": 85.71428571428571, "percent_covered_display": "86", "missing_lines": 2, "excluded_lines": 1, "percent_statements_covered": 85.71428571428571, "percent_statements_covered_display": "86"}, "missing_lines": [326, 343], "excluded_lines": [342], "start_line": 315}, "WeatherFetcher.degrees_to_cardinal": {"executed_lines": [375, 377, 378], "summary": {"covered_lines": 3, "num_statements": 3, "percent_covered": 100.0, "percent_covered_display": "100", "missing_lines": 0, "excluded_lines": 0, "percent_statements_covered": 100.0, "percent_statements_covered_display": "100"}, "missing_lines": [], "excluded_lines": [], "start_line": 365}, "WeatherFetcher.get_prevailing_wind_direction": {"executed_lines": [], "summary": {"covered_lines": 0, "num_statements": 22, "percent_covered": 0.0, "percent_covered_display": "0", "missing_lines": 22, "excluded_lines": 0, "percent_statements_covered": 0.0, "percent_statements_covered_display": "0"}, "missing_lines": [400, 401, 404, 405, 406, 407, 408, 409, 410, 411, 412, 413, 414, 415, 416, 417, 418, 420, 421, 422, 423, 425], "excluded_lines": [], "start_line": 381}, "WindImpactCalculator.calculate_bearing": {"executed_lines": [450, 451, 453, 455, 456, 458, 459, 461], "summary": {"covered_lines": 8, "num_statements": 8, "percent_covered": 100.0, "percent_covered_display": "100", "missing_lines": 0, "excluded_lines": 0, "percent_statements_covered": 100.0, "percent_statements_covered_display": "100"}, "missing_lines": [], "excluded_lines": [], "start_line": 438}, "WindImpactCalculator.calculate_wind_component": {"executed_lines": [482, 485, 486, 489, 493, 494, 496], "summary": {"covered_lines": 7, "num_statements": 7, "percent_covered": 100.0, "percent_covered_display": "100", "missing_lines": 0, "excluded_lines": 0, "percent_statements_covered": 100.0, "percent_statements_covered_display": "100"}, "missing_lines": [], "excluded_lines": [], "start_line": 464}, "WindImpactCalculator.analyze_route_wind_impact": {"executed_lines": [520, 524, 525, 530, 531, 534, 536, 537, 538, 542, 543, 544, 547, 548, 549, 552, 555, 560, 562, 563, 564, 567, 569, 570, 571, 580, 583, 586, 587, 593, 604, 606], "summary": {"covered_lines": 32, "num_statements": 40, "percent_covered": 80.0, "percent_covered_display": "80", "missing_lines": 8, "excluded_lines": 0, "percent_statements_covered": 80.0, "percent_statements_covered_display": "80"}, "missing_lines": [521, 532, 573, 574, 581, 588, 589, 591], "excluded_lines": [], "start_line": 502}, "": {"executed_lines": [8, 9, 10, 11, 12, 13, 14, 15, 16, 17, 18, 20, 23, 26, 54, 86, 106, 142, 210, 262, 315, 364, 365, 380, 381, 434, 437, 438, 463, 464, 502], "summary": {"covered_lines": 31, "num_statements": 31, "percent_covered": 100.0, "percent_covered_display": "100", "missing_lines": 0, "excluded_lines": 0, "percent_statements_covered": 100.0, "percent_statements_covered_display": "100"}, "missing_lines": [], "excluded_lines": [], "start_line": 1}}, "classes": {"WeatherFetcher": {"executed_lines": [36, 37, 38, 39, 42, 43, 44, 45, 47, 48, 51, 52, 61, 63, 65, 66, 67, 70, 71, 73, 74, 80, 88, 90, 91, 92, 93, 98, 99, 117, 119, 120, 123, 124, 132, 133, 134, 138, 140, 154, 155, 156, 158, 159, 168, 169, 171, 173, 176, 178, 179, 192, 196, 202, 204, 274, 275, 285, 286, 288, 290, 293, 294, 296, 297, 306, 308, 309, 325, 329, 335, 336, 337, 338, 339, 341, 346, 347, 359, 362, 375, 377, 378], "summary": {"covered_lines": 83, "num_statements": 132, "percent_covered": 62.878787878787875, "percent_covered_display": "63", "missing_lines": 49, "excluded_lines": 12, "percent_statements_covered": 62.878787878787875, "percent_statements_covered_display": "63"}, "missing_lines": [82, 84, 126, 129, 174, 206, 208, 223, 224, 234, 235, 237, 239, 240, 242, 243, 245, 246, 254, 256, 258, 260, 291, 311, 313, 326, 343, 400, 401, 404, 405, 406, 407, 408, 409, 410, 411, 412, 413, 414, 415, 416, 417, 418, 420, 421, 422, 423, 425], "excluded_lines": [62, 79, 83, 101, 103, 104, 127, 135, 207, 259, 312, 342], "start_line": 23}, "WindImpactCalculator": {"executed_lines": [450, 451, 453, 455, 456, 458, 459, 461, 482, 485, 486, 489, 493, 494, 496, 520, 524, 525, 530, 531, 534, 536, 537, 538, 542, 543, 544, 547, 548, 549, 552, 555, 560, 562, 563, 564, 567, 569, 570, 571, 580, 583, 586, 587, 593, 604, 606], "summary": {"covered_lines": 47, "num_statements": 55, "percent_covered": 85.45454545454545, "percent_covered_display": "85", "missing_lines": 8, "excluded_lines": 0, "percent_statements_covered": 85.45454545454545, "percent_statements_covered_display": "85"}, "missing_lines": [521, 532, 573, 574, 581, 588, 589, 591], "excluded_lines": [], "start_line": 434}, "": {"executed_lines": [8, 9, 10, 11, 12, 13, 14, 15, 16, 17, 18, 20, 23, 26, 54, 86, 106, 142, 210, 262, 315, 364, 365, 380, 381, 434, 437, 438, 463, 464, 502], "summary": {"covered_lines": 31, "num_statements": 31, "percent_covered": 100.0, "percent_covered_display": "100", "missing_lines": 0, "excluded_lines": 0, "percent_statements_covered": 100.0, "percent_statements_covered_display": "100"}, "missing_lines": [], "excluded_lines": [], "start_line": 1}}}}, "totals": {"covered_lines": 3057, "num_statements": 5293, "percent_covered": 57.75552616663518, "percent_covered_display": "58", "missing_lines": 2236, "excluded_lines": 463, "percent_statements_covered": 57.75552616663518, "percent_statements_covered_display": "58"}}